

================================================================
== Vivado HLS Report for 'myproject'
================================================================
* Date:           Sat Jul 15 21:36:26 2023

* Version:        2019.2 (Build 2704478 on Wed Nov 06 22:10:23 MST 2019)
* Project:        myproject_prj
* Solution:       solution1
* Product family: zynquplus
* Target device:  xczu7ev-ffvc1156-2-e


================================================================
== Performance Estimates
================================================================
+ Timing: 
    * Summary: 
    +--------+---------+----------+------------+
    |  Clock |  Target | Estimated| Uncertainty|
    +--------+---------+----------+------------+
    |ap_clk  | 5.00 ns | 4.204 ns |   0.62 ns  |
    +--------+---------+----------+------------+

+ Latency: 
    * Summary: 
    +---------+---------+-----------+-----------+-------+---------+----------+
    |  Latency (cycles) |   Latency (absolute)  |     Interval    | Pipeline |
    |   min   |   max   |    min    |    max    |  min  |   max   |   Type   |
    +---------+---------+-----------+-----------+-------+---------+----------+
    |  6136203|  6136203| 30.681 ms | 30.681 ms |  45002|  6133122| dataflow |
    +---------+---------+-----------+-----------+-------+---------+----------+

    + Detail: 
        * Instance: 
        +-------------------------------------------------------------------------+------------------------------------------------------------------------+---------+---------+-----------+-----------+-------+---------+----------+
        |                                                                         |                                                                        |  Latency (cycles) |   Latency (absolute)  |     Interval    | Pipeline |
        |                                 Instance                                |                                 Module                                 |   min   |   max   |    min    |    max    |  min  |   max   |   Type   |
        +-------------------------------------------------------------------------+------------------------------------------------------------------------+---------+---------+-----------+-----------+-------+---------+----------+
        |conv_2d_cl_array_ap_fixed_18u_array_ap_fixed_16_6_5_3_0_12u_config8_U0   |conv_2d_cl_array_ap_fixed_18u_array_ap_fixed_16_6_5_3_0_12u_config8_s   |     2593|  1682209| 12.965 us |  8.411 ms |   2593|  1682209|   none   |
        |conv_2d_cl_array_ap_fixed_10u_array_ap_fixed_16_6_5_3_0_18u_config5_U0   |conv_2d_cl_array_ap_fixed_10u_array_ap_fixed_16_6_5_3_0_18u_config5_s   |    10953|  6133121| 54.765 us | 30.666 ms |  10953|  6133121|   none   |
        |conv_2d_cl_array_ap_fixed_12u_array_ap_fixed_16_6_5_3_0_8u_config11_U0   |conv_2d_cl_array_ap_fixed_12u_array_ap_fixed_16_6_5_3_0_8u_config11_s   |      579|   173401|  2.895 us |  0.867 ms |    579|   173401|   none   |
        |conv_2d_cl_array_ap_fixed_8u_array_ap_fixed_16_6_5_3_0_12u_config14_U0   |conv_2d_cl_array_ap_fixed_8u_array_ap_fixed_16_6_5_3_0_12u_config14_s   |       99|    31116|  0.495 us |  0.156 ms |     99|    31116|   none   |
        |dense_array_ap_fixed_12u_array_ap_fixed_16_6_5_3_0_12u_config18_U0       |dense_array_ap_fixed_12u_array_ap_fixed_16_6_5_3_0_12u_config18_s       |      460|      460|  2.300 us |  2.300 us |    460|      460|   none   |
        |conv_2d_cl_array_ap_fixed_1u_array_ap_fixed_16_6_5_3_0_10u_config2_U0    |conv_2d_cl_array_ap_fixed_1u_array_ap_fixed_16_6_5_3_0_10u_config2_s    |    45001|  1665001|  0.225 ms |  8.325 ms |  45001|  1665001|   none   |
        |pooling2d_cl_array_array_ap_fixed_16_6_5_3_0_18u_config7_U0              |pooling2d_cl_array_array_ap_fixed_16_6_5_3_0_18u_config7_s              |     5187|     5187| 25.935 us | 25.935 us |   5187|     5187|   none   |
        |pooling2d_cl_array_array_ap_fixed_16_6_5_3_0_12u_config10_U0             |pooling2d_cl_array_array_ap_fixed_16_6_5_3_0_12u_config10_s             |     1159|     1159|  5.795 us |  5.795 us |   1159|     1159|   none   |
        |pooling2d_cl_array_array_ap_fixed_16_6_5_3_0_12u_config16_U0             |pooling2d_cl_array_array_ap_fixed_16_6_5_3_0_12u_config16_s             |       28|       28|  0.140 us |  0.140 us |     28|       28|   none   |
        |pooling2d_cl_array_array_ap_fixed_16_6_5_3_0_10u_config4_U0              |pooling2d_cl_array_array_ap_fixed_16_6_5_3_0_10u_config4_s              |    21907|    21907|  0.110 ms |  0.110 ms |  21907|    21907|   none   |
        |pooling2d_cl_array_ap_fixed_8u_array_ap_fixed_16_6_5_3_0_8u_config13_U0  |pooling2d_cl_array_ap_fixed_8u_array_ap_fixed_16_6_5_3_0_8u_config13_s  |      228|      228|  1.140 us |  1.140 us |    228|      228|   none   |
        |relu_array_ap_fixed_18u_array_ap_fixed_16_6_5_3_0_18u_relu_config6_U0    |relu_array_ap_fixed_18u_array_ap_fixed_16_6_5_3_0_18u_relu_config6_s    |     5187|     5187| 25.935 us | 25.935 us |   5187|     5187|   none   |
        |relu_array_ap_fixed_12u_array_ap_fixed_16_6_5_3_0_12u_relu_config9_U0    |relu_array_ap_fixed_12u_array_ap_fixed_16_6_5_3_0_12u_relu_config9_s    |     1159|     1159|  5.795 us |  5.795 us |   1159|     1159|   none   |
        |relu_array_ap_fixed_12u_array_ap_fixed_16_6_5_3_0_12u_relu_config15_U0   |relu_array_ap_fixed_12u_array_ap_fixed_16_6_5_3_0_12u_relu_config15_s   |       28|       28|  0.140 us |  0.140 us |     28|       28|   none   |
        |dense_array_ap_fixed_12u_array_ap_fixed_16_6_5_3_0_1u_config20_U0        |dense_array_ap_fixed_12u_array_ap_fixed_16_6_5_3_0_1u_config20_s        |       12|       12| 60.000 ns | 60.000 ns |     12|       12|   none   |
        |relu_array_ap_fixed_12u_array_ap_fixed_16_6_5_3_0_12u_relu_config19_U0   |relu_array_ap_fixed_12u_array_ap_fixed_16_6_5_3_0_12u_relu_config19_s   |        1|        1|  5.000 ns |  5.000 ns |      1|        1| function |
        |relu_array_ap_fixed_10u_array_ap_fixed_16_6_5_3_0_10u_relu_config3_U0    |relu_array_ap_fixed_10u_array_ap_fixed_16_6_5_3_0_10u_relu_config3_s    |    21907|    21907|  0.110 ms |  0.110 ms |  21907|    21907|   none   |
        |relu_array_ap_fixed_8u_array_ap_fixed_16_6_5_3_0_8u_relu_config12_U0     |relu_array_ap_fixed_8u_array_ap_fixed_16_6_5_3_0_8u_relu_config12_s     |      228|      228|  1.140 us |  1.140 us |    228|      228|   none   |
        |sigmoid_array_array_ap_fixed_16_6_5_3_0_1u_sigmoid_config21_U0           |sigmoid_array_array_ap_fixed_16_6_5_3_0_1u_sigmoid_config21_s           |        3|        3| 15.000 ns | 15.000 ns |      1|        1| function |
        +-------------------------------------------------------------------------+------------------------------------------------------------------------+---------+---------+-----------+-----------+-------+---------+----------+

        * Loop: 
        N/A



================================================================
== Utilization Estimates
================================================================
* Summary: 
+-----------------+---------+-------+--------+--------+-----+
|       Name      | BRAM_18K| DSP48E|   FF   |   LUT  | URAM|
+-----------------+---------+-------+--------+--------+-----+
|DSP              |        -|      -|       -|       -|    -|
|Expression       |        -|      -|       0|       2|    -|
|FIFO             |      205|      -|    7380|    8815|    -|
|Instance         |        1|      7|   70607|  190290|    -|
|Memory           |        -|      -|       -|       -|    -|
|Multiplexer      |        -|      -|       -|       -|    -|
|Register         |        -|      -|       -|       -|    -|
+-----------------+---------+-------+--------+--------+-----+
|Total            |      206|      7|   77987|  199107|    0|
+-----------------+---------+-------+--------+--------+-----+
|Available        |      624|   1728|  460800|  230400|   96|
+-----------------+---------+-------+--------+--------+-----+
|Utilization (%)  |       33|   ~0  |      16|      86|    0|
+-----------------+---------+-------+--------+--------+-----+

+ Detail: 
    * Instance: 
    +-------------------------------------------------------------------------+------------------------------------------------------------------------+---------+-------+-------+-------+-----+
    |                                 Instance                                |                                 Module                                 | BRAM_18K| DSP48E|   FF  |  LUT  | URAM|
    +-------------------------------------------------------------------------+------------------------------------------------------------------------+---------+-------+-------+-------+-----+
    |conv_2d_cl_array_ap_fixed_10u_array_ap_fixed_16_6_5_3_0_18u_config5_U0   |conv_2d_cl_array_ap_fixed_10u_array_ap_fixed_16_6_5_3_0_18u_config5_s   |        0|      1|  14332|  45285|    0|
    |conv_2d_cl_array_ap_fixed_12u_array_ap_fixed_16_6_5_3_0_8u_config11_U0   |conv_2d_cl_array_ap_fixed_12u_array_ap_fixed_16_6_5_3_0_8u_config11_s   |        0|      1|  10966|  26734|    0|
    |conv_2d_cl_array_ap_fixed_18u_array_ap_fixed_16_6_5_3_0_12u_config8_U0   |conv_2d_cl_array_ap_fixed_18u_array_ap_fixed_16_6_5_3_0_12u_config8_s   |        0|      1|  19787|  56082|    0|
    |conv_2d_cl_array_ap_fixed_1u_array_ap_fixed_16_6_5_3_0_10u_config2_U0    |conv_2d_cl_array_ap_fixed_1u_array_ap_fixed_16_6_5_3_0_10u_config2_s    |        0|      1|   1481|   3552|    0|
    |conv_2d_cl_array_ap_fixed_8u_array_ap_fixed_16_6_5_3_0_12u_config14_U0   |conv_2d_cl_array_ap_fixed_8u_array_ap_fixed_16_6_5_3_0_12u_config14_s   |        0|      1|   8750|  25224|    0|
    |dense_array_ap_fixed_12u_array_ap_fixed_16_6_5_3_0_12u_config18_U0       |dense_array_ap_fixed_12u_array_ap_fixed_16_6_5_3_0_12u_config18_s       |        0|      1|   5024|  16548|    0|
    |dense_array_ap_fixed_12u_array_ap_fixed_16_6_5_3_0_1u_config20_U0        |dense_array_ap_fixed_12u_array_ap_fixed_16_6_5_3_0_1u_config20_s        |        0|      1|    269|    570|    0|
    |pooling2d_cl_array_ap_fixed_8u_array_ap_fixed_16_6_5_3_0_8u_config13_U0  |pooling2d_cl_array_ap_fixed_8u_array_ap_fixed_16_6_5_3_0_8u_config13_s  |        0|      0|   1236|   1481|    0|
    |pooling2d_cl_array_array_ap_fixed_16_6_5_3_0_10u_config4_U0              |pooling2d_cl_array_array_ap_fixed_16_6_5_3_0_10u_config4_s              |        0|      0|   1499|   2692|    0|
    |pooling2d_cl_array_array_ap_fixed_16_6_5_3_0_12u_config10_U0             |pooling2d_cl_array_array_ap_fixed_16_6_5_3_0_12u_config10_s             |        0|      0|   1751|   2162|    0|
    |pooling2d_cl_array_array_ap_fixed_16_6_5_3_0_12u_config16_U0             |pooling2d_cl_array_array_ap_fixed_16_6_5_3_0_12u_config16_s             |        0|      0|   1745|   1965|    0|
    |pooling2d_cl_array_array_ap_fixed_16_6_5_3_0_18u_config7_U0              |pooling2d_cl_array_array_ap_fixed_16_6_5_3_0_18u_config7_s              |        0|      0|   2490|   3852|    0|
    |relu_array_ap_fixed_10u_array_ap_fixed_16_6_5_3_0_10u_relu_config3_U0    |relu_array_ap_fixed_10u_array_ap_fixed_16_6_5_3_0_10u_relu_config3_s    |        0|      0|    185|    587|    0|
    |relu_array_ap_fixed_12u_array_ap_fixed_16_6_5_3_0_12u_relu_config15_U0   |relu_array_ap_fixed_12u_array_ap_fixed_16_6_5_3_0_12u_relu_config15_s   |        0|      0|    207|    672|    0|
    |relu_array_ap_fixed_12u_array_ap_fixed_16_6_5_3_0_12u_relu_config19_U0   |relu_array_ap_fixed_12u_array_ap_fixed_16_6_5_3_0_12u_relu_config19_s   |        0|      0|    196|    592|    0|
    |relu_array_ap_fixed_12u_array_ap_fixed_16_6_5_3_0_12u_relu_config9_U0    |relu_array_ap_fixed_12u_array_ap_fixed_16_6_5_3_0_12u_relu_config9_s    |        0|      0|    213|    677|    0|
    |relu_array_ap_fixed_18u_array_ap_fixed_16_6_5_3_0_18u_relu_config6_U0    |relu_array_ap_fixed_18u_array_ap_fixed_16_6_5_3_0_18u_relu_config6_s    |        0|      0|    311|    961|    0|
    |relu_array_ap_fixed_8u_array_ap_fixed_16_6_5_3_0_8u_relu_config12_U0     |relu_array_ap_fixed_8u_array_ap_fixed_16_6_5_3_0_8u_relu_config12_s     |        0|      0|    146|    484|    0|
    |sigmoid_array_array_ap_fixed_16_6_5_3_0_1u_sigmoid_config21_U0           |sigmoid_array_array_ap_fixed_16_6_5_3_0_1u_sigmoid_config21_s           |        1|      0|     19|    170|    0|
    +-------------------------------------------------------------------------+------------------------------------------------------------------------+---------+-------+-------+-------+-----+
    |Total                                                                    |                                                                        |        1|      7|  70607| 190290|    0|
    +-------------------------------------------------------------------------+------------------------------------------------------------------------+---------+-------+-------+-------+-----+

    * DSP48E: 
    N/A

    * Memory: 
    N/A

    * FIFO: 
    +---------------------------+---------+----+----+-----+------+-----+---------+
    |            Name           | BRAM_18K| FF | LUT| URAM| Depth| Bits| Size:D*B|
    +---------------------------+---------+----+----+-----+------+-----+---------+
    |layer10_out_V_data_0_V_U   |        1|  36|   0|    -|   100|   16|     1600|
    |layer10_out_V_data_10_V_U  |        1|  36|   0|    -|   100|   16|     1600|
    |layer10_out_V_data_11_V_U  |        1|  36|   0|    -|   100|   16|     1600|
    |layer10_out_V_data_1_V_U   |        1|  36|   0|    -|   100|   16|     1600|
    |layer10_out_V_data_2_V_U   |        1|  36|   0|    -|   100|   16|     1600|
    |layer10_out_V_data_3_V_U   |        1|  36|   0|    -|   100|   16|     1600|
    |layer10_out_V_data_4_V_U   |        1|  36|   0|    -|   100|   16|     1600|
    |layer10_out_V_data_5_V_U   |        1|  36|   0|    -|   100|   16|     1600|
    |layer10_out_V_data_6_V_U   |        1|  36|   0|    -|   100|   16|     1600|
    |layer10_out_V_data_7_V_U   |        1|  36|   0|    -|   100|   16|     1600|
    |layer10_out_V_data_8_V_U   |        1|  36|   0|    -|   100|   16|     1600|
    |layer10_out_V_data_9_V_U   |        1|  36|   0|    -|   100|   16|     1600|
    |layer11_out_V_data_0_V_U   |        1|  36|   0|    -|   100|   16|     1600|
    |layer11_out_V_data_1_V_U   |        1|  36|   0|    -|   100|   16|     1600|
    |layer11_out_V_data_2_V_U   |        1|  36|   0|    -|   100|   16|     1600|
    |layer11_out_V_data_3_V_U   |        1|  36|   0|    -|   100|   16|     1600|
    |layer11_out_V_data_4_V_U   |        1|  36|   0|    -|   100|   16|     1600|
    |layer11_out_V_data_5_V_U   |        1|  36|   0|    -|   100|   16|     1600|
    |layer11_out_V_data_6_V_U   |        1|  36|   0|    -|   100|   16|     1600|
    |layer11_out_V_data_7_V_U   |        1|  36|   0|    -|   100|   16|     1600|
    |layer12_out_V_data_0_V_U   |        1|  36|   0|    -|   100|   16|     1600|
    |layer12_out_V_data_1_V_U   |        1|  36|   0|    -|   100|   16|     1600|
    |layer12_out_V_data_2_V_U   |        1|  36|   0|    -|   100|   16|     1600|
    |layer12_out_V_data_3_V_U   |        1|  36|   0|    -|   100|   16|     1600|
    |layer12_out_V_data_4_V_U   |        1|  36|   0|    -|   100|   16|     1600|
    |layer12_out_V_data_5_V_U   |        1|  36|   0|    -|   100|   16|     1600|
    |layer12_out_V_data_6_V_U   |        1|  36|   0|    -|   100|   16|     1600|
    |layer12_out_V_data_7_V_U   |        1|  36|   0|    -|   100|   16|     1600|
    |layer13_out_V_data_0_V_U   |        1|  36|   0|    -|   100|   16|     1600|
    |layer13_out_V_data_1_V_U   |        1|  36|   0|    -|   100|   16|     1600|
    |layer13_out_V_data_2_V_U   |        1|  36|   0|    -|   100|   16|     1600|
    |layer13_out_V_data_3_V_U   |        1|  36|   0|    -|   100|   16|     1600|
    |layer13_out_V_data_4_V_U   |        1|  36|   0|    -|   100|   16|     1600|
    |layer13_out_V_data_5_V_U   |        1|  36|   0|    -|   100|   16|     1600|
    |layer13_out_V_data_6_V_U   |        1|  36|   0|    -|   100|   16|     1600|
    |layer13_out_V_data_7_V_U   |        1|  36|   0|    -|   100|   16|     1600|
    |layer14_out_V_data_0_V_U   |        1|  36|   0|    -|   100|   16|     1600|
    |layer14_out_V_data_10_V_U  |        1|  36|   0|    -|   100|   16|     1600|
    |layer14_out_V_data_11_V_U  |        1|  36|   0|    -|   100|   16|     1600|
    |layer14_out_V_data_1_V_U   |        1|  36|   0|    -|   100|   16|     1600|
    |layer14_out_V_data_2_V_U   |        1|  36|   0|    -|   100|   16|     1600|
    |layer14_out_V_data_3_V_U   |        1|  36|   0|    -|   100|   16|     1600|
    |layer14_out_V_data_4_V_U   |        1|  36|   0|    -|   100|   16|     1600|
    |layer14_out_V_data_5_V_U   |        1|  36|   0|    -|   100|   16|     1600|
    |layer14_out_V_data_6_V_U   |        1|  36|   0|    -|   100|   16|     1600|
    |layer14_out_V_data_7_V_U   |        1|  36|   0|    -|   100|   16|     1600|
    |layer14_out_V_data_8_V_U   |        1|  36|   0|    -|   100|   16|     1600|
    |layer14_out_V_data_9_V_U   |        1|  36|   0|    -|   100|   16|     1600|
    |layer15_out_V_data_0_V_U   |        1|  36|   0|    -|   100|   16|     1600|
    |layer15_out_V_data_10_V_U  |        1|  36|   0|    -|   100|   16|     1600|
    |layer15_out_V_data_11_V_U  |        1|  36|   0|    -|   100|   16|     1600|
    |layer15_out_V_data_1_V_U   |        1|  36|   0|    -|   100|   16|     1600|
    |layer15_out_V_data_2_V_U   |        1|  36|   0|    -|   100|   16|     1600|
    |layer15_out_V_data_3_V_U   |        1|  36|   0|    -|   100|   16|     1600|
    |layer15_out_V_data_4_V_U   |        1|  36|   0|    -|   100|   16|     1600|
    |layer15_out_V_data_5_V_U   |        1|  36|   0|    -|   100|   16|     1600|
    |layer15_out_V_data_6_V_U   |        1|  36|   0|    -|   100|   16|     1600|
    |layer15_out_V_data_7_V_U   |        1|  36|   0|    -|   100|   16|     1600|
    |layer15_out_V_data_8_V_U   |        1|  36|   0|    -|   100|   16|     1600|
    |layer15_out_V_data_9_V_U   |        1|  36|   0|    -|   100|   16|     1600|
    |layer16_out_V_data_0_V_U   |        1|  36|   0|    -|   100|   16|     1600|
    |layer16_out_V_data_10_V_U  |        1|  36|   0|    -|   100|   16|     1600|
    |layer16_out_V_data_11_V_U  |        1|  36|   0|    -|   100|   16|     1600|
    |layer16_out_V_data_1_V_U   |        1|  36|   0|    -|   100|   16|     1600|
    |layer16_out_V_data_2_V_U   |        1|  36|   0|    -|   100|   16|     1600|
    |layer16_out_V_data_3_V_U   |        1|  36|   0|    -|   100|   16|     1600|
    |layer16_out_V_data_4_V_U   |        1|  36|   0|    -|   100|   16|     1600|
    |layer16_out_V_data_5_V_U   |        1|  36|   0|    -|   100|   16|     1600|
    |layer16_out_V_data_6_V_U   |        1|  36|   0|    -|   100|   16|     1600|
    |layer16_out_V_data_7_V_U   |        1|  36|   0|    -|   100|   16|     1600|
    |layer16_out_V_data_8_V_U   |        1|  36|   0|    -|   100|   16|     1600|
    |layer16_out_V_data_9_V_U   |        1|  36|   0|    -|   100|   16|     1600|
    |layer18_out_V_data_0_V_U   |        1|  36|   0|    -|   100|   16|     1600|
    |layer18_out_V_data_10_V_U  |        1|  36|   0|    -|   100|   16|     1600|
    |layer18_out_V_data_11_V_U  |        1|  36|   0|    -|   100|   16|     1600|
    |layer18_out_V_data_1_V_U   |        1|  36|   0|    -|   100|   16|     1600|
    |layer18_out_V_data_2_V_U   |        1|  36|   0|    -|   100|   16|     1600|
    |layer18_out_V_data_3_V_U   |        1|  36|   0|    -|   100|   16|     1600|
    |layer18_out_V_data_4_V_U   |        1|  36|   0|    -|   100|   16|     1600|
    |layer18_out_V_data_5_V_U   |        1|  36|   0|    -|   100|   16|     1600|
    |layer18_out_V_data_6_V_U   |        1|  36|   0|    -|   100|   16|     1600|
    |layer18_out_V_data_7_V_U   |        1|  36|   0|    -|   100|   16|     1600|
    |layer18_out_V_data_8_V_U   |        1|  36|   0|    -|   100|   16|     1600|
    |layer18_out_V_data_9_V_U   |        1|  36|   0|    -|   100|   16|     1600|
    |layer19_out_V_data_0_V_U   |        1|  36|   0|    -|   100|   16|     1600|
    |layer19_out_V_data_10_V_U  |        1|  36|   0|    -|   100|   16|     1600|
    |layer19_out_V_data_11_V_U  |        1|  36|   0|    -|   100|   16|     1600|
    |layer19_out_V_data_1_V_U   |        1|  36|   0|    -|   100|   16|     1600|
    |layer19_out_V_data_2_V_U   |        1|  36|   0|    -|   100|   16|     1600|
    |layer19_out_V_data_3_V_U   |        1|  36|   0|    -|   100|   16|     1600|
    |layer19_out_V_data_4_V_U   |        1|  36|   0|    -|   100|   16|     1600|
    |layer19_out_V_data_5_V_U   |        1|  36|   0|    -|   100|   16|     1600|
    |layer19_out_V_data_6_V_U   |        1|  36|   0|    -|   100|   16|     1600|
    |layer19_out_V_data_7_V_U   |        1|  36|   0|    -|   100|   16|     1600|
    |layer19_out_V_data_8_V_U   |        1|  36|   0|    -|   100|   16|     1600|
    |layer19_out_V_data_9_V_U   |        1|  36|   0|    -|   100|   16|     1600|
    |layer20_out_V_data_0_V_U   |        1|  36|   0|    -|   100|   16|     1600|
    |layer2_out_V_data_0_V_U    |        1|  36|   0|    -|   100|   16|     1600|
    |layer2_out_V_data_1_V_U    |        1|  36|   0|    -|   100|   16|     1600|
    |layer2_out_V_data_2_V_U    |        1|  36|   0|    -|   100|   16|     1600|
    |layer2_out_V_data_3_V_U    |        1|  36|   0|    -|   100|   16|     1600|
    |layer2_out_V_data_4_V_U    |        1|  36|   0|    -|   100|   16|     1600|
    |layer2_out_V_data_5_V_U    |        1|  36|   0|    -|   100|   16|     1600|
    |layer2_out_V_data_6_V_U    |        1|  36|   0|    -|   100|   16|     1600|
    |layer2_out_V_data_7_V_U    |        1|  36|   0|    -|   100|   16|     1600|
    |layer2_out_V_data_8_V_U    |        1|  36|   0|    -|   100|   16|     1600|
    |layer2_out_V_data_9_V_U    |        1|  36|   0|    -|   100|   16|     1600|
    |layer3_out_V_data_0_V_U    |        1|  36|   0|    -|   100|   16|     1600|
    |layer3_out_V_data_1_V_U    |        1|  36|   0|    -|   100|   16|     1600|
    |layer3_out_V_data_2_V_U    |        1|  36|   0|    -|   100|   16|     1600|
    |layer3_out_V_data_3_V_U    |        1|  36|   0|    -|   100|   16|     1600|
    |layer3_out_V_data_4_V_U    |        1|  36|   0|    -|   100|   16|     1600|
    |layer3_out_V_data_5_V_U    |        1|  36|   0|    -|   100|   16|     1600|
    |layer3_out_V_data_6_V_U    |        1|  36|   0|    -|   100|   16|     1600|
    |layer3_out_V_data_7_V_U    |        1|  36|   0|    -|   100|   16|     1600|
    |layer3_out_V_data_8_V_U    |        1|  36|   0|    -|   100|   16|     1600|
    |layer3_out_V_data_9_V_U    |        1|  36|   0|    -|   100|   16|     1600|
    |layer4_out_V_data_0_V_U    |        1|  36|   0|    -|   100|   16|     1600|
    |layer4_out_V_data_1_V_U    |        1|  36|   0|    -|   100|   16|     1600|
    |layer4_out_V_data_2_V_U    |        1|  36|   0|    -|   100|   16|     1600|
    |layer4_out_V_data_3_V_U    |        1|  36|   0|    -|   100|   16|     1600|
    |layer4_out_V_data_4_V_U    |        1|  36|   0|    -|   100|   16|     1600|
    |layer4_out_V_data_5_V_U    |        1|  36|   0|    -|   100|   16|     1600|
    |layer4_out_V_data_6_V_U    |        1|  36|   0|    -|   100|   16|     1600|
    |layer4_out_V_data_7_V_U    |        1|  36|   0|    -|   100|   16|     1600|
    |layer4_out_V_data_8_V_U    |        1|  36|   0|    -|   100|   16|     1600|
    |layer4_out_V_data_9_V_U    |        1|  36|   0|    -|   100|   16|     1600|
    |layer5_out_V_data_0_V_U    |        1|  36|   0|    -|   100|   16|     1600|
    |layer5_out_V_data_10_V_U   |        1|  36|   0|    -|   100|   16|     1600|
    |layer5_out_V_data_11_V_U   |        1|  36|   0|    -|   100|   16|     1600|
    |layer5_out_V_data_12_V_U   |        1|  36|   0|    -|   100|   16|     1600|
    |layer5_out_V_data_13_V_U   |        1|  36|   0|    -|   100|   16|     1600|
    |layer5_out_V_data_14_V_U   |        1|  36|   0|    -|   100|   16|     1600|
    |layer5_out_V_data_15_V_U   |        1|  36|   0|    -|   100|   16|     1600|
    |layer5_out_V_data_16_V_U   |        1|  36|   0|    -|   100|   16|     1600|
    |layer5_out_V_data_17_V_U   |        1|  36|   0|    -|   100|   16|     1600|
    |layer5_out_V_data_1_V_U    |        1|  36|   0|    -|   100|   16|     1600|
    |layer5_out_V_data_2_V_U    |        1|  36|   0|    -|   100|   16|     1600|
    |layer5_out_V_data_3_V_U    |        1|  36|   0|    -|   100|   16|     1600|
    |layer5_out_V_data_4_V_U    |        1|  36|   0|    -|   100|   16|     1600|
    |layer5_out_V_data_5_V_U    |        1|  36|   0|    -|   100|   16|     1600|
    |layer5_out_V_data_6_V_U    |        1|  36|   0|    -|   100|   16|     1600|
    |layer5_out_V_data_7_V_U    |        1|  36|   0|    -|   100|   16|     1600|
    |layer5_out_V_data_8_V_U    |        1|  36|   0|    -|   100|   16|     1600|
    |layer5_out_V_data_9_V_U    |        1|  36|   0|    -|   100|   16|     1600|
    |layer6_out_V_data_0_V_U    |        1|  36|   0|    -|   100|   16|     1600|
    |layer6_out_V_data_10_V_U   |        1|  36|   0|    -|   100|   16|     1600|
    |layer6_out_V_data_11_V_U   |        1|  36|   0|    -|   100|   16|     1600|
    |layer6_out_V_data_12_V_U   |        1|  36|   0|    -|   100|   16|     1600|
    |layer6_out_V_data_13_V_U   |        1|  36|   0|    -|   100|   16|     1600|
    |layer6_out_V_data_14_V_U   |        1|  36|   0|    -|   100|   16|     1600|
    |layer6_out_V_data_15_V_U   |        1|  36|   0|    -|   100|   16|     1600|
    |layer6_out_V_data_16_V_U   |        1|  36|   0|    -|   100|   16|     1600|
    |layer6_out_V_data_17_V_U   |        1|  36|   0|    -|   100|   16|     1600|
    |layer6_out_V_data_1_V_U    |        1|  36|   0|    -|   100|   16|     1600|
    |layer6_out_V_data_2_V_U    |        1|  36|   0|    -|   100|   16|     1600|
    |layer6_out_V_data_3_V_U    |        1|  36|   0|    -|   100|   16|     1600|
    |layer6_out_V_data_4_V_U    |        1|  36|   0|    -|   100|   16|     1600|
    |layer6_out_V_data_5_V_U    |        1|  36|   0|    -|   100|   16|     1600|
    |layer6_out_V_data_6_V_U    |        1|  36|   0|    -|   100|   16|     1600|
    |layer6_out_V_data_7_V_U    |        1|  36|   0|    -|   100|   16|     1600|
    |layer6_out_V_data_8_V_U    |        1|  36|   0|    -|   100|   16|     1600|
    |layer6_out_V_data_9_V_U    |        1|  36|   0|    -|   100|   16|     1600|
    |layer7_out_V_data_0_V_U    |        1|  36|   0|    -|   100|   16|     1600|
    |layer7_out_V_data_10_V_U   |        1|  36|   0|    -|   100|   16|     1600|
    |layer7_out_V_data_11_V_U   |        1|  36|   0|    -|   100|   16|     1600|
    |layer7_out_V_data_12_V_U   |        1|  36|   0|    -|   100|   16|     1600|
    |layer7_out_V_data_13_V_U   |        1|  36|   0|    -|   100|   16|     1600|
    |layer7_out_V_data_14_V_U   |        1|  36|   0|    -|   100|   16|     1600|
    |layer7_out_V_data_15_V_U   |        1|  36|   0|    -|   100|   16|     1600|
    |layer7_out_V_data_16_V_U   |        1|  36|   0|    -|   100|   16|     1600|
    |layer7_out_V_data_17_V_U   |        1|  36|   0|    -|   100|   16|     1600|
    |layer7_out_V_data_1_V_U    |        1|  36|   0|    -|   100|   16|     1600|
    |layer7_out_V_data_2_V_U    |        1|  36|   0|    -|   100|   16|     1600|
    |layer7_out_V_data_3_V_U    |        1|  36|   0|    -|   100|   16|     1600|
    |layer7_out_V_data_4_V_U    |        1|  36|   0|    -|   100|   16|     1600|
    |layer7_out_V_data_5_V_U    |        1|  36|   0|    -|   100|   16|     1600|
    |layer7_out_V_data_6_V_U    |        1|  36|   0|    -|   100|   16|     1600|
    |layer7_out_V_data_7_V_U    |        1|  36|   0|    -|   100|   16|     1600|
    |layer7_out_V_data_8_V_U    |        1|  36|   0|    -|   100|   16|     1600|
    |layer7_out_V_data_9_V_U    |        1|  36|   0|    -|   100|   16|     1600|
    |layer8_out_V_data_0_V_U    |        1|  36|   0|    -|   100|   16|     1600|
    |layer8_out_V_data_10_V_U   |        1|  36|   0|    -|   100|   16|     1600|
    |layer8_out_V_data_11_V_U   |        1|  36|   0|    -|   100|   16|     1600|
    |layer8_out_V_data_1_V_U    |        1|  36|   0|    -|   100|   16|     1600|
    |layer8_out_V_data_2_V_U    |        1|  36|   0|    -|   100|   16|     1600|
    |layer8_out_V_data_3_V_U    |        1|  36|   0|    -|   100|   16|     1600|
    |layer8_out_V_data_4_V_U    |        1|  36|   0|    -|   100|   16|     1600|
    |layer8_out_V_data_5_V_U    |        1|  36|   0|    -|   100|   16|     1600|
    |layer8_out_V_data_6_V_U    |        1|  36|   0|    -|   100|   16|     1600|
    |layer8_out_V_data_7_V_U    |        1|  36|   0|    -|   100|   16|     1600|
    |layer8_out_V_data_8_V_U    |        1|  36|   0|    -|   100|   16|     1600|
    |layer8_out_V_data_9_V_U    |        1|  36|   0|    -|   100|   16|     1600|
    |layer9_out_V_data_0_V_U    |        1|  36|   0|    -|   100|   16|     1600|
    |layer9_out_V_data_10_V_U   |        1|  36|   0|    -|   100|   16|     1600|
    |layer9_out_V_data_11_V_U   |        1|  36|   0|    -|   100|   16|     1600|
    |layer9_out_V_data_1_V_U    |        1|  36|   0|    -|   100|   16|     1600|
    |layer9_out_V_data_2_V_U    |        1|  36|   0|    -|   100|   16|     1600|
    |layer9_out_V_data_3_V_U    |        1|  36|   0|    -|   100|   16|     1600|
    |layer9_out_V_data_4_V_U    |        1|  36|   0|    -|   100|   16|     1600|
    |layer9_out_V_data_5_V_U    |        1|  36|   0|    -|   100|   16|     1600|
    |layer9_out_V_data_6_V_U    |        1|  36|   0|    -|   100|   16|     1600|
    |layer9_out_V_data_7_V_U    |        1|  36|   0|    -|   100|   16|     1600|
    |layer9_out_V_data_8_V_U    |        1|  36|   0|    -|   100|   16|     1600|
    |layer9_out_V_data_9_V_U    |        1|  36|   0|    -|   100|   16|     1600|
    +---------------------------+---------+----+----+-----+------+-----+---------+
    |Total                      |      205|7380|   0|    0| 20500| 3280|   328000|
    +---------------------------+---------+----+----+-----+------+-----+---------+

    * Expression: 
    +--------------+----------+-------+---+----+------------+------------+
    | Variable Name| Operation| DSP48E| FF| LUT| Bitwidth P0| Bitwidth P1|
    +--------------+----------+-------+---+----+------------+------------+
    |ap_idle       |    and   |      0|  0|   2|           1|           1|
    +--------------+----------+-------+---+----+------------+------------+
    |Total         |          |      0|  0|   2|           1|           1|
    +--------------+----------+-------+---+----+------------+------------+

    * Multiplexer: 
    N/A

    * Register: 
    N/A



================================================================
== Interface
================================================================
* Summary: 
+-------------------------------+-----+-----+------------+------------------------+--------------+
|           RTL Ports           | Dir | Bits|  Protocol  |      Source Object     |    C Type    |
+-------------------------------+-----+-----+------------+------------------------+--------------+
|conv1_input_V_data_0_V_TDATA   |  in |   16|    axis    | conv1_input_V_data_0_V |    pointer   |
|conv1_input_V_data_0_V_TVALID  |  in |    1|    axis    | conv1_input_V_data_0_V |    pointer   |
|conv1_input_V_data_0_V_TREADY  | out |    1|    axis    | conv1_input_V_data_0_V |    pointer   |
|layer21_out_V_data_0_V_TDATA   | out |   16|    axis    | layer21_out_V_data_0_V |    pointer   |
|layer21_out_V_data_0_V_TVALID  | out |    1|    axis    | layer21_out_V_data_0_V |    pointer   |
|layer21_out_V_data_0_V_TREADY  |  in |    1|    axis    | layer21_out_V_data_0_V |    pointer   |
|ap_clk                         |  in |    1| ap_ctrl_hs |        myproject       | return value |
|ap_rst_n                       |  in |    1| ap_ctrl_hs |        myproject       | return value |
|ap_start                       |  in |    1| ap_ctrl_hs |        myproject       | return value |
|ap_done                        | out |    1| ap_ctrl_hs |        myproject       | return value |
|ap_ready                       | out |    1| ap_ctrl_hs |        myproject       | return value |
|ap_idle                        | out |    1| ap_ctrl_hs |        myproject       | return value |
+-------------------------------+-----+-----+------------+------------------------+--------------+

