

================================================================
== Vivado HLS Report for 'myproject'
================================================================
* Date:           Sat Jul 15 18:45:33 2023

* Version:        2019.2 (Build 2704478 on Wed Nov 06 22:10:23 MST 2019)
* Project:        myproject_prj
* Solution:       solution1
* Product family: zynquplus
* Target device:  xczu7ev-ffvc1156-2-e


================================================================
== Performance Estimates
================================================================
+ Timing: 
    * Summary: 
    +--------+---------+----------+------------+
    |  Clock |  Target | Estimated| Uncertainty|
    +--------+---------+----------+------------+
    |ap_clk  | 5.00 ns | 4.976 ns |   0.62 ns  |
    +--------+---------+----------+------------+

+ Latency: 
    * Summary: 
    +---------+---------+-----------+-----------+------+---------+----------+
    |  Latency (cycles) |   Latency (absolute)  |    Interval    | Pipeline |
    |   min   |   max   |    min    |    max    |  min |   max   |   Type   |
    +---------+---------+-----------+-----------+------+---------+----------+
    |  3035060|  3035060| 15.175 ms | 15.175 ms |  8714|  3031778| dataflow |
    +---------+---------+-----------+-----------+------+---------+----------+

    + Detail: 
        * Instance: 
        +-------------------------------------------------------------------------+------------------------------------------------------------------------+---------+---------+-----------+-----------+------+---------+----------+
        |                                                                         |                                                                        |  Latency (cycles) |   Latency (absolute)  |    Interval    | Pipeline |
        |                                 Instance                                |                                 Module                                 |   min   |   max   |    min    |    max    |  min |   max   |   Type   |
        +-------------------------------------------------------------------------+------------------------------------------------------------------------+---------+---------+-----------+-----------+------+---------+----------+
        |dense_array_ap_fixed_7u_array_ap_fixed_16_6_5_3_0_2u_config14_U0         |dense_array_ap_fixed_7u_array_ap_fixed_16_6_5_3_0_2u_config14_s         |      654|      654|  3.270 us |  3.270 us |   654|      654|   none   |
        |conv_2d_cl_array_ap_fixed_12u_array_ap_fixed_16_6_5_3_0_9u_config4_U0    |conv_2d_cl_array_ap_fixed_12u_array_ap_fixed_16_6_5_3_0_9u_config4_s    |     8713|  3031777| 43.565 us | 15.159 ms |  8713|  3031777|   none   |
        |conv_2d_cl_array_ap_fixed_9u_array_ap_fixed_16_6_5_3_0_11u_config7_U0    |conv_2d_cl_array_ap_fixed_9u_array_ap_fixed_16_6_5_3_0_11u_config7_s    |     2313|   732905| 11.565 us |  3.665 ms |  2313|   732905|   none   |
        |conv_2d_cl_array_ap_fixed_11u_array_ap_fixed_16_6_5_3_0_7u_config10_U0   |conv_2d_cl_array_ap_fixed_11u_array_ap_fixed_16_6_5_3_0_7u_config10_s   |      649|   163945|  3.245 us |  0.820 ms |   649|   163945|   none   |
        |dense_array_ap_fixed_13u_array_ap_fixed_16_6_5_3_0_29u_config23_U0       |dense_array_ap_fixed_13u_array_ap_fixed_16_6_5_3_0_29u_config23_s       |      305|      305|  1.525 us |  1.525 us |   305|      305|   none   |
        |conv_2d_cl_array_ap_fixed_3u_array_ap_fixed_16_6_5_3_0_12u_config2_U0    |conv_2d_cl_array_ap_fixed_3u_array_ap_fixed_16_6_5_3_0_12u_config2_s    |     8713|  1115137| 43.565 us |  5.576 ms |  8713|  1115137|   none   |
        |softmax_array_array_ap_fixed_16_6_5_3_0_29u_softmax_config24_U0          |softmax_array_array_ap_fixed_16_6_5_3_0_29u_softmax_config24_s          |       70|       70|  0.350 us |  0.350 us |    70|       70|   none   |
        |pooling2d_cl_array_array_ap_fixed_16_6_5_3_0_11u_config9_U0              |pooling2d_cl_array_array_ap_fixed_16_6_5_3_0_11u_config9_s              |     1027|     1027|  5.135 us |  5.135 us |  1027|     1027|   none   |
        |pooling2d_cl_array_ap_fixed_9u_array_ap_fixed_16_6_5_3_0_9u_config6_U0   |pooling2d_cl_array_ap_fixed_9u_array_ap_fixed_16_6_5_3_0_9u_config6_s   |     4099|     4099| 20.495 us | 20.495 us |  4099|     4099|   none   |
        |pooling2d_cl_array_ap_fixed_7u_array_ap_fixed_16_6_5_3_0_7u_config12_U0  |pooling2d_cl_array_ap_fixed_7u_array_ap_fixed_16_6_5_3_0_7u_config12_s  |      259|      259|  1.295 us |  1.295 us |   259|      259|   none   |
        |dense_array_ap_fixed_4u_array_ap_fixed_16_6_5_3_0_13u_config20_U0        |dense_array_ap_fixed_4u_array_ap_fixed_16_6_5_3_0_13u_config20_s        |       47|       47|  0.235 us |  0.235 us |    47|       47|   none   |
        |normalize_array_ap_fixed_13u_array_ap_fixed_16_6_5_3_0_13u_config22_U0   |normalize_array_ap_fixed_13u_array_ap_fixed_16_6_5_3_0_13u_config22_s   |       13|       13| 65.000 ns | 65.000 ns |    13|       13| function |
        |relu_array_ap_fixed_12u_array_ap_fixed_16_6_5_3_0_12u_relu_config3_U0    |relu_array_ap_fixed_12u_array_ap_fixed_16_6_5_3_0_12u_relu_config3_s    |     4099|     4099| 20.495 us | 20.495 us |  4099|     4099|   none   |
        |relu_array_ap_fixed_13u_array_ap_fixed_16_6_5_3_0_13u_relu_config21_U0   |relu_array_ap_fixed_13u_array_ap_fixed_16_6_5_3_0_13u_relu_config21_s   |        1|        1|  5.000 ns |  5.000 ns |     1|        1| function |
        |relu_array_ap_fixed_11u_array_ap_fixed_16_6_5_3_0_11u_relu_config8_U0    |relu_array_ap_fixed_11u_array_ap_fixed_16_6_5_3_0_11u_relu_config8_s    |     1027|     1027|  5.135 us |  5.135 us |  1027|     1027|   none   |
        |relu_array_ap_fixed_9u_array_ap_fixed_16_6_5_3_0_9u_relu_config5_U0      |relu_array_ap_fixed_9u_array_ap_fixed_16_6_5_3_0_9u_relu_config5_s      |     4099|     4099| 20.495 us | 20.495 us |  4099|     4099|   none   |
        |relu_array_ap_fixed_7u_array_ap_fixed_16_6_5_3_0_7u_relu_config11_U0     |relu_array_ap_fixed_7u_array_ap_fixed_16_6_5_3_0_7u_relu_config11_s     |      259|      259|  1.295 us |  1.295 us |   259|      259|   none   |
        |dense_array_ap_fixed_2u_array_ap_fixed_16_6_5_3_0_4u_config17_U0         |dense_array_ap_fixed_2u_array_ap_fixed_16_6_5_3_0_4u_config17_s         |       10|       10| 50.000 ns | 50.000 ns |    10|       10|   none   |
        |normalize_array_ap_fixed_4u_array_ap_fixed_16_6_5_3_0_4u_config19_U0     |normalize_array_ap_fixed_4u_array_ap_fixed_16_6_5_3_0_4u_config19_s     |        4|        4| 20.000 ns | 20.000 ns |     4|        4| function |
        |zeropad2d_cl_array_array_ap_fixed_16_6_5_3_0_12u_config26_U0             |zeropad2d_cl_array_array_ap_fixed_16_6_5_3_0_12u_config26_s             |     4359|     4359| 21.795 us | 21.795 us |  4359|     4359|   none   |
        |zeropad2d_cl_array_array_ap_fixed_16_6_5_3_0_11u_config28_U0             |zeropad2d_cl_array_array_ap_fixed_16_6_5_3_0_11u_config28_s             |      327|      327|  1.635 us |  1.635 us |   327|      327|   none   |
        |zeropad2d_cl_array_ap_fixed_9u_array_ap_fixed_16_6_5_3_0_9u_config27_U0  |zeropad2d_cl_array_ap_fixed_9u_array_ap_fixed_16_6_5_3_0_9u_config27_s  |     1159|     1159|  5.795 us |  5.795 us |  1159|     1159|   none   |
        |zeropad2d_cl_array_ap_fixed_3u_array_ap_fixed_16_6_5_3_0_3u_config25_U0  |zeropad2d_cl_array_ap_fixed_3u_array_ap_fixed_16_6_5_3_0_3u_config25_s  |     4359|     4359| 21.795 us | 21.795 us |  4359|     4359|   none   |
        |relu_array_ap_fixed_4u_array_ap_fixed_16_6_5_3_0_4u_relu_config18_U0     |relu_array_ap_fixed_4u_array_ap_fixed_16_6_5_3_0_4u_relu_config18_s     |        1|        1|  5.000 ns |  5.000 ns |     1|        1| function |
        |normalize_array_ap_fixed_2u_array_ap_fixed_16_6_5_3_0_2u_config16_U0     |normalize_array_ap_fixed_2u_array_ap_fixed_16_6_5_3_0_2u_config16_s     |        2|        2| 10.000 ns | 10.000 ns |     2|        2| function |
        |relu_array_ap_fixed_2u_array_ap_fixed_16_6_5_3_0_2u_relu_config15_U0     |relu_array_ap_fixed_2u_array_ap_fixed_16_6_5_3_0_2u_relu_config15_s     |        1|        1|  5.000 ns |  5.000 ns |     1|        1| function |
        +-------------------------------------------------------------------------+------------------------------------------------------------------------+---------+---------+-----------+-----------+------+---------+----------+

        * Loop: 
        N/A



================================================================
== Utilization Estimates
================================================================
* Summary: 
+-----------------+---------+-------+--------+--------+-----+
|       Name      | BRAM_18K| DSP48E|   FF   |   LUT  | URAM|
+-----------------+---------+-------+--------+--------+-----+
|DSP              |        -|      -|       -|       -|    -|
|Expression       |        -|      -|       0|       2|    -|
|FIFO             |      226|      -|    8136|    9718|    -|
|Instance         |        2|     12|   63127|  151009|    -|
|Memory           |        -|      -|       -|       -|    -|
|Multiplexer      |        -|      -|       -|       -|    -|
|Register         |        -|      -|       -|       -|    -|
+-----------------+---------+-------+--------+--------+-----+
|Total            |      228|     12|   71263|  160729|    0|
+-----------------+---------+-------+--------+--------+-----+
|Available        |      624|   1728|  460800|  230400|   96|
+-----------------+---------+-------+--------+--------+-----+
|Utilization (%)  |       36|   ~0  |      15|      69|    0|
+-----------------+---------+-------+--------+--------+-----+

+ Detail: 
    * Instance: 
    +-------------------------------------------------------------------------+------------------------------------------------------------------------+---------+-------+-------+-------+-----+
    |                                 Instance                                |                                 Module                                 | BRAM_18K| DSP48E|   FF  |  LUT  | URAM|
    +-------------------------------------------------------------------------+------------------------------------------------------------------------+---------+-------+-------+-------+-----+
    |conv_2d_cl_array_ap_fixed_11u_array_ap_fixed_16_6_5_3_0_7u_config10_U0   |conv_2d_cl_array_ap_fixed_11u_array_ap_fixed_16_6_5_3_0_7u_config10_s   |        0|      1|   9539|  20913|    0|
    |conv_2d_cl_array_ap_fixed_12u_array_ap_fixed_16_6_5_3_0_9u_config4_U0    |conv_2d_cl_array_ap_fixed_12u_array_ap_fixed_16_6_5_3_0_9u_config4_s    |        0|      1|  11441|  29479|    0|
    |conv_2d_cl_array_ap_fixed_3u_array_ap_fixed_16_6_5_3_0_12u_config2_U0    |conv_2d_cl_array_ap_fixed_3u_array_ap_fixed_16_6_5_3_0_12u_config2_s    |        0|      1|   3802|  10440|    0|
    |conv_2d_cl_array_ap_fixed_9u_array_ap_fixed_16_6_5_3_0_11u_config7_U0    |conv_2d_cl_array_ap_fixed_9u_array_ap_fixed_16_6_5_3_0_11u_config7_s    |        0|      1|   9518|  26974|    0|
    |dense_array_ap_fixed_13u_array_ap_fixed_16_6_5_3_0_29u_config23_U0       |dense_array_ap_fixed_13u_array_ap_fixed_16_6_5_3_0_29u_config23_s       |        0|      1|   2901|  11348|    0|
    |dense_array_ap_fixed_2u_array_ap_fixed_16_6_5_3_0_4u_config17_U0         |dense_array_ap_fixed_2u_array_ap_fixed_16_6_5_3_0_4u_config17_s         |        0|      1|    211|    316|    0|
    |dense_array_ap_fixed_4u_array_ap_fixed_16_6_5_3_0_13u_config20_U0        |dense_array_ap_fixed_4u_array_ap_fixed_16_6_5_3_0_13u_config20_s        |        0|      1|    721|   1630|    0|
    |dense_array_ap_fixed_7u_array_ap_fixed_16_6_5_3_0_2u_config14_U0         |dense_array_ap_fixed_7u_array_ap_fixed_16_6_5_3_0_2u_config14_s         |        0|      1|  15059|  25886|    0|
    |normalize_array_ap_fixed_13u_array_ap_fixed_16_6_5_3_0_13u_config22_U0   |normalize_array_ap_fixed_13u_array_ap_fixed_16_6_5_3_0_13u_config22_s   |        0|      1|    443|    891|    0|
    |normalize_array_ap_fixed_2u_array_ap_fixed_16_6_5_3_0_2u_config16_U0     |normalize_array_ap_fixed_2u_array_ap_fixed_16_6_5_3_0_2u_config16_s     |        0|      1|     80|    198|    0|
    |normalize_array_ap_fixed_4u_array_ap_fixed_16_6_5_3_0_4u_config19_U0     |normalize_array_ap_fixed_4u_array_ap_fixed_16_6_5_3_0_4u_config19_s     |        0|      1|    146|    336|    0|
    |pooling2d_cl_array_ap_fixed_7u_array_ap_fixed_16_6_5_3_0_7u_config12_U0  |pooling2d_cl_array_ap_fixed_7u_array_ap_fixed_16_6_5_3_0_7u_config12_s  |        0|      0|   1109|   2259|    0|
    |pooling2d_cl_array_ap_fixed_9u_array_ap_fixed_16_6_5_3_0_9u_config6_U0   |pooling2d_cl_array_ap_fixed_9u_array_ap_fixed_16_6_5_3_0_9u_config6_s   |        0|      0|   1369|   3049|    0|
    |pooling2d_cl_array_array_ap_fixed_16_6_5_3_0_11u_config9_U0              |pooling2d_cl_array_array_ap_fixed_16_6_5_3_0_11u_config9_s              |        0|      0|   1623|   3257|    0|
    |relu_array_ap_fixed_11u_array_ap_fixed_16_6_5_3_0_11u_relu_config8_U0    |relu_array_ap_fixed_11u_array_ap_fixed_16_6_5_3_0_11u_relu_config8_s    |        0|      0|    197|    630|    0|
    |relu_array_ap_fixed_12u_array_ap_fixed_16_6_5_3_0_12u_relu_config3_U0    |relu_array_ap_fixed_12u_array_ap_fixed_16_6_5_3_0_12u_relu_config3_s    |        0|      0|    215|    679|    0|
    |relu_array_ap_fixed_13u_array_ap_fixed_16_6_5_3_0_13u_relu_config21_U0   |relu_array_ap_fixed_13u_array_ap_fixed_16_6_5_3_0_13u_relu_config21_s   |        0|      0|    212|    639|    0|
    |relu_array_ap_fixed_2u_array_ap_fixed_16_6_5_3_0_2u_relu_config15_U0     |relu_array_ap_fixed_2u_array_ap_fixed_16_6_5_3_0_2u_relu_config15_s     |        0|      0|     36|    122|    0|
    |relu_array_ap_fixed_4u_array_ap_fixed_16_6_5_3_0_4u_relu_config18_U0     |relu_array_ap_fixed_4u_array_ap_fixed_16_6_5_3_0_4u_relu_config18_s     |        0|      0|     68|    216|    0|
    |relu_array_ap_fixed_7u_array_ap_fixed_16_6_5_3_0_7u_relu_config11_U0     |relu_array_ap_fixed_7u_array_ap_fixed_16_6_5_3_0_7u_relu_config11_s     |        0|      0|    131|    440|    0|
    |relu_array_ap_fixed_9u_array_ap_fixed_16_6_5_3_0_9u_relu_config5_U0      |relu_array_ap_fixed_9u_array_ap_fixed_16_6_5_3_0_9u_relu_config5_s      |        0|      0|    167|    538|    0|
    |softmax_array_array_ap_fixed_16_6_5_3_0_29u_softmax_config24_U0          |softmax_array_array_ap_fixed_16_6_5_3_0_29u_softmax_config24_s          |        2|      1|   3986|   8794|    0|
    |zeropad2d_cl_array_ap_fixed_3u_array_ap_fixed_16_6_5_3_0_3u_config25_U0  |zeropad2d_cl_array_ap_fixed_3u_array_ap_fixed_16_6_5_3_0_3u_config25_s  |        0|      0|     42|    304|    0|
    |zeropad2d_cl_array_ap_fixed_9u_array_ap_fixed_16_6_5_3_0_9u_config27_U0  |zeropad2d_cl_array_ap_fixed_9u_array_ap_fixed_16_6_5_3_0_9u_config27_s  |        0|      0|     37|    502|    0|
    |zeropad2d_cl_array_array_ap_fixed_16_6_5_3_0_11u_config28_U0             |zeropad2d_cl_array_array_ap_fixed_16_6_5_3_0_11u_config28_s             |        0|      0|     32|    568|    0|
    |zeropad2d_cl_array_array_ap_fixed_16_6_5_3_0_12u_config26_U0             |zeropad2d_cl_array_array_ap_fixed_16_6_5_3_0_12u_config26_s             |        0|      0|     42|    601|    0|
    +-------------------------------------------------------------------------+------------------------------------------------------------------------+---------+-------+-------+-------+-----+
    |Total                                                                    |                                                                        |        2|     12|  63127| 151009|    0|
    +-------------------------------------------------------------------------+------------------------------------------------------------------------+---------+-------+-------+-------+-----+

    * DSP48E: 
    N/A

    * Memory: 
    N/A

    * FIFO: 
    +---------------------------+---------+----+----+-----+------+-----+---------+
    |            Name           | BRAM_18K| FF | LUT| URAM| Depth| Bits| Size:D*B|
    +---------------------------+---------+----+----+-----+------+-----+---------+
    |layer10_out_V_data_0_V_U   |        1|  36|   0|    -|   100|   16|     1600|
    |layer10_out_V_data_1_V_U   |        1|  36|   0|    -|   100|   16|     1600|
    |layer10_out_V_data_2_V_U   |        1|  36|   0|    -|   100|   16|     1600|
    |layer10_out_V_data_3_V_U   |        1|  36|   0|    -|   100|   16|     1600|
    |layer10_out_V_data_4_V_U   |        1|  36|   0|    -|   100|   16|     1600|
    |layer10_out_V_data_5_V_U   |        1|  36|   0|    -|   100|   16|     1600|
    |layer10_out_V_data_6_V_U   |        1|  36|   0|    -|   100|   16|     1600|
    |layer11_out_V_data_0_V_U   |        1|  36|   0|    -|   100|   16|     1600|
    |layer11_out_V_data_1_V_U   |        1|  36|   0|    -|   100|   16|     1600|
    |layer11_out_V_data_2_V_U   |        1|  36|   0|    -|   100|   16|     1600|
    |layer11_out_V_data_3_V_U   |        1|  36|   0|    -|   100|   16|     1600|
    |layer11_out_V_data_4_V_U   |        1|  36|   0|    -|   100|   16|     1600|
    |layer11_out_V_data_5_V_U   |        1|  36|   0|    -|   100|   16|     1600|
    |layer11_out_V_data_6_V_U   |        1|  36|   0|    -|   100|   16|     1600|
    |layer12_out_V_data_0_V_U   |        1|  36|   0|    -|   100|   16|     1600|
    |layer12_out_V_data_1_V_U   |        1|  36|   0|    -|   100|   16|     1600|
    |layer12_out_V_data_2_V_U   |        1|  36|   0|    -|   100|   16|     1600|
    |layer12_out_V_data_3_V_U   |        1|  36|   0|    -|   100|   16|     1600|
    |layer12_out_V_data_4_V_U   |        1|  36|   0|    -|   100|   16|     1600|
    |layer12_out_V_data_5_V_U   |        1|  36|   0|    -|   100|   16|     1600|
    |layer12_out_V_data_6_V_U   |        1|  36|   0|    -|   100|   16|     1600|
    |layer14_out_V_data_0_V_U   |        1|  36|   0|    -|   100|   16|     1600|
    |layer14_out_V_data_1_V_U   |        1|  36|   0|    -|   100|   16|     1600|
    |layer15_out_V_data_0_V_U   |        1|  36|   0|    -|   100|   16|     1600|
    |layer15_out_V_data_1_V_U   |        1|  36|   0|    -|   100|   16|     1600|
    |layer16_out_V_data_0_V_U   |        1|  36|   0|    -|   100|   16|     1600|
    |layer16_out_V_data_1_V_U   |        1|  36|   0|    -|   100|   16|     1600|
    |layer17_out_V_data_0_V_U   |        1|  36|   0|    -|   100|   16|     1600|
    |layer17_out_V_data_1_V_U   |        1|  36|   0|    -|   100|   16|     1600|
    |layer17_out_V_data_2_V_U   |        1|  36|   0|    -|   100|   16|     1600|
    |layer17_out_V_data_3_V_U   |        1|  36|   0|    -|   100|   16|     1600|
    |layer18_out_V_data_0_V_U   |        1|  36|   0|    -|   100|   16|     1600|
    |layer18_out_V_data_1_V_U   |        1|  36|   0|    -|   100|   16|     1600|
    |layer18_out_V_data_2_V_U   |        1|  36|   0|    -|   100|   16|     1600|
    |layer18_out_V_data_3_V_U   |        1|  36|   0|    -|   100|   16|     1600|
    |layer19_out_V_data_0_V_U   |        1|  36|   0|    -|   100|   16|     1600|
    |layer19_out_V_data_1_V_U   |        1|  36|   0|    -|   100|   16|     1600|
    |layer19_out_V_data_2_V_U   |        1|  36|   0|    -|   100|   16|     1600|
    |layer19_out_V_data_3_V_U   |        1|  36|   0|    -|   100|   16|     1600|
    |layer20_out_V_data_0_V_U   |        1|  36|   0|    -|   100|   16|     1600|
    |layer20_out_V_data_10_V_U  |        1|  36|   0|    -|   100|   16|     1600|
    |layer20_out_V_data_11_V_U  |        1|  36|   0|    -|   100|   16|     1600|
    |layer20_out_V_data_12_V_U  |        1|  36|   0|    -|   100|   16|     1600|
    |layer20_out_V_data_1_V_U   |        1|  36|   0|    -|   100|   16|     1600|
    |layer20_out_V_data_2_V_U   |        1|  36|   0|    -|   100|   16|     1600|
    |layer20_out_V_data_3_V_U   |        1|  36|   0|    -|   100|   16|     1600|
    |layer20_out_V_data_4_V_U   |        1|  36|   0|    -|   100|   16|     1600|
    |layer20_out_V_data_5_V_U   |        1|  36|   0|    -|   100|   16|     1600|
    |layer20_out_V_data_6_V_U   |        1|  36|   0|    -|   100|   16|     1600|
    |layer20_out_V_data_7_V_U   |        1|  36|   0|    -|   100|   16|     1600|
    |layer20_out_V_data_8_V_U   |        1|  36|   0|    -|   100|   16|     1600|
    |layer20_out_V_data_9_V_U   |        1|  36|   0|    -|   100|   16|     1600|
    |layer21_out_V_data_0_V_U   |        1|  36|   0|    -|   100|   16|     1600|
    |layer21_out_V_data_10_V_U  |        1|  36|   0|    -|   100|   16|     1600|
    |layer21_out_V_data_11_V_U  |        1|  36|   0|    -|   100|   16|     1600|
    |layer21_out_V_data_12_V_U  |        1|  36|   0|    -|   100|   16|     1600|
    |layer21_out_V_data_1_V_U   |        1|  36|   0|    -|   100|   16|     1600|
    |layer21_out_V_data_2_V_U   |        1|  36|   0|    -|   100|   16|     1600|
    |layer21_out_V_data_3_V_U   |        1|  36|   0|    -|   100|   16|     1600|
    |layer21_out_V_data_4_V_U   |        1|  36|   0|    -|   100|   16|     1600|
    |layer21_out_V_data_5_V_U   |        1|  36|   0|    -|   100|   16|     1600|
    |layer21_out_V_data_6_V_U   |        1|  36|   0|    -|   100|   16|     1600|
    |layer21_out_V_data_7_V_U   |        1|  36|   0|    -|   100|   16|     1600|
    |layer21_out_V_data_8_V_U   |        1|  36|   0|    -|   100|   16|     1600|
    |layer21_out_V_data_9_V_U   |        1|  36|   0|    -|   100|   16|     1600|
    |layer22_out_V_data_0_V_U   |        1|  36|   0|    -|   100|   16|     1600|
    |layer22_out_V_data_10_V_U  |        1|  36|   0|    -|   100|   16|     1600|
    |layer22_out_V_data_11_V_U  |        1|  36|   0|    -|   100|   16|     1600|
    |layer22_out_V_data_12_V_U  |        1|  36|   0|    -|   100|   16|     1600|
    |layer22_out_V_data_1_V_U   |        1|  36|   0|    -|   100|   16|     1600|
    |layer22_out_V_data_2_V_U   |        1|  36|   0|    -|   100|   16|     1600|
    |layer22_out_V_data_3_V_U   |        1|  36|   0|    -|   100|   16|     1600|
    |layer22_out_V_data_4_V_U   |        1|  36|   0|    -|   100|   16|     1600|
    |layer22_out_V_data_5_V_U   |        1|  36|   0|    -|   100|   16|     1600|
    |layer22_out_V_data_6_V_U   |        1|  36|   0|    -|   100|   16|     1600|
    |layer22_out_V_data_7_V_U   |        1|  36|   0|    -|   100|   16|     1600|
    |layer22_out_V_data_8_V_U   |        1|  36|   0|    -|   100|   16|     1600|
    |layer22_out_V_data_9_V_U   |        1|  36|   0|    -|   100|   16|     1600|
    |layer23_out_V_data_0_V_U   |        1|  36|   0|    -|   100|   16|     1600|
    |layer23_out_V_data_10_V_U  |        1|  36|   0|    -|   100|   16|     1600|
    |layer23_out_V_data_11_V_U  |        1|  36|   0|    -|   100|   16|     1600|
    |layer23_out_V_data_12_V_U  |        1|  36|   0|    -|   100|   16|     1600|
    |layer23_out_V_data_13_V_U  |        1|  36|   0|    -|   100|   16|     1600|
    |layer23_out_V_data_14_V_U  |        1|  36|   0|    -|   100|   16|     1600|
    |layer23_out_V_data_15_V_U  |        1|  36|   0|    -|   100|   16|     1600|
    |layer23_out_V_data_16_V_U  |        1|  36|   0|    -|   100|   16|     1600|
    |layer23_out_V_data_17_V_U  |        1|  36|   0|    -|   100|   16|     1600|
    |layer23_out_V_data_18_V_U  |        1|  36|   0|    -|   100|   16|     1600|
    |layer23_out_V_data_19_V_U  |        1|  36|   0|    -|   100|   16|     1600|
    |layer23_out_V_data_1_V_U   |        1|  36|   0|    -|   100|   16|     1600|
    |layer23_out_V_data_20_V_U  |        1|  36|   0|    -|   100|   16|     1600|
    |layer23_out_V_data_21_V_U  |        1|  36|   0|    -|   100|   16|     1600|
    |layer23_out_V_data_22_V_U  |        1|  36|   0|    -|   100|   16|     1600|
    |layer23_out_V_data_23_V_U  |        1|  36|   0|    -|   100|   16|     1600|
    |layer23_out_V_data_24_V_U  |        1|  36|   0|    -|   100|   16|     1600|
    |layer23_out_V_data_25_V_U  |        1|  36|   0|    -|   100|   16|     1600|
    |layer23_out_V_data_26_V_U  |        1|  36|   0|    -|   100|   16|     1600|
    |layer23_out_V_data_27_V_U  |        1|  36|   0|    -|   100|   16|     1600|
    |layer23_out_V_data_28_V_U  |        1|  36|   0|    -|   100|   16|     1600|
    |layer23_out_V_data_2_V_U   |        1|  36|   0|    -|   100|   16|     1600|
    |layer23_out_V_data_3_V_U   |        1|  36|   0|    -|   100|   16|     1600|
    |layer23_out_V_data_4_V_U   |        1|  36|   0|    -|   100|   16|     1600|
    |layer23_out_V_data_5_V_U   |        1|  36|   0|    -|   100|   16|     1600|
    |layer23_out_V_data_6_V_U   |        1|  36|   0|    -|   100|   16|     1600|
    |layer23_out_V_data_7_V_U   |        1|  36|   0|    -|   100|   16|     1600|
    |layer23_out_V_data_8_V_U   |        1|  36|   0|    -|   100|   16|     1600|
    |layer23_out_V_data_9_V_U   |        1|  36|   0|    -|   100|   16|     1600|
    |layer25_out_V_data_0_V_U   |        1|  36|   0|    -|   100|   16|     1600|
    |layer25_out_V_data_1_V_U   |        1|  36|   0|    -|   100|   16|     1600|
    |layer25_out_V_data_2_V_U   |        1|  36|   0|    -|   100|   16|     1600|
    |layer26_out_V_data_0_V_U   |        1|  36|   0|    -|   100|   16|     1600|
    |layer26_out_V_data_10_V_U  |        1|  36|   0|    -|   100|   16|     1600|
    |layer26_out_V_data_11_V_U  |        1|  36|   0|    -|   100|   16|     1600|
    |layer26_out_V_data_1_V_U   |        1|  36|   0|    -|   100|   16|     1600|
    |layer26_out_V_data_2_V_U   |        1|  36|   0|    -|   100|   16|     1600|
    |layer26_out_V_data_3_V_U   |        1|  36|   0|    -|   100|   16|     1600|
    |layer26_out_V_data_4_V_U   |        1|  36|   0|    -|   100|   16|     1600|
    |layer26_out_V_data_5_V_U   |        1|  36|   0|    -|   100|   16|     1600|
    |layer26_out_V_data_6_V_U   |        1|  36|   0|    -|   100|   16|     1600|
    |layer26_out_V_data_7_V_U   |        1|  36|   0|    -|   100|   16|     1600|
    |layer26_out_V_data_8_V_U   |        1|  36|   0|    -|   100|   16|     1600|
    |layer26_out_V_data_9_V_U   |        1|  36|   0|    -|   100|   16|     1600|
    |layer27_out_V_data_0_V_U   |        1|  36|   0|    -|   100|   16|     1600|
    |layer27_out_V_data_1_V_U   |        1|  36|   0|    -|   100|   16|     1600|
    |layer27_out_V_data_2_V_U   |        1|  36|   0|    -|   100|   16|     1600|
    |layer27_out_V_data_3_V_U   |        1|  36|   0|    -|   100|   16|     1600|
    |layer27_out_V_data_4_V_U   |        1|  36|   0|    -|   100|   16|     1600|
    |layer27_out_V_data_5_V_U   |        1|  36|   0|    -|   100|   16|     1600|
    |layer27_out_V_data_6_V_U   |        1|  36|   0|    -|   100|   16|     1600|
    |layer27_out_V_data_7_V_U   |        1|  36|   0|    -|   100|   16|     1600|
    |layer27_out_V_data_8_V_U   |        1|  36|   0|    -|   100|   16|     1600|
    |layer28_out_V_data_0_V_U   |        1|  36|   0|    -|   100|   16|     1600|
    |layer28_out_V_data_10_V_U  |        1|  36|   0|    -|   100|   16|     1600|
    |layer28_out_V_data_1_V_U   |        1|  36|   0|    -|   100|   16|     1600|
    |layer28_out_V_data_2_V_U   |        1|  36|   0|    -|   100|   16|     1600|
    |layer28_out_V_data_3_V_U   |        1|  36|   0|    -|   100|   16|     1600|
    |layer28_out_V_data_4_V_U   |        1|  36|   0|    -|   100|   16|     1600|
    |layer28_out_V_data_5_V_U   |        1|  36|   0|    -|   100|   16|     1600|
    |layer28_out_V_data_6_V_U   |        1|  36|   0|    -|   100|   16|     1600|
    |layer28_out_V_data_7_V_U   |        1|  36|   0|    -|   100|   16|     1600|
    |layer28_out_V_data_8_V_U   |        1|  36|   0|    -|   100|   16|     1600|
    |layer28_out_V_data_9_V_U   |        1|  36|   0|    -|   100|   16|     1600|
    |layer2_out_V_data_0_V_U    |        1|  36|   0|    -|   100|   16|     1600|
    |layer2_out_V_data_10_V_U   |        1|  36|   0|    -|   100|   16|     1600|
    |layer2_out_V_data_11_V_U   |        1|  36|   0|    -|   100|   16|     1600|
    |layer2_out_V_data_1_V_U    |        1|  36|   0|    -|   100|   16|     1600|
    |layer2_out_V_data_2_V_U    |        1|  36|   0|    -|   100|   16|     1600|
    |layer2_out_V_data_3_V_U    |        1|  36|   0|    -|   100|   16|     1600|
    |layer2_out_V_data_4_V_U    |        1|  36|   0|    -|   100|   16|     1600|
    |layer2_out_V_data_5_V_U    |        1|  36|   0|    -|   100|   16|     1600|
    |layer2_out_V_data_6_V_U    |        1|  36|   0|    -|   100|   16|     1600|
    |layer2_out_V_data_7_V_U    |        1|  36|   0|    -|   100|   16|     1600|
    |layer2_out_V_data_8_V_U    |        1|  36|   0|    -|   100|   16|     1600|
    |layer2_out_V_data_9_V_U    |        1|  36|   0|    -|   100|   16|     1600|
    |layer3_out_V_data_0_V_U    |        1|  36|   0|    -|   100|   16|     1600|
    |layer3_out_V_data_10_V_U   |        1|  36|   0|    -|   100|   16|     1600|
    |layer3_out_V_data_11_V_U   |        1|  36|   0|    -|   100|   16|     1600|
    |layer3_out_V_data_1_V_U    |        1|  36|   0|    -|   100|   16|     1600|
    |layer3_out_V_data_2_V_U    |        1|  36|   0|    -|   100|   16|     1600|
    |layer3_out_V_data_3_V_U    |        1|  36|   0|    -|   100|   16|     1600|
    |layer3_out_V_data_4_V_U    |        1|  36|   0|    -|   100|   16|     1600|
    |layer3_out_V_data_5_V_U    |        1|  36|   0|    -|   100|   16|     1600|
    |layer3_out_V_data_6_V_U    |        1|  36|   0|    -|   100|   16|     1600|
    |layer3_out_V_data_7_V_U    |        1|  36|   0|    -|   100|   16|     1600|
    |layer3_out_V_data_8_V_U    |        1|  36|   0|    -|   100|   16|     1600|
    |layer3_out_V_data_9_V_U    |        1|  36|   0|    -|   100|   16|     1600|
    |layer4_out_V_data_0_V_U    |        1|  36|   0|    -|   100|   16|     1600|
    |layer4_out_V_data_1_V_U    |        1|  36|   0|    -|   100|   16|     1600|
    |layer4_out_V_data_2_V_U    |        1|  36|   0|    -|   100|   16|     1600|
    |layer4_out_V_data_3_V_U    |        1|  36|   0|    -|   100|   16|     1600|
    |layer4_out_V_data_4_V_U    |        1|  36|   0|    -|   100|   16|     1600|
    |layer4_out_V_data_5_V_U    |        1|  36|   0|    -|   100|   16|     1600|
    |layer4_out_V_data_6_V_U    |        1|  36|   0|    -|   100|   16|     1600|
    |layer4_out_V_data_7_V_U    |        1|  36|   0|    -|   100|   16|     1600|
    |layer4_out_V_data_8_V_U    |        1|  36|   0|    -|   100|   16|     1600|
    |layer5_out_V_data_0_V_U    |        1|  36|   0|    -|   100|   16|     1600|
    |layer5_out_V_data_1_V_U    |        1|  36|   0|    -|   100|   16|     1600|
    |layer5_out_V_data_2_V_U    |        1|  36|   0|    -|   100|   16|     1600|
    |layer5_out_V_data_3_V_U    |        1|  36|   0|    -|   100|   16|     1600|
    |layer5_out_V_data_4_V_U    |        1|  36|   0|    -|   100|   16|     1600|
    |layer5_out_V_data_5_V_U    |        1|  36|   0|    -|   100|   16|     1600|
    |layer5_out_V_data_6_V_U    |        1|  36|   0|    -|   100|   16|     1600|
    |layer5_out_V_data_7_V_U    |        1|  36|   0|    -|   100|   16|     1600|
    |layer5_out_V_data_8_V_U    |        1|  36|   0|    -|   100|   16|     1600|
    |layer6_out_V_data_0_V_U    |        1|  36|   0|    -|   100|   16|     1600|
    |layer6_out_V_data_1_V_U    |        1|  36|   0|    -|   100|   16|     1600|
    |layer6_out_V_data_2_V_U    |        1|  36|   0|    -|   100|   16|     1600|
    |layer6_out_V_data_3_V_U    |        1|  36|   0|    -|   100|   16|     1600|
    |layer6_out_V_data_4_V_U    |        1|  36|   0|    -|   100|   16|     1600|
    |layer6_out_V_data_5_V_U    |        1|  36|   0|    -|   100|   16|     1600|
    |layer6_out_V_data_6_V_U    |        1|  36|   0|    -|   100|   16|     1600|
    |layer6_out_V_data_7_V_U    |        1|  36|   0|    -|   100|   16|     1600|
    |layer6_out_V_data_8_V_U    |        1|  36|   0|    -|   100|   16|     1600|
    |layer7_out_V_data_0_V_U    |        1|  36|   0|    -|   100|   16|     1600|
    |layer7_out_V_data_10_V_U   |        1|  36|   0|    -|   100|   16|     1600|
    |layer7_out_V_data_1_V_U    |        1|  36|   0|    -|   100|   16|     1600|
    |layer7_out_V_data_2_V_U    |        1|  36|   0|    -|   100|   16|     1600|
    |layer7_out_V_data_3_V_U    |        1|  36|   0|    -|   100|   16|     1600|
    |layer7_out_V_data_4_V_U    |        1|  36|   0|    -|   100|   16|     1600|
    |layer7_out_V_data_5_V_U    |        1|  36|   0|    -|   100|   16|     1600|
    |layer7_out_V_data_6_V_U    |        1|  36|   0|    -|   100|   16|     1600|
    |layer7_out_V_data_7_V_U    |        1|  36|   0|    -|   100|   16|     1600|
    |layer7_out_V_data_8_V_U    |        1|  36|   0|    -|   100|   16|     1600|
    |layer7_out_V_data_9_V_U    |        1|  36|   0|    -|   100|   16|     1600|
    |layer8_out_V_data_0_V_U    |        1|  36|   0|    -|   100|   16|     1600|
    |layer8_out_V_data_10_V_U   |        1|  36|   0|    -|   100|   16|     1600|
    |layer8_out_V_data_1_V_U    |        1|  36|   0|    -|   100|   16|     1600|
    |layer8_out_V_data_2_V_U    |        1|  36|   0|    -|   100|   16|     1600|
    |layer8_out_V_data_3_V_U    |        1|  36|   0|    -|   100|   16|     1600|
    |layer8_out_V_data_4_V_U    |        1|  36|   0|    -|   100|   16|     1600|
    |layer8_out_V_data_5_V_U    |        1|  36|   0|    -|   100|   16|     1600|
    |layer8_out_V_data_6_V_U    |        1|  36|   0|    -|   100|   16|     1600|
    |layer8_out_V_data_7_V_U    |        1|  36|   0|    -|   100|   16|     1600|
    |layer8_out_V_data_8_V_U    |        1|  36|   0|    -|   100|   16|     1600|
    |layer8_out_V_data_9_V_U    |        1|  36|   0|    -|   100|   16|     1600|
    |layer9_out_V_data_0_V_U    |        1|  36|   0|    -|   100|   16|     1600|
    |layer9_out_V_data_10_V_U   |        1|  36|   0|    -|   100|   16|     1600|
    |layer9_out_V_data_1_V_U    |        1|  36|   0|    -|   100|   16|     1600|
    |layer9_out_V_data_2_V_U    |        1|  36|   0|    -|   100|   16|     1600|
    |layer9_out_V_data_3_V_U    |        1|  36|   0|    -|   100|   16|     1600|
    |layer9_out_V_data_4_V_U    |        1|  36|   0|    -|   100|   16|     1600|
    |layer9_out_V_data_5_V_U    |        1|  36|   0|    -|   100|   16|     1600|
    |layer9_out_V_data_6_V_U    |        1|  36|   0|    -|   100|   16|     1600|
    |layer9_out_V_data_7_V_U    |        1|  36|   0|    -|   100|   16|     1600|
    |layer9_out_V_data_8_V_U    |        1|  36|   0|    -|   100|   16|     1600|
    |layer9_out_V_data_9_V_U    |        1|  36|   0|    -|   100|   16|     1600|
    +---------------------------+---------+----+----+-----+------+-----+---------+
    |Total                      |      226|8136|   0|    0| 22600| 3616|   361600|
    +---------------------------+---------+----+----+-----+------+-----+---------+

    * Expression: 
    +--------------+----------+-------+---+----+------------+------------+
    | Variable Name| Operation| DSP48E| FF| LUT| Bitwidth P0| Bitwidth P1|
    +--------------+----------+-------+---+----+------------+------------+
    |ap_idle       |    and   |      0|  0|   2|           1|           1|
    +--------------+----------+-------+---+----+------------+------------+
    |Total         |          |      0|  0|   2|           1|           1|
    +--------------+----------+-------+---+----+------------+------------+

    * Multiplexer: 
    N/A

    * Register: 
    N/A



================================================================
== Interface
================================================================
* Summary: 
+--------------------------------+-----+-----+------------+-------------------------+--------------+
|            RTL Ports           | Dir | Bits|  Protocol  |      Source Object      |    C Type    |
+--------------------------------+-----+-----+------------+-------------------------+--------------+
|input_1_V_data_0_V_TDATA        |  in |   16|    axis    |    input_1_V_data_0_V   |    pointer   |
|input_1_V_data_0_V_TVALID       |  in |    1|    axis    |    input_1_V_data_0_V   |    pointer   |
|input_1_V_data_0_V_TREADY       | out |    1|    axis    |    input_1_V_data_0_V   |    pointer   |
|input_1_V_data_1_V_TDATA        |  in |   16|    axis    |    input_1_V_data_1_V   |    pointer   |
|input_1_V_data_1_V_TVALID       |  in |    1|    axis    |    input_1_V_data_1_V   |    pointer   |
|input_1_V_data_1_V_TREADY       | out |    1|    axis    |    input_1_V_data_1_V   |    pointer   |
|input_1_V_data_2_V_TDATA        |  in |   16|    axis    |    input_1_V_data_2_V   |    pointer   |
|input_1_V_data_2_V_TVALID       |  in |    1|    axis    |    input_1_V_data_2_V   |    pointer   |
|input_1_V_data_2_V_TREADY       | out |    1|    axis    |    input_1_V_data_2_V   |    pointer   |
|layer24_out_V_data_0_V_TDATA    | out |   16|    axis    |  layer24_out_V_data_0_V |    pointer   |
|layer24_out_V_data_0_V_TVALID   | out |    1|    axis    |  layer24_out_V_data_0_V |    pointer   |
|layer24_out_V_data_0_V_TREADY   |  in |    1|    axis    |  layer24_out_V_data_0_V |    pointer   |
|layer24_out_V_data_1_V_TDATA    | out |   16|    axis    |  layer24_out_V_data_1_V |    pointer   |
|layer24_out_V_data_1_V_TVALID   | out |    1|    axis    |  layer24_out_V_data_1_V |    pointer   |
|layer24_out_V_data_1_V_TREADY   |  in |    1|    axis    |  layer24_out_V_data_1_V |    pointer   |
|layer24_out_V_data_2_V_TDATA    | out |   16|    axis    |  layer24_out_V_data_2_V |    pointer   |
|layer24_out_V_data_2_V_TVALID   | out |    1|    axis    |  layer24_out_V_data_2_V |    pointer   |
|layer24_out_V_data_2_V_TREADY   |  in |    1|    axis    |  layer24_out_V_data_2_V |    pointer   |
|layer24_out_V_data_3_V_TDATA    | out |   16|    axis    |  layer24_out_V_data_3_V |    pointer   |
|layer24_out_V_data_3_V_TVALID   | out |    1|    axis    |  layer24_out_V_data_3_V |    pointer   |
|layer24_out_V_data_3_V_TREADY   |  in |    1|    axis    |  layer24_out_V_data_3_V |    pointer   |
|layer24_out_V_data_4_V_TDATA    | out |   16|    axis    |  layer24_out_V_data_4_V |    pointer   |
|layer24_out_V_data_4_V_TVALID   | out |    1|    axis    |  layer24_out_V_data_4_V |    pointer   |
|layer24_out_V_data_4_V_TREADY   |  in |    1|    axis    |  layer24_out_V_data_4_V |    pointer   |
|layer24_out_V_data_5_V_TDATA    | out |   16|    axis    |  layer24_out_V_data_5_V |    pointer   |
|layer24_out_V_data_5_V_TVALID   | out |    1|    axis    |  layer24_out_V_data_5_V |    pointer   |
|layer24_out_V_data_5_V_TREADY   |  in |    1|    axis    |  layer24_out_V_data_5_V |    pointer   |
|layer24_out_V_data_6_V_TDATA    | out |   16|    axis    |  layer24_out_V_data_6_V |    pointer   |
|layer24_out_V_data_6_V_TVALID   | out |    1|    axis    |  layer24_out_V_data_6_V |    pointer   |
|layer24_out_V_data_6_V_TREADY   |  in |    1|    axis    |  layer24_out_V_data_6_V |    pointer   |
|layer24_out_V_data_7_V_TDATA    | out |   16|    axis    |  layer24_out_V_data_7_V |    pointer   |
|layer24_out_V_data_7_V_TVALID   | out |    1|    axis    |  layer24_out_V_data_7_V |    pointer   |
|layer24_out_V_data_7_V_TREADY   |  in |    1|    axis    |  layer24_out_V_data_7_V |    pointer   |
|layer24_out_V_data_8_V_TDATA    | out |   16|    axis    |  layer24_out_V_data_8_V |    pointer   |
|layer24_out_V_data_8_V_TVALID   | out |    1|    axis    |  layer24_out_V_data_8_V |    pointer   |
|layer24_out_V_data_8_V_TREADY   |  in |    1|    axis    |  layer24_out_V_data_8_V |    pointer   |
|layer24_out_V_data_9_V_TDATA    | out |   16|    axis    |  layer24_out_V_data_9_V |    pointer   |
|layer24_out_V_data_9_V_TVALID   | out |    1|    axis    |  layer24_out_V_data_9_V |    pointer   |
|layer24_out_V_data_9_V_TREADY   |  in |    1|    axis    |  layer24_out_V_data_9_V |    pointer   |
|layer24_out_V_data_10_V_TDATA   | out |   16|    axis    | layer24_out_V_data_10_V |    pointer   |
|layer24_out_V_data_10_V_TVALID  | out |    1|    axis    | layer24_out_V_data_10_V |    pointer   |
|layer24_out_V_data_10_V_TREADY  |  in |    1|    axis    | layer24_out_V_data_10_V |    pointer   |
|layer24_out_V_data_11_V_TDATA   | out |   16|    axis    | layer24_out_V_data_11_V |    pointer   |
|layer24_out_V_data_11_V_TVALID  | out |    1|    axis    | layer24_out_V_data_11_V |    pointer   |
|layer24_out_V_data_11_V_TREADY  |  in |    1|    axis    | layer24_out_V_data_11_V |    pointer   |
|layer24_out_V_data_12_V_TDATA   | out |   16|    axis    | layer24_out_V_data_12_V |    pointer   |
|layer24_out_V_data_12_V_TVALID  | out |    1|    axis    | layer24_out_V_data_12_V |    pointer   |
|layer24_out_V_data_12_V_TREADY  |  in |    1|    axis    | layer24_out_V_data_12_V |    pointer   |
|layer24_out_V_data_13_V_TDATA   | out |   16|    axis    | layer24_out_V_data_13_V |    pointer   |
|layer24_out_V_data_13_V_TVALID  | out |    1|    axis    | layer24_out_V_data_13_V |    pointer   |
|layer24_out_V_data_13_V_TREADY  |  in |    1|    axis    | layer24_out_V_data_13_V |    pointer   |
|layer24_out_V_data_14_V_TDATA   | out |   16|    axis    | layer24_out_V_data_14_V |    pointer   |
|layer24_out_V_data_14_V_TVALID  | out |    1|    axis    | layer24_out_V_data_14_V |    pointer   |
|layer24_out_V_data_14_V_TREADY  |  in |    1|    axis    | layer24_out_V_data_14_V |    pointer   |
|layer24_out_V_data_15_V_TDATA   | out |   16|    axis    | layer24_out_V_data_15_V |    pointer   |
|layer24_out_V_data_15_V_TVALID  | out |    1|    axis    | layer24_out_V_data_15_V |    pointer   |
|layer24_out_V_data_15_V_TREADY  |  in |    1|    axis    | layer24_out_V_data_15_V |    pointer   |
|layer24_out_V_data_16_V_TDATA   | out |   16|    axis    | layer24_out_V_data_16_V |    pointer   |
|layer24_out_V_data_16_V_TVALID  | out |    1|    axis    | layer24_out_V_data_16_V |    pointer   |
|layer24_out_V_data_16_V_TREADY  |  in |    1|    axis    | layer24_out_V_data_16_V |    pointer   |
|layer24_out_V_data_17_V_TDATA   | out |   16|    axis    | layer24_out_V_data_17_V |    pointer   |
|layer24_out_V_data_17_V_TVALID  | out |    1|    axis    | layer24_out_V_data_17_V |    pointer   |
|layer24_out_V_data_17_V_TREADY  |  in |    1|    axis    | layer24_out_V_data_17_V |    pointer   |
|layer24_out_V_data_18_V_TDATA   | out |   16|    axis    | layer24_out_V_data_18_V |    pointer   |
|layer24_out_V_data_18_V_TVALID  | out |    1|    axis    | layer24_out_V_data_18_V |    pointer   |
|layer24_out_V_data_18_V_TREADY  |  in |    1|    axis    | layer24_out_V_data_18_V |    pointer   |
|layer24_out_V_data_19_V_TDATA   | out |   16|    axis    | layer24_out_V_data_19_V |    pointer   |
|layer24_out_V_data_19_V_TVALID  | out |    1|    axis    | layer24_out_V_data_19_V |    pointer   |
|layer24_out_V_data_19_V_TREADY  |  in |    1|    axis    | layer24_out_V_data_19_V |    pointer   |
|layer24_out_V_data_20_V_TDATA   | out |   16|    axis    | layer24_out_V_data_20_V |    pointer   |
|layer24_out_V_data_20_V_TVALID  | out |    1|    axis    | layer24_out_V_data_20_V |    pointer   |
|layer24_out_V_data_20_V_TREADY  |  in |    1|    axis    | layer24_out_V_data_20_V |    pointer   |
|layer24_out_V_data_21_V_TDATA   | out |   16|    axis    | layer24_out_V_data_21_V |    pointer   |
|layer24_out_V_data_21_V_TVALID  | out |    1|    axis    | layer24_out_V_data_21_V |    pointer   |
|layer24_out_V_data_21_V_TREADY  |  in |    1|    axis    | layer24_out_V_data_21_V |    pointer   |
|layer24_out_V_data_22_V_TDATA   | out |   16|    axis    | layer24_out_V_data_22_V |    pointer   |
|layer24_out_V_data_22_V_TVALID  | out |    1|    axis    | layer24_out_V_data_22_V |    pointer   |
|layer24_out_V_data_22_V_TREADY  |  in |    1|    axis    | layer24_out_V_data_22_V |    pointer   |
|layer24_out_V_data_23_V_TDATA   | out |   16|    axis    | layer24_out_V_data_23_V |    pointer   |
|layer24_out_V_data_23_V_TVALID  | out |    1|    axis    | layer24_out_V_data_23_V |    pointer   |
|layer24_out_V_data_23_V_TREADY  |  in |    1|    axis    | layer24_out_V_data_23_V |    pointer   |
|layer24_out_V_data_24_V_TDATA   | out |   16|    axis    | layer24_out_V_data_24_V |    pointer   |
|layer24_out_V_data_24_V_TVALID  | out |    1|    axis    | layer24_out_V_data_24_V |    pointer   |
|layer24_out_V_data_24_V_TREADY  |  in |    1|    axis    | layer24_out_V_data_24_V |    pointer   |
|layer24_out_V_data_25_V_TDATA   | out |   16|    axis    | layer24_out_V_data_25_V |    pointer   |
|layer24_out_V_data_25_V_TVALID  | out |    1|    axis    | layer24_out_V_data_25_V |    pointer   |
|layer24_out_V_data_25_V_TREADY  |  in |    1|    axis    | layer24_out_V_data_25_V |    pointer   |
|layer24_out_V_data_26_V_TDATA   | out |   16|    axis    | layer24_out_V_data_26_V |    pointer   |
|layer24_out_V_data_26_V_TVALID  | out |    1|    axis    | layer24_out_V_data_26_V |    pointer   |
|layer24_out_V_data_26_V_TREADY  |  in |    1|    axis    | layer24_out_V_data_26_V |    pointer   |
|layer24_out_V_data_27_V_TDATA   | out |   16|    axis    | layer24_out_V_data_27_V |    pointer   |
|layer24_out_V_data_27_V_TVALID  | out |    1|    axis    | layer24_out_V_data_27_V |    pointer   |
|layer24_out_V_data_27_V_TREADY  |  in |    1|    axis    | layer24_out_V_data_27_V |    pointer   |
|layer24_out_V_data_28_V_TDATA   | out |   16|    axis    | layer24_out_V_data_28_V |    pointer   |
|layer24_out_V_data_28_V_TVALID  | out |    1|    axis    | layer24_out_V_data_28_V |    pointer   |
|layer24_out_V_data_28_V_TREADY  |  in |    1|    axis    | layer24_out_V_data_28_V |    pointer   |
|ap_clk                          |  in |    1| ap_ctrl_hs |        myproject        | return value |
|ap_rst_n                        |  in |    1| ap_ctrl_hs |        myproject        | return value |
|ap_start                        |  in |    1| ap_ctrl_hs |        myproject        | return value |
|ap_done                         | out |    1| ap_ctrl_hs |        myproject        | return value |
|ap_ready                        | out |    1| ap_ctrl_hs |        myproject        | return value |
|ap_idle                         | out |    1| ap_ctrl_hs |        myproject        | return value |
+--------------------------------+-----+-----+------------+-------------------------+--------------+

