

================================================================
== Vivado HLS Report for 'myproject'
================================================================
* Date:           Thu Jul 13 18:29:12 2023

* Version:        2019.2 (Build 2704478 on Wed Nov 06 22:10:23 MST 2019)
* Project:        myproject_prj
* Solution:       solution1
* Product family: zynquplus
* Target device:  xczu7ev-ffvc1156-2-e


================================================================
== Performance Estimates
================================================================
+ Timing: 
    * Summary: 
    +--------+---------+----------+------------+
    |  Clock |  Target | Estimated| Uncertainty|
    +--------+---------+----------+------------+
    |ap_clk  | 5.00 ns | 4.156 ns |   0.62 ns  |
    +--------+---------+----------+------------+

+ Latency: 
    * Summary: 
    +----------+----------+-----------+-----------+---------+----------+----------+
    |   Latency (cycles)  |   Latency (absolute)  |      Interval      | Pipeline |
    |    min   |    max   |    min    |    max    |   min   |    max   |   Type   |
    +----------+----------+-----------+-----------+---------+----------+----------+
    |  16298507|  16304658| 81.493 ms | 81.523 ms |  1436779|  16304653| dataflow |
    +----------+----------+-----------+-----------+---------+----------+----------+

    + Detail: 
        * Instance: 
        +------------------------------------------------------------------------+-----------------------------------------------------------------------+---------+----------+-----------+-----------+---------+----------+----------+
        |                                                                        |                                                                       |  Latency (cycles)  |   Latency (absolute)  |      Interval      | Pipeline |
        |                                Instance                                |                                 Module                                |   min   |    max   |    min    |    max    |   min   |    max   |   Type   |
        +------------------------------------------------------------------------+-----------------------------------------------------------------------+---------+----------+-----------+-----------+---------+----------+----------+
        |dense_array_ap_fixed_8u_array_ap_fixed_16_6_5_3_0_14u_config19_U0       |dense_array_ap_fixed_8u_array_ap_fixed_16_6_5_3_0_14u_config19_s       |     2056|      2057| 10.280 us | 10.285 us |     2056|      2057|   none   |
        |conv_2d_cl_array_ap_fixed_32u_array_ap_fixed_16_6_5_3_0_13u_config6_U0  |conv_2d_cl_array_ap_fixed_32u_array_ap_fixed_16_6_5_3_0_13u_config6_s  |  1436778|  16304652|  7.184 ms | 81.523 ms |  1436778|  16304652|   none   |
        |pooling2d_cl_array_array_ap_fixed_16_6_5_3_0_32u_config5_U0             |pooling2d_cl_array_array_ap_fixed_16_6_5_3_0_32u_config5_s             |    15879|     15879| 79.395 us | 79.395 us |    15879|     15879|   none   |
        |conv_2d_cl_array_ap_fixed_13u_array_ap_fixed_16_6_5_3_0_9u_config10_U0  |conv_2d_cl_array_ap_fixed_13u_array_ap_fixed_16_6_5_3_0_9u_config10_s  |   137700|   1087200|  0.689 ms |  5.436 ms |   137700|   1087200|   none   |
        |conv_2d_cl_array_ap_fixed_9u_array_ap_fixed_16_6_5_3_0_8u_config14_U0   |conv_2d_cl_array_ap_fixed_9u_array_ap_fixed_16_6_5_3_0_8u_config14_s   |    21364|    148764|  0.107 ms |  0.744 ms |    21364|    148764|   none   |
        |relu_array_ap_fixed_40u_array_ap_ufixed_6_0_4_0_0_40u_relu_config24_U0  |relu_array_ap_fixed_40u_array_ap_ufixed_6_0_4_0_0_40u_relu_config24_s  |        1|         1|  5.000 ns |  5.000 ns |        1|         1| function |
        |pooling2d_cl_array_array_ap_fixed_16_6_5_3_0_13u_config9_U0             |pooling2d_cl_array_array_ap_fixed_16_6_5_3_0_13u_config9_s             |     3724|      3724| 18.620 us | 18.620 us |     3724|      3724|   none   |
        |relu_array_ap_fixed_32u_array_ap_ufixed_6_0_4_0_0_32u_relu_config4_U0   |relu_array_ap_fixed_32u_array_ap_ufixed_6_0_4_0_0_32u_relu_config4_s   |    15879|     15879| 79.395 us | 79.395 us |    15879|     15879|   none   |
        |dense_array_ap_ufixed_14u_array_ap_fixed_16_6_5_3_0_40u_config22_U0     |dense_array_ap_ufixed_14u_array_ap_fixed_16_6_5_3_0_40u_config22_s     |      562|       563|  2.810 us |  2.815 us |      562|       563|   none   |
        |pooling2d_cl_array_array_ap_fixed_16_6_5_3_0_9u_config13_U0             |pooling2d_cl_array_array_ap_fixed_16_6_5_3_0_9u_config13_s             |      787|       787|  3.935 us |  3.935 us |      787|       787|   none   |
        |pooling2d_cl_array_array_ap_fixed_16_6_5_3_0_8u_config17_U0             |pooling2d_cl_array_array_ap_fixed_16_6_5_3_0_8u_config17_s             |      147|       147|  0.735 us |  0.735 us |      147|       147|   none   |
        |relu_array_ap_fixed_14u_array_ap_ufixed_6_0_4_0_0_14u_relu_config21_U0  |relu_array_ap_fixed_14u_array_ap_ufixed_6_0_4_0_0_14u_relu_config21_s  |        1|         1|  5.000 ns |  5.000 ns |        1|         1| function |
        |relu_array_ap_fixed_13u_array_ap_ufixed_6_0_4_0_0_13u_relu_config8_U0   |relu_array_ap_fixed_13u_array_ap_ufixed_6_0_4_0_0_13u_relu_config8_s   |     3724|      3724| 18.620 us | 18.620 us |     3724|      3724|   none   |
        |dense_array_ap_ufixed_40u_array_ap_fixed_16_6_5_3_0_1u_config25_U0      |dense_array_ap_ufixed_40u_array_ap_fixed_16_6_5_3_0_1u_config25_s      |        8|         8| 40.000 ns | 40.000 ns |        8|         8|   none   |
        |relu_array_ap_fixed_9u_array_ap_ufixed_6_0_4_0_0_9u_relu_config12_U0    |relu_array_ap_fixed_9u_array_ap_ufixed_6_0_4_0_0_9u_relu_config12_s    |      787|       787|  3.935 us |  3.935 us |      787|       787|   none   |
        |relu_array_ap_fixed_8u_array_ap_ufixed_6_0_4_0_0_8u_relu_config16_U0    |relu_array_ap_fixed_8u_array_ap_ufixed_6_0_4_0_0_8u_relu_config16_s    |      147|       147|  0.735 us |  0.735 us |      147|       147|   none   |
        |conv_2d_cl_array_ap_fixed_3u_array_ap_fixed_16_6_5_3_0_32u_config2_U0   |conv_2d_cl_array_ap_fixed_3u_array_ap_fixed_16_6_5_3_0_32u_config2_s   |    32769|     32769|  0.164 ms |  0.164 ms |    32769|     32769|   none   |
        |sigmoid_array_array_ap_fixed_16_6_5_3_0_1u_sigmoid_config27_U0          |sigmoid_array_array_ap_fixed_16_6_5_3_0_1u_sigmoid_config27_s          |        3|         3| 15.000 ns | 15.000 ns |        1|         1| function |
        |normalize_array_ap_fixed_1u_array_ap_fixed_8_6_5_3_0_1u_config28_U0     |normalize_array_ap_fixed_1u_array_ap_fixed_8_6_5_3_0_1u_config28_s     |        0|         0|    0 ns   |    0 ns   |        1|         1| function |
        |linear_array_array_ap_fixed_16_6_5_3_0_1u_linear_config26_U0            |linear_array_array_ap_fixed_16_6_5_3_0_1u_linear_config26_s            |        0|         0|    0 ns   |    0 ns   |        1|         1| function |
        +------------------------------------------------------------------------+-----------------------------------------------------------------------+---------+----------+-----------+-----------+---------+----------+----------+

        * Loop: 
        N/A



================================================================
== Utilization Estimates
================================================================
* Summary: 
+-----------------+---------+-------+--------+--------+-----+
|       Name      | BRAM_18K| DSP48E|   FF   |   LUT  | URAM|
+-----------------+---------+-------+--------+--------+-----+
|DSP              |        -|      -|       -|       -|    -|
|Expression       |        -|      -|       0|       2|    -|
|FIFO             |      297|      -|    9524|   11603|    -|
|Instance         |       13|      4|   45459|   70677|    -|
|Memory           |        -|      -|       -|       -|    -|
|Multiplexer      |        -|      -|       -|       -|    -|
|Register         |        -|      -|       -|       -|    -|
+-----------------+---------+-------+--------+--------+-----+
|Total            |      310|      4|   54983|   82282|    0|
+-----------------+---------+-------+--------+--------+-----+
|Available        |      624|   1728|  460800|  230400|   96|
+-----------------+---------+-------+--------+--------+-----+
|Utilization (%)  |       49|   ~0  |      11|      35|    0|
+-----------------+---------+-------+--------+--------+-----+

+ Detail: 
    * Instance: 
    +------------------------------------------------------------------------+-----------------------------------------------------------------------+---------+-------+-------+-------+-----+
    |                                Instance                                |                                 Module                                | BRAM_18K| DSP48E|   FF  |  LUT  | URAM|
    +------------------------------------------------------------------------+-----------------------------------------------------------------------+---------+-------+-------+-------+-----+
    |conv_2d_cl_array_ap_fixed_13u_array_ap_fixed_16_6_5_3_0_9u_config10_U0  |conv_2d_cl_array_ap_fixed_13u_array_ap_fixed_16_6_5_3_0_9u_config10_s  |        2|      1|   5411|   4416|    0|
    |conv_2d_cl_array_ap_fixed_32u_array_ap_fixed_16_6_5_3_0_13u_config6_U0  |conv_2d_cl_array_ap_fixed_32u_array_ap_fixed_16_6_5_3_0_13u_config6_s  |        3|      1|  12478|   9339|    0|
    |conv_2d_cl_array_ap_fixed_3u_array_ap_fixed_16_6_5_3_0_32u_config2_U0   |conv_2d_cl_array_ap_fixed_3u_array_ap_fixed_16_6_5_3_0_32u_config2_s   |        0|      0|    609|   1468|    0|
    |conv_2d_cl_array_ap_fixed_9u_array_ap_fixed_16_6_5_3_0_8u_config14_U0   |conv_2d_cl_array_ap_fixed_9u_array_ap_fixed_16_6_5_3_0_8u_config14_s   |        2|      1|   3916|   3696|    0|
    |dense_array_ap_fixed_8u_array_ap_fixed_16_6_5_3_0_14u_config19_U0       |dense_array_ap_fixed_8u_array_ap_fixed_16_6_5_3_0_14u_config19_s       |        3|      1|  14197|  12798|    0|
    |dense_array_ap_ufixed_14u_array_ap_fixed_16_6_5_3_0_40u_config22_U0     |dense_array_ap_ufixed_14u_array_ap_fixed_16_6_5_3_0_40u_config22_s     |        2|      0|   1915|   3654|    0|
    |dense_array_ap_ufixed_40u_array_ap_fixed_16_6_5_3_0_1u_config25_U0      |dense_array_ap_ufixed_40u_array_ap_fixed_16_6_5_3_0_1u_config25_s      |        0|      0|    238|   1388|    0|
    |linear_array_array_ap_fixed_16_6_5_3_0_1u_linear_config26_U0            |linear_array_array_ap_fixed_16_6_5_3_0_1u_linear_config26_s            |        0|      0|      3|     38|    0|
    |normalize_array_ap_fixed_1u_array_ap_fixed_8_6_5_3_0_1u_config28_U0     |normalize_array_ap_fixed_1u_array_ap_fixed_8_6_5_3_0_1u_config28_s     |        0|      0|      3|     38|    0|
    |pooling2d_cl_array_array_ap_fixed_16_6_5_3_0_13u_config9_U0             |pooling2d_cl_array_array_ap_fixed_16_6_5_3_0_13u_config9_s             |        0|      0|   1251|   4317|    0|
    |pooling2d_cl_array_array_ap_fixed_16_6_5_3_0_32u_config5_U0             |pooling2d_cl_array_array_ap_fixed_16_6_5_3_0_32u_config5_s             |        0|      0|   2811|  11915|    0|
    |pooling2d_cl_array_array_ap_fixed_16_6_5_3_0_8u_config17_U0             |pooling2d_cl_array_array_ap_fixed_16_6_5_3_0_8u_config17_s             |        0|      0|    868|   2593|    0|
    |pooling2d_cl_array_array_ap_fixed_16_6_5_3_0_9u_config13_U0             |pooling2d_cl_array_array_ap_fixed_16_6_5_3_0_9u_config13_s             |        0|      0|    952|   2857|    0|
    |relu_array_ap_fixed_13u_array_ap_ufixed_6_0_4_0_0_13u_relu_config8_U0   |relu_array_ap_fixed_13u_array_ap_ufixed_6_0_4_0_0_13u_relu_config8_s   |        0|      0|    100|   1401|    0|
    |relu_array_ap_fixed_14u_array_ap_ufixed_6_0_4_0_0_14u_relu_config21_U0  |relu_array_ap_fixed_14u_array_ap_ufixed_6_0_4_0_0_14u_relu_config21_s  |        0|      0|     88|   1414|    0|
    |relu_array_ap_fixed_32u_array_ap_ufixed_6_0_4_0_0_32u_relu_config4_U0   |relu_array_ap_fixed_32u_array_ap_ufixed_6_0_4_0_0_32u_relu_config4_s   |        0|      0|    216|   3284|    0|
    |relu_array_ap_fixed_40u_array_ap_ufixed_6_0_4_0_0_40u_relu_config24_U0  |relu_array_ap_fixed_40u_array_ap_ufixed_6_0_4_0_0_40u_relu_config24_s  |        0|      0|    244|   3988|    0|
    |relu_array_ap_fixed_8u_array_ap_ufixed_6_0_4_0_0_8u_relu_config16_U0    |relu_array_ap_fixed_8u_array_ap_ufixed_6_0_4_0_0_8u_relu_config16_s    |        0|      0|     66|    900|    0|
    |relu_array_ap_fixed_9u_array_ap_ufixed_6_0_4_0_0_9u_relu_config12_U0    |relu_array_ap_fixed_9u_array_ap_ufixed_6_0_4_0_0_9u_relu_config12_s    |        0|      0|     74|   1003|    0|
    |sigmoid_array_array_ap_fixed_16_6_5_3_0_1u_sigmoid_config27_U0          |sigmoid_array_array_ap_fixed_16_6_5_3_0_1u_sigmoid_config27_s          |        1|      0|     19|    170|    0|
    +------------------------------------------------------------------------+-----------------------------------------------------------------------+---------+-------+-------+-------+-----+
    |Total                                                                   |                                                                       |       13|      4|  45459|  70677|    0|
    +------------------------------------------------------------------------+-----------------------------------------------------------------------+---------+-------+-------+-------+-----+

    * DSP48E: 
    N/A

    * Memory: 
    N/A

    * FIFO: 
    +---------------------------+---------+----+----+-----+------+-----+---------+
    |            Name           | BRAM_18K| FF | LUT| URAM| Depth| Bits| Size:D*B|
    +---------------------------+---------+----+----+-----+------+-----+---------+
    |layer10_out_V_data_0_V_U   |        1|  36|   0|    -|   100|   16|     1600|
    |layer10_out_V_data_1_V_U   |        1|  36|   0|    -|   100|   16|     1600|
    |layer10_out_V_data_2_V_U   |        1|  36|   0|    -|   100|   16|     1600|
    |layer10_out_V_data_3_V_U   |        1|  36|   0|    -|   100|   16|     1600|
    |layer10_out_V_data_4_V_U   |        1|  36|   0|    -|   100|   16|     1600|
    |layer10_out_V_data_5_V_U   |        1|  36|   0|    -|   100|   16|     1600|
    |layer10_out_V_data_6_V_U   |        1|  36|   0|    -|   100|   16|     1600|
    |layer10_out_V_data_7_V_U   |        1|  36|   0|    -|   100|   16|     1600|
    |layer10_out_V_data_8_V_U   |        1|  36|   0|    -|   100|   16|     1600|
    |layer12_out_V_data_0_V_U   |        1|  26|   0|    -|   100|    6|      600|
    |layer12_out_V_data_1_V_U   |        1|  26|   0|    -|   100|    6|      600|
    |layer12_out_V_data_2_V_U   |        1|  26|   0|    -|   100|    6|      600|
    |layer12_out_V_data_3_V_U   |        1|  26|   0|    -|   100|    6|      600|
    |layer12_out_V_data_4_V_U   |        1|  26|   0|    -|   100|    6|      600|
    |layer12_out_V_data_5_V_U   |        1|  26|   0|    -|   100|    6|      600|
    |layer12_out_V_data_6_V_U   |        1|  26|   0|    -|   100|    6|      600|
    |layer12_out_V_data_7_V_U   |        1|  26|   0|    -|   100|    6|      600|
    |layer12_out_V_data_8_V_U   |        1|  26|   0|    -|   100|    6|      600|
    |layer13_out_V_data_0_V_U   |        1|  36|   0|    -|   100|   16|     1600|
    |layer13_out_V_data_1_V_U   |        1|  36|   0|    -|   100|   16|     1600|
    |layer13_out_V_data_2_V_U   |        1|  36|   0|    -|   100|   16|     1600|
    |layer13_out_V_data_3_V_U   |        1|  36|   0|    -|   100|   16|     1600|
    |layer13_out_V_data_4_V_U   |        1|  36|   0|    -|   100|   16|     1600|
    |layer13_out_V_data_5_V_U   |        1|  36|   0|    -|   100|   16|     1600|
    |layer13_out_V_data_6_V_U   |        1|  36|   0|    -|   100|   16|     1600|
    |layer13_out_V_data_7_V_U   |        1|  36|   0|    -|   100|   16|     1600|
    |layer13_out_V_data_8_V_U   |        1|  36|   0|    -|   100|   16|     1600|
    |layer14_out_V_data_0_V_U   |        1|  36|   0|    -|   100|   16|     1600|
    |layer14_out_V_data_1_V_U   |        1|  36|   0|    -|   100|   16|     1600|
    |layer14_out_V_data_2_V_U   |        1|  36|   0|    -|   100|   16|     1600|
    |layer14_out_V_data_3_V_U   |        1|  36|   0|    -|   100|   16|     1600|
    |layer14_out_V_data_4_V_U   |        1|  36|   0|    -|   100|   16|     1600|
    |layer14_out_V_data_5_V_U   |        1|  36|   0|    -|   100|   16|     1600|
    |layer14_out_V_data_6_V_U   |        1|  36|   0|    -|   100|   16|     1600|
    |layer14_out_V_data_7_V_U   |        1|  36|   0|    -|   100|   16|     1600|
    |layer16_out_V_data_0_V_U   |        1|  26|   0|    -|   100|    6|      600|
    |layer16_out_V_data_1_V_U   |        1|  26|   0|    -|   100|    6|      600|
    |layer16_out_V_data_2_V_U   |        1|  26|   0|    -|   100|    6|      600|
    |layer16_out_V_data_3_V_U   |        1|  26|   0|    -|   100|    6|      600|
    |layer16_out_V_data_4_V_U   |        1|  26|   0|    -|   100|    6|      600|
    |layer16_out_V_data_5_V_U   |        1|  26|   0|    -|   100|    6|      600|
    |layer16_out_V_data_6_V_U   |        1|  26|   0|    -|   100|    6|      600|
    |layer16_out_V_data_7_V_U   |        1|  26|   0|    -|   100|    6|      600|
    |layer17_out_V_data_0_V_U   |        1|  36|   0|    -|   100|   16|     1600|
    |layer17_out_V_data_1_V_U   |        1|  36|   0|    -|   100|   16|     1600|
    |layer17_out_V_data_2_V_U   |        1|  36|   0|    -|   100|   16|     1600|
    |layer17_out_V_data_3_V_U   |        1|  36|   0|    -|   100|   16|     1600|
    |layer17_out_V_data_4_V_U   |        1|  36|   0|    -|   100|   16|     1600|
    |layer17_out_V_data_5_V_U   |        1|  36|   0|    -|   100|   16|     1600|
    |layer17_out_V_data_6_V_U   |        1|  36|   0|    -|   100|   16|     1600|
    |layer17_out_V_data_7_V_U   |        1|  36|   0|    -|   100|   16|     1600|
    |layer19_out_V_data_0_V_U   |        1|  36|   0|    -|   100|   16|     1600|
    |layer19_out_V_data_10_V_U  |        1|  36|   0|    -|   100|   16|     1600|
    |layer19_out_V_data_11_V_U  |        1|  36|   0|    -|   100|   16|     1600|
    |layer19_out_V_data_12_V_U  |        1|  36|   0|    -|   100|   16|     1600|
    |layer19_out_V_data_13_V_U  |        1|  36|   0|    -|   100|   16|     1600|
    |layer19_out_V_data_1_V_U   |        1|  36|   0|    -|   100|   16|     1600|
    |layer19_out_V_data_2_V_U   |        1|  36|   0|    -|   100|   16|     1600|
    |layer19_out_V_data_3_V_U   |        1|  36|   0|    -|   100|   16|     1600|
    |layer19_out_V_data_4_V_U   |        1|  36|   0|    -|   100|   16|     1600|
    |layer19_out_V_data_5_V_U   |        1|  36|   0|    -|   100|   16|     1600|
    |layer19_out_V_data_6_V_U   |        1|  36|   0|    -|   100|   16|     1600|
    |layer19_out_V_data_7_V_U   |        1|  36|   0|    -|   100|   16|     1600|
    |layer19_out_V_data_8_V_U   |        1|  36|   0|    -|   100|   16|     1600|
    |layer19_out_V_data_9_V_U   |        1|  36|   0|    -|   100|   16|     1600|
    |layer21_out_V_data_0_V_U   |        1|  26|   0|    -|   100|    6|      600|
    |layer21_out_V_data_10_V_U  |        1|  26|   0|    -|   100|    6|      600|
    |layer21_out_V_data_11_V_U  |        1|  26|   0|    -|   100|    6|      600|
    |layer21_out_V_data_12_V_U  |        1|  26|   0|    -|   100|    6|      600|
    |layer21_out_V_data_13_V_U  |        1|  26|   0|    -|   100|    6|      600|
    |layer21_out_V_data_1_V_U   |        1|  26|   0|    -|   100|    6|      600|
    |layer21_out_V_data_2_V_U   |        1|  26|   0|    -|   100|    6|      600|
    |layer21_out_V_data_3_V_U   |        1|  26|   0|    -|   100|    6|      600|
    |layer21_out_V_data_4_V_U   |        1|  26|   0|    -|   100|    6|      600|
    |layer21_out_V_data_5_V_U   |        1|  26|   0|    -|   100|    6|      600|
    |layer21_out_V_data_6_V_U   |        1|  26|   0|    -|   100|    6|      600|
    |layer21_out_V_data_7_V_U   |        1|  26|   0|    -|   100|    6|      600|
    |layer21_out_V_data_8_V_U   |        1|  26|   0|    -|   100|    6|      600|
    |layer21_out_V_data_9_V_U   |        1|  26|   0|    -|   100|    6|      600|
    |layer22_out_V_data_0_V_U   |        1|  36|   0|    -|   100|   16|     1600|
    |layer22_out_V_data_10_V_U  |        1|  36|   0|    -|   100|   16|     1600|
    |layer22_out_V_data_11_V_U  |        1|  36|   0|    -|   100|   16|     1600|
    |layer22_out_V_data_12_V_U  |        1|  36|   0|    -|   100|   16|     1600|
    |layer22_out_V_data_13_V_U  |        1|  36|   0|    -|   100|   16|     1600|
    |layer22_out_V_data_14_V_U  |        1|  36|   0|    -|   100|   16|     1600|
    |layer22_out_V_data_15_V_U  |        1|  36|   0|    -|   100|   16|     1600|
    |layer22_out_V_data_16_V_U  |        1|  36|   0|    -|   100|   16|     1600|
    |layer22_out_V_data_17_V_U  |        1|  36|   0|    -|   100|   16|     1600|
    |layer22_out_V_data_18_V_U  |        1|  36|   0|    -|   100|   16|     1600|
    |layer22_out_V_data_19_V_U  |        1|  36|   0|    -|   100|   16|     1600|
    |layer22_out_V_data_1_V_U   |        1|  36|   0|    -|   100|   16|     1600|
    |layer22_out_V_data_20_V_U  |        1|  36|   0|    -|   100|   16|     1600|
    |layer22_out_V_data_21_V_U  |        1|  36|   0|    -|   100|   16|     1600|
    |layer22_out_V_data_22_V_U  |        1|  36|   0|    -|   100|   16|     1600|
    |layer22_out_V_data_23_V_U  |        1|  36|   0|    -|   100|   16|     1600|
    |layer22_out_V_data_24_V_U  |        1|  36|   0|    -|   100|   16|     1600|
    |layer22_out_V_data_25_V_U  |        1|  36|   0|    -|   100|   16|     1600|
    |layer22_out_V_data_26_V_U  |        1|  36|   0|    -|   100|   16|     1600|
    |layer22_out_V_data_27_V_U  |        1|  36|   0|    -|   100|   16|     1600|
    |layer22_out_V_data_28_V_U  |        1|  36|   0|    -|   100|   16|     1600|
    |layer22_out_V_data_29_V_U  |        1|  36|   0|    -|   100|   16|     1600|
    |layer22_out_V_data_2_V_U   |        1|  36|   0|    -|   100|   16|     1600|
    |layer22_out_V_data_30_V_U  |        1|  36|   0|    -|   100|   16|     1600|
    |layer22_out_V_data_31_V_U  |        1|  36|   0|    -|   100|   16|     1600|
    |layer22_out_V_data_32_V_U  |        1|  36|   0|    -|   100|   16|     1600|
    |layer22_out_V_data_33_V_U  |        1|  36|   0|    -|   100|   16|     1600|
    |layer22_out_V_data_34_V_U  |        1|  36|   0|    -|   100|   16|     1600|
    |layer22_out_V_data_35_V_U  |        1|  36|   0|    -|   100|   16|     1600|
    |layer22_out_V_data_36_V_U  |        1|  36|   0|    -|   100|   16|     1600|
    |layer22_out_V_data_37_V_U  |        1|  36|   0|    -|   100|   16|     1600|
    |layer22_out_V_data_38_V_U  |        1|  36|   0|    -|   100|   16|     1600|
    |layer22_out_V_data_39_V_U  |        1|  36|   0|    -|   100|   16|     1600|
    |layer22_out_V_data_3_V_U   |        1|  36|   0|    -|   100|   16|     1600|
    |layer22_out_V_data_4_V_U   |        1|  36|   0|    -|   100|   16|     1600|
    |layer22_out_V_data_5_V_U   |        1|  36|   0|    -|   100|   16|     1600|
    |layer22_out_V_data_6_V_U   |        1|  36|   0|    -|   100|   16|     1600|
    |layer22_out_V_data_7_V_U   |        1|  36|   0|    -|   100|   16|     1600|
    |layer22_out_V_data_8_V_U   |        1|  36|   0|    -|   100|   16|     1600|
    |layer22_out_V_data_9_V_U   |        1|  36|   0|    -|   100|   16|     1600|
    |layer24_out_V_data_0_V_U   |        1|  26|   0|    -|   100|    6|      600|
    |layer24_out_V_data_10_V_U  |        1|  26|   0|    -|   100|    6|      600|
    |layer24_out_V_data_11_V_U  |        1|  26|   0|    -|   100|    6|      600|
    |layer24_out_V_data_12_V_U  |        1|  26|   0|    -|   100|    6|      600|
    |layer24_out_V_data_13_V_U  |        1|  26|   0|    -|   100|    6|      600|
    |layer24_out_V_data_14_V_U  |        1|  26|   0|    -|   100|    6|      600|
    |layer24_out_V_data_15_V_U  |        1|  26|   0|    -|   100|    6|      600|
    |layer24_out_V_data_16_V_U  |        1|  26|   0|    -|   100|    6|      600|
    |layer24_out_V_data_17_V_U  |        1|  26|   0|    -|   100|    6|      600|
    |layer24_out_V_data_18_V_U  |        1|  26|   0|    -|   100|    6|      600|
    |layer24_out_V_data_19_V_U  |        1|  26|   0|    -|   100|    6|      600|
    |layer24_out_V_data_1_V_U   |        1|  26|   0|    -|   100|    6|      600|
    |layer24_out_V_data_20_V_U  |        1|  26|   0|    -|   100|    6|      600|
    |layer24_out_V_data_21_V_U  |        1|  26|   0|    -|   100|    6|      600|
    |layer24_out_V_data_22_V_U  |        1|  26|   0|    -|   100|    6|      600|
    |layer24_out_V_data_23_V_U  |        1|  26|   0|    -|   100|    6|      600|
    |layer24_out_V_data_24_V_U  |        1|  26|   0|    -|   100|    6|      600|
    |layer24_out_V_data_25_V_U  |        1|  26|   0|    -|   100|    6|      600|
    |layer24_out_V_data_26_V_U  |        1|  26|   0|    -|   100|    6|      600|
    |layer24_out_V_data_27_V_U  |        1|  26|   0|    -|   100|    6|      600|
    |layer24_out_V_data_28_V_U  |        1|  26|   0|    -|   100|    6|      600|
    |layer24_out_V_data_29_V_U  |        1|  26|   0|    -|   100|    6|      600|
    |layer24_out_V_data_2_V_U   |        1|  26|   0|    -|   100|    6|      600|
    |layer24_out_V_data_30_V_U  |        1|  26|   0|    -|   100|    6|      600|
    |layer24_out_V_data_31_V_U  |        1|  26|   0|    -|   100|    6|      600|
    |layer24_out_V_data_32_V_U  |        1|  26|   0|    -|   100|    6|      600|
    |layer24_out_V_data_33_V_U  |        1|  26|   0|    -|   100|    6|      600|
    |layer24_out_V_data_34_V_U  |        1|  26|   0|    -|   100|    6|      600|
    |layer24_out_V_data_35_V_U  |        1|  26|   0|    -|   100|    6|      600|
    |layer24_out_V_data_36_V_U  |        1|  26|   0|    -|   100|    6|      600|
    |layer24_out_V_data_37_V_U  |        1|  26|   0|    -|   100|    6|      600|
    |layer24_out_V_data_38_V_U  |        1|  26|   0|    -|   100|    6|      600|
    |layer24_out_V_data_39_V_U  |        1|  26|   0|    -|   100|    6|      600|
    |layer24_out_V_data_3_V_U   |        1|  26|   0|    -|   100|    6|      600|
    |layer24_out_V_data_4_V_U   |        1|  26|   0|    -|   100|    6|      600|
    |layer24_out_V_data_5_V_U   |        1|  26|   0|    -|   100|    6|      600|
    |layer24_out_V_data_6_V_U   |        1|  26|   0|    -|   100|    6|      600|
    |layer24_out_V_data_7_V_U   |        1|  26|   0|    -|   100|    6|      600|
    |layer24_out_V_data_8_V_U   |        1|  26|   0|    -|   100|    6|      600|
    |layer24_out_V_data_9_V_U   |        1|  26|   0|    -|   100|    6|      600|
    |layer25_out_V_data_0_V_U   |        1|  36|   0|    -|   100|   16|     1600|
    |layer26_out_V_data_0_V_U   |        1|  36|   0|    -|   100|   16|     1600|
    |layer28_out_V_data_0_V_U   |        1|  28|   0|    -|   100|    8|      800|
    |layer2_out_V_data_0_V_U    |        1|  36|   0|    -|   100|   16|     1600|
    |layer2_out_V_data_10_V_U   |        1|  36|   0|    -|   100|   16|     1600|
    |layer2_out_V_data_11_V_U   |        1|  36|   0|    -|   100|   16|     1600|
    |layer2_out_V_data_12_V_U   |        1|  36|   0|    -|   100|   16|     1600|
    |layer2_out_V_data_13_V_U   |        1|  36|   0|    -|   100|   16|     1600|
    |layer2_out_V_data_14_V_U   |        1|  36|   0|    -|   100|   16|     1600|
    |layer2_out_V_data_15_V_U   |        1|  36|   0|    -|   100|   16|     1600|
    |layer2_out_V_data_16_V_U   |        1|  36|   0|    -|   100|   16|     1600|
    |layer2_out_V_data_17_V_U   |        1|  36|   0|    -|   100|   16|     1600|
    |layer2_out_V_data_18_V_U   |        1|  36|   0|    -|   100|   16|     1600|
    |layer2_out_V_data_19_V_U   |        1|  36|   0|    -|   100|   16|     1600|
    |layer2_out_V_data_1_V_U    |        1|  36|   0|    -|   100|   16|     1600|
    |layer2_out_V_data_20_V_U   |        1|  36|   0|    -|   100|   16|     1600|
    |layer2_out_V_data_21_V_U   |        1|  36|   0|    -|   100|   16|     1600|
    |layer2_out_V_data_22_V_U   |        1|  36|   0|    -|   100|   16|     1600|
    |layer2_out_V_data_23_V_U   |        1|  36|   0|    -|   100|   16|     1600|
    |layer2_out_V_data_24_V_U   |        1|  36|   0|    -|   100|   16|     1600|
    |layer2_out_V_data_25_V_U   |        1|  36|   0|    -|   100|   16|     1600|
    |layer2_out_V_data_26_V_U   |        1|  36|   0|    -|   100|   16|     1600|
    |layer2_out_V_data_27_V_U   |        1|  36|   0|    -|   100|   16|     1600|
    |layer2_out_V_data_28_V_U   |        1|  36|   0|    -|   100|   16|     1600|
    |layer2_out_V_data_29_V_U   |        1|  36|   0|    -|   100|   16|     1600|
    |layer2_out_V_data_2_V_U    |        1|  36|   0|    -|   100|   16|     1600|
    |layer2_out_V_data_30_V_U   |        1|  36|   0|    -|   100|   16|     1600|
    |layer2_out_V_data_31_V_U   |        1|  36|   0|    -|   100|   16|     1600|
    |layer2_out_V_data_3_V_U    |        1|  36|   0|    -|   100|   16|     1600|
    |layer2_out_V_data_4_V_U    |        1|  36|   0|    -|   100|   16|     1600|
    |layer2_out_V_data_5_V_U    |        1|  36|   0|    -|   100|   16|     1600|
    |layer2_out_V_data_6_V_U    |        1|  36|   0|    -|   100|   16|     1600|
    |layer2_out_V_data_7_V_U    |        1|  36|   0|    -|   100|   16|     1600|
    |layer2_out_V_data_8_V_U    |        1|  36|   0|    -|   100|   16|     1600|
    |layer2_out_V_data_9_V_U    |        1|  36|   0|    -|   100|   16|     1600|
    |layer4_out_V_data_0_V_U    |        1|  26|   0|    -|   100|    6|      600|
    |layer4_out_V_data_10_V_U   |        1|  26|   0|    -|   100|    6|      600|
    |layer4_out_V_data_11_V_U   |        1|  26|   0|    -|   100|    6|      600|
    |layer4_out_V_data_12_V_U   |        1|  26|   0|    -|   100|    6|      600|
    |layer4_out_V_data_13_V_U   |        1|  26|   0|    -|   100|    6|      600|
    |layer4_out_V_data_14_V_U   |        1|  26|   0|    -|   100|    6|      600|
    |layer4_out_V_data_15_V_U   |        1|  26|   0|    -|   100|    6|      600|
    |layer4_out_V_data_16_V_U   |        1|  26|   0|    -|   100|    6|      600|
    |layer4_out_V_data_17_V_U   |        1|  26|   0|    -|   100|    6|      600|
    |layer4_out_V_data_18_V_U   |        1|  26|   0|    -|   100|    6|      600|
    |layer4_out_V_data_19_V_U   |        1|  26|   0|    -|   100|    6|      600|
    |layer4_out_V_data_1_V_U    |        1|  26|   0|    -|   100|    6|      600|
    |layer4_out_V_data_20_V_U   |        1|  26|   0|    -|   100|    6|      600|
    |layer4_out_V_data_21_V_U   |        1|  26|   0|    -|   100|    6|      600|
    |layer4_out_V_data_22_V_U   |        1|  26|   0|    -|   100|    6|      600|
    |layer4_out_V_data_23_V_U   |        1|  26|   0|    -|   100|    6|      600|
    |layer4_out_V_data_24_V_U   |        1|  26|   0|    -|   100|    6|      600|
    |layer4_out_V_data_25_V_U   |        1|  26|   0|    -|   100|    6|      600|
    |layer4_out_V_data_26_V_U   |        1|  26|   0|    -|   100|    6|      600|
    |layer4_out_V_data_27_V_U   |        1|  26|   0|    -|   100|    6|      600|
    |layer4_out_V_data_28_V_U   |        1|  26|   0|    -|   100|    6|      600|
    |layer4_out_V_data_29_V_U   |        1|  26|   0|    -|   100|    6|      600|
    |layer4_out_V_data_2_V_U    |        1|  26|   0|    -|   100|    6|      600|
    |layer4_out_V_data_30_V_U   |        1|  26|   0|    -|   100|    6|      600|
    |layer4_out_V_data_31_V_U   |        1|  26|   0|    -|   100|    6|      600|
    |layer4_out_V_data_3_V_U    |        1|  26|   0|    -|   100|    6|      600|
    |layer4_out_V_data_4_V_U    |        1|  26|   0|    -|   100|    6|      600|
    |layer4_out_V_data_5_V_U    |        1|  26|   0|    -|   100|    6|      600|
    |layer4_out_V_data_6_V_U    |        1|  26|   0|    -|   100|    6|      600|
    |layer4_out_V_data_7_V_U    |        1|  26|   0|    -|   100|    6|      600|
    |layer4_out_V_data_8_V_U    |        1|  26|   0|    -|   100|    6|      600|
    |layer4_out_V_data_9_V_U    |        1|  26|   0|    -|   100|    6|      600|
    |layer5_out_V_data_0_V_U    |        1|  36|   0|    -|   100|   16|     1600|
    |layer5_out_V_data_10_V_U   |        1|  36|   0|    -|   100|   16|     1600|
    |layer5_out_V_data_11_V_U   |        1|  36|   0|    -|   100|   16|     1600|
    |layer5_out_V_data_12_V_U   |        1|  36|   0|    -|   100|   16|     1600|
    |layer5_out_V_data_13_V_U   |        1|  36|   0|    -|   100|   16|     1600|
    |layer5_out_V_data_14_V_U   |        1|  36|   0|    -|   100|   16|     1600|
    |layer5_out_V_data_15_V_U   |        1|  36|   0|    -|   100|   16|     1600|
    |layer5_out_V_data_16_V_U   |        1|  36|   0|    -|   100|   16|     1600|
    |layer5_out_V_data_17_V_U   |        1|  36|   0|    -|   100|   16|     1600|
    |layer5_out_V_data_18_V_U   |        1|  36|   0|    -|   100|   16|     1600|
    |layer5_out_V_data_19_V_U   |        1|  36|   0|    -|   100|   16|     1600|
    |layer5_out_V_data_1_V_U    |        1|  36|   0|    -|   100|   16|     1600|
    |layer5_out_V_data_20_V_U   |        1|  36|   0|    -|   100|   16|     1600|
    |layer5_out_V_data_21_V_U   |        1|  36|   0|    -|   100|   16|     1600|
    |layer5_out_V_data_22_V_U   |        1|  36|   0|    -|   100|   16|     1600|
    |layer5_out_V_data_23_V_U   |        1|  36|   0|    -|   100|   16|     1600|
    |layer5_out_V_data_24_V_U   |        1|  36|   0|    -|   100|   16|     1600|
    |layer5_out_V_data_25_V_U   |        1|  36|   0|    -|   100|   16|     1600|
    |layer5_out_V_data_26_V_U   |        1|  36|   0|    -|   100|   16|     1600|
    |layer5_out_V_data_27_V_U   |        1|  36|   0|    -|   100|   16|     1600|
    |layer5_out_V_data_28_V_U   |        1|  36|   0|    -|   100|   16|     1600|
    |layer5_out_V_data_29_V_U   |        1|  36|   0|    -|   100|   16|     1600|
    |layer5_out_V_data_2_V_U    |        1|  36|   0|    -|   100|   16|     1600|
    |layer5_out_V_data_30_V_U   |        1|  36|   0|    -|   100|   16|     1600|
    |layer5_out_V_data_31_V_U   |        1|  36|   0|    -|   100|   16|     1600|
    |layer5_out_V_data_3_V_U    |        1|  36|   0|    -|   100|   16|     1600|
    |layer5_out_V_data_4_V_U    |        1|  36|   0|    -|   100|   16|     1600|
    |layer5_out_V_data_5_V_U    |        1|  36|   0|    -|   100|   16|     1600|
    |layer5_out_V_data_6_V_U    |        1|  36|   0|    -|   100|   16|     1600|
    |layer5_out_V_data_7_V_U    |        1|  36|   0|    -|   100|   16|     1600|
    |layer5_out_V_data_8_V_U    |        1|  36|   0|    -|   100|   16|     1600|
    |layer5_out_V_data_9_V_U    |        1|  36|   0|    -|   100|   16|     1600|
    |layer6_out_V_data_0_V_U    |        1|  36|   0|    -|   100|   16|     1600|
    |layer6_out_V_data_10_V_U   |        1|  36|   0|    -|   100|   16|     1600|
    |layer6_out_V_data_11_V_U   |        1|  36|   0|    -|   100|   16|     1600|
    |layer6_out_V_data_12_V_U   |        1|  36|   0|    -|   100|   16|     1600|
    |layer6_out_V_data_1_V_U    |        1|  36|   0|    -|   100|   16|     1600|
    |layer6_out_V_data_2_V_U    |        1|  36|   0|    -|   100|   16|     1600|
    |layer6_out_V_data_3_V_U    |        1|  36|   0|    -|   100|   16|     1600|
    |layer6_out_V_data_4_V_U    |        1|  36|   0|    -|   100|   16|     1600|
    |layer6_out_V_data_5_V_U    |        1|  36|   0|    -|   100|   16|     1600|
    |layer6_out_V_data_6_V_U    |        1|  36|   0|    -|   100|   16|     1600|
    |layer6_out_V_data_7_V_U    |        1|  36|   0|    -|   100|   16|     1600|
    |layer6_out_V_data_8_V_U    |        1|  36|   0|    -|   100|   16|     1600|
    |layer6_out_V_data_9_V_U    |        1|  36|   0|    -|   100|   16|     1600|
    |layer8_out_V_data_0_V_U    |        1|  26|   0|    -|   100|    6|      600|
    |layer8_out_V_data_10_V_U   |        1|  26|   0|    -|   100|    6|      600|
    |layer8_out_V_data_11_V_U   |        1|  26|   0|    -|   100|    6|      600|
    |layer8_out_V_data_12_V_U   |        1|  26|   0|    -|   100|    6|      600|
    |layer8_out_V_data_1_V_U    |        1|  26|   0|    -|   100|    6|      600|
    |layer8_out_V_data_2_V_U    |        1|  26|   0|    -|   100|    6|      600|
    |layer8_out_V_data_3_V_U    |        1|  26|   0|    -|   100|    6|      600|
    |layer8_out_V_data_4_V_U    |        1|  26|   0|    -|   100|    6|      600|
    |layer8_out_V_data_5_V_U    |        1|  26|   0|    -|   100|    6|      600|
    |layer8_out_V_data_6_V_U    |        1|  26|   0|    -|   100|    6|      600|
    |layer8_out_V_data_7_V_U    |        1|  26|   0|    -|   100|    6|      600|
    |layer8_out_V_data_8_V_U    |        1|  26|   0|    -|   100|    6|      600|
    |layer8_out_V_data_9_V_U    |        1|  26|   0|    -|   100|    6|      600|
    |layer9_out_V_data_0_V_U    |        1|  36|   0|    -|   100|   16|     1600|
    |layer9_out_V_data_10_V_U   |        1|  36|   0|    -|   100|   16|     1600|
    |layer9_out_V_data_11_V_U   |        1|  36|   0|    -|   100|   16|     1600|
    |layer9_out_V_data_12_V_U   |        1|  36|   0|    -|   100|   16|     1600|
    |layer9_out_V_data_1_V_U    |        1|  36|   0|    -|   100|   16|     1600|
    |layer9_out_V_data_2_V_U    |        1|  36|   0|    -|   100|   16|     1600|
    |layer9_out_V_data_3_V_U    |        1|  36|   0|    -|   100|   16|     1600|
    |layer9_out_V_data_4_V_U    |        1|  36|   0|    -|   100|   16|     1600|
    |layer9_out_V_data_5_V_U    |        1|  36|   0|    -|   100|   16|     1600|
    |layer9_out_V_data_6_V_U    |        1|  36|   0|    -|   100|   16|     1600|
    |layer9_out_V_data_7_V_U    |        1|  36|   0|    -|   100|   16|     1600|
    |layer9_out_V_data_8_V_U    |        1|  36|   0|    -|   100|   16|     1600|
    |layer9_out_V_data_9_V_U    |        1|  36|   0|    -|   100|   16|     1600|
    +---------------------------+---------+----+----+-----+------+-----+---------+
    |Total                      |      297|9524|   0|    0| 29700| 3584|   358400|
    +---------------------------+---------+----+----+-----+------+-----+---------+

    * Expression: 
    +--------------+----------+-------+---+----+------------+------------+
    | Variable Name| Operation| DSP48E| FF| LUT| Bitwidth P0| Bitwidth P1|
    +--------------+----------+-------+---+----+------------+------------+
    |ap_idle       |    and   |      0|  0|   2|           1|           1|
    +--------------+----------+-------+---+----+------------+------------+
    |Total         |          |      0|  0|   2|           1|           1|
    +--------------+----------+-------+---+----+------------+------------+

    * Multiplexer: 
    N/A

    * Register: 
    N/A



================================================================
== Interface
================================================================
* Summary: 
+-------------------------------+-----+-----+------------+------------------------+--------------+
|           RTL Ports           | Dir | Bits|  Protocol  |      Source Object     |    C Type    |
+-------------------------------+-----+-----+------------+------------------------+--------------+
|input_3_V_data_0_V_TDATA       |  in |   16|    axis    |   input_3_V_data_0_V   |    pointer   |
|input_3_V_data_0_V_TVALID      |  in |    1|    axis    |   input_3_V_data_0_V   |    pointer   |
|input_3_V_data_0_V_TREADY      | out |    1|    axis    |   input_3_V_data_0_V   |    pointer   |
|input_3_V_data_1_V_TDATA       |  in |   16|    axis    |   input_3_V_data_1_V   |    pointer   |
|input_3_V_data_1_V_TVALID      |  in |    1|    axis    |   input_3_V_data_1_V   |    pointer   |
|input_3_V_data_1_V_TREADY      | out |    1|    axis    |   input_3_V_data_1_V   |    pointer   |
|input_3_V_data_2_V_TDATA       |  in |   16|    axis    |   input_3_V_data_2_V   |    pointer   |
|input_3_V_data_2_V_TVALID      |  in |    1|    axis    |   input_3_V_data_2_V   |    pointer   |
|input_3_V_data_2_V_TREADY      | out |    1|    axis    |   input_3_V_data_2_V   |    pointer   |
|layer27_out_V_data_0_V_TDATA   | out |   16|    axis    | layer27_out_V_data_0_V |    pointer   |
|layer27_out_V_data_0_V_TVALID  | out |    1|    axis    | layer27_out_V_data_0_V |    pointer   |
|layer27_out_V_data_0_V_TREADY  |  in |    1|    axis    | layer27_out_V_data_0_V |    pointer   |
|ap_clk                         |  in |    1| ap_ctrl_hs |        myproject       | return value |
|ap_rst_n                       |  in |    1| ap_ctrl_hs |        myproject       | return value |
|ap_start                       |  in |    1| ap_ctrl_hs |        myproject       | return value |
|ap_done                        | out |    1| ap_ctrl_hs |        myproject       | return value |
|ap_ready                       | out |    1| ap_ctrl_hs |        myproject       | return value |
|ap_idle                        | out |    1| ap_ctrl_hs |        myproject       | return value |
+-------------------------------+-----+-----+------------+------------------------+--------------+

