

================================================================
== Vivado HLS Report for 'myproject'
================================================================
* Date:           Tue Jul 11 01:16:24 2023

* Version:        2019.2 (Build 2704478 on Wed Nov 06 22:10:23 MST 2019)
* Project:        myproject_prj
* Solution:       solution1
* Product family: zynquplus
* Target device:  xczu7ev-ffvc1156-2-e


================================================================
== Performance Estimates
================================================================
+ Timing: 
    * Summary: 
    +--------+---------+----------+------------+
    |  Clock |  Target | Estimated| Uncertainty|
    +--------+---------+----------+------------+
    |ap_clk  | 5.00 ns | 4.363 ns |   0.62 ns  |
    +--------+---------+----------+------------+

+ Latency: 
    * Summary: 
    +---------+---------+-----------+-----------+--------+---------+----------+
    |  Latency (cycles) |   Latency (absolute)  |     Interval     | Pipeline |
    |   min   |   max   |    min    |    max    |   min  |   max   |   Type   |
    +---------+---------+-----------+-----------+--------+---------+----------+
    |  8916153|  8916519| 44.581 ms | 44.583 ms |  137701|  8912898| dataflow |
    +---------+---------+-----------+-----------+--------+---------+----------+

    + Detail: 
        * Instance: 
        +-------------------------------------------------------------------------+------------------------------------------------------------------------+---------+---------+-----------+-----------+--------+---------+----------+
        |                                                                         |                                                                        |  Latency (cycles) |   Latency (absolute)  |     Interval     | Pipeline |
        |                                 Instance                                |                                 Module                                 |   min   |   max   |    min    |    max    |   min  |   max   |   Type   |
        +-------------------------------------------------------------------------+------------------------------------------------------------------------+---------+---------+-----------+-----------+--------+---------+----------+
        |conv_2d_cl_array_ap_fixed_32u_array_ap_fixed_16_6_5_3_0_13u_config5_U0   |conv_2d_cl_array_ap_fixed_32u_array_ap_fixed_16_6_5_3_0_13u_config5_s   |     7939|  4758832| 39.695 us | 23.794 ms |    7939|  4758832|   none   |
        |conv_2d_cl_array_ap_fixed_3u_array_ap_fixed_16_6_5_3_0_32u_config2_U0    |conv_2d_cl_array_ap_fixed_3u_array_ap_fixed_16_6_5_3_0_32u_config2_s    |    32769|  8912897|  0.164 ms | 44.564 ms |   32769|  8912897|   none   |
        |dense_array_ap_fixed_8u_array_ap_fixed_16_6_5_3_0_14u_config15_U0        |dense_array_ap_fixed_8u_array_ap_fixed_16_6_5_3_0_14u_config15_s        |     2056|     2057| 10.280 us | 10.285 us |    2056|     2057|   none   |
        |pooling2d_cl_array_array_ap_fixed_16_6_5_3_0_32u_config4_U0              |pooling2d_cl_array_array_ap_fixed_16_6_5_3_0_32u_config4_s              |    15879|    15879| 79.395 us | 79.395 us |   15879|    15879|   none   |
        |conv_2d_cl_array_ap_fixed_13u_array_ap_fixed_16_6_5_3_0_9u_config8_U0    |conv_2d_cl_array_ap_fixed_13u_array_ap_fixed_16_6_5_3_0_9u_config8_s    |   137700|  1087200|  0.689 ms |  5.436 ms |  137700|  1087200|   none   |
        |conv_2d_cl_array_ap_fixed_9u_array_ap_fixed_16_6_5_3_0_8u_config11_U0    |conv_2d_cl_array_ap_fixed_9u_array_ap_fixed_16_6_5_3_0_8u_config11_s    |    21364|   148764|  0.107 ms |  0.744 ms |   21364|   148764|   none   |
        |pooling2d_cl_array_array_ap_fixed_16_6_5_3_0_13u_config7_U0              |pooling2d_cl_array_array_ap_fixed_16_6_5_3_0_13u_config7_s              |     3724|     3724| 18.620 us | 18.620 us |    3724|     3724|   none   |
        |dense_array_ap_fixed_14u_array_ap_fixed_16_6_5_3_0_40u_config17_U0       |dense_array_ap_fixed_14u_array_ap_fixed_16_6_5_3_0_40u_config17_s       |      562|      563|  2.810 us |  2.815 us |     562|      563|   none   |
        |pooling2d_cl_array_ap_fixed_9u_array_ap_fixed_16_6_5_3_0_9u_config10_U0  |pooling2d_cl_array_ap_fixed_9u_array_ap_fixed_16_6_5_3_0_9u_config10_s  |      787|      787|  3.935 us |  3.935 us |     787|      787|   none   |
        |pooling2d_cl_array_ap_fixed_8u_array_ap_fixed_16_6_5_3_0_8u_config13_U0  |pooling2d_cl_array_ap_fixed_8u_array_ap_fixed_16_6_5_3_0_8u_config13_s  |      147|      147|  0.735 us |  0.735 us |     147|      147|   none   |
        |dense_array_ap_fixed_40u_array_ap_fixed_16_6_5_3_0_1u_config19_U0        |dense_array_ap_fixed_40u_array_ap_fixed_16_6_5_3_0_1u_config19_s        |       31|       31|  0.155 us |  0.155 us |      31|       31|   none   |
        |relu_array_ap_fixed_40u_array_ap_fixed_16_6_5_3_0_40u_relu_config18_U0   |relu_array_ap_fixed_40u_array_ap_fixed_16_6_5_3_0_40u_relu_config18_s   |        1|        1|  5.000 ns |  5.000 ns |       1|        1| function |
        |relu_array_ap_fixed_32u_array_ap_fixed_16_6_5_3_0_32u_relu_config3_U0    |relu_array_ap_fixed_32u_array_ap_fixed_16_6_5_3_0_32u_relu_config3_s    |    15879|    15879| 79.395 us | 79.395 us |   15879|    15879|   none   |
        |relu_array_ap_fixed_13u_array_ap_fixed_16_6_5_3_0_13u_relu_config6_U0    |relu_array_ap_fixed_13u_array_ap_fixed_16_6_5_3_0_13u_relu_config6_s    |     3724|     3724| 18.620 us | 18.620 us |    3724|     3724|   none   |
        |relu_array_ap_fixed_14u_array_ap_fixed_16_6_5_3_0_14u_relu_config16_U0   |relu_array_ap_fixed_14u_array_ap_fixed_16_6_5_3_0_14u_relu_config16_s   |        1|        1|  5.000 ns |  5.000 ns |       1|        1| function |
        |relu_array_ap_fixed_9u_array_ap_fixed_16_6_5_3_0_9u_relu_config9_U0      |relu_array_ap_fixed_9u_array_ap_fixed_16_6_5_3_0_9u_relu_config9_s      |      787|      787|  3.935 us |  3.935 us |     787|      787|   none   |
        |relu_array_ap_fixed_8u_array_ap_fixed_16_6_5_3_0_8u_relu_config12_U0     |relu_array_ap_fixed_8u_array_ap_fixed_16_6_5_3_0_8u_relu_config12_s     |      147|      147|  0.735 us |  0.735 us |     147|      147|   none   |
        |sigmoid_array_array_ap_fixed_16_6_5_3_0_1u_sigmoid_config20_U0           |sigmoid_array_array_ap_fixed_16_6_5_3_0_1u_sigmoid_config20_s           |        3|        3| 15.000 ns | 15.000 ns |       1|        1| function |
        +-------------------------------------------------------------------------+------------------------------------------------------------------------+---------+---------+-----------+-----------+--------+---------+----------+

        * Loop: 
        N/A



================================================================
== Utilization Estimates
================================================================
* Summary: 
+-----------------+---------+-------+--------+--------+-----+
|       Name      | BRAM_18K| DSP48E|   FF   |   LUT  | URAM|
+-----------------+---------+-------+--------+--------+-----+
|DSP              |        -|      -|       -|       -|    -|
|Expression       |        -|      -|       0|       2|    -|
|FIFO             |      295|      -|   10620|   12685|    -|
|Instance         |       11|      9|   85167|  192273|    -|
|Memory           |        -|      -|       -|       -|    -|
|Multiplexer      |        -|      -|       -|       -|    -|
|Register         |        -|      -|       -|       -|    -|
+-----------------+---------+-------+--------+--------+-----+
|Total            |      306|      9|   95787|  204960|    0|
+-----------------+---------+-------+--------+--------+-----+
|Available        |      624|   1728|  460800|  230400|   96|
+-----------------+---------+-------+--------+--------+-----+
|Utilization (%)  |       49|   ~0  |      20|      88|    0|
+-----------------+---------+-------+--------+--------+-----+

+ Detail: 
    * Instance: 
    +-------------------------------------------------------------------------+------------------------------------------------------------------------+---------+-------+-------+--------+-----+
    |                                 Instance                                |                                 Module                                 | BRAM_18K| DSP48E|   FF  |   LUT  | URAM|
    +-------------------------------------------------------------------------+------------------------------------------------------------------------+---------+-------+-------+--------+-----+
    |conv_2d_cl_array_ap_fixed_13u_array_ap_fixed_16_6_5_3_0_9u_config8_U0    |conv_2d_cl_array_ap_fixed_13u_array_ap_fixed_16_6_5_3_0_9u_config8_s    |        2|      1|   5410|    4411|    0|
    |conv_2d_cl_array_ap_fixed_32u_array_ap_fixed_16_6_5_3_0_13u_config5_U0   |conv_2d_cl_array_ap_fixed_32u_array_ap_fixed_16_6_5_3_0_13u_config5_s   |        0|      2|  39689|  109422|    0|
    |conv_2d_cl_array_ap_fixed_3u_array_ap_fixed_16_6_5_3_0_32u_config2_U0    |conv_2d_cl_array_ap_fixed_3u_array_ap_fixed_16_6_5_3_0_32u_config2_s    |        0|      1|   8418|   27143|    0|
    |conv_2d_cl_array_ap_fixed_9u_array_ap_fixed_16_6_5_3_0_8u_config11_U0    |conv_2d_cl_array_ap_fixed_9u_array_ap_fixed_16_6_5_3_0_8u_config11_s    |        2|      1|   3916|    3696|    0|
    |dense_array_ap_fixed_14u_array_ap_fixed_16_6_5_3_0_40u_config17_U0       |dense_array_ap_fixed_14u_array_ap_fixed_16_6_5_3_0_40u_config17_s       |        2|      1|   1966|    3903|    0|
    |dense_array_ap_fixed_40u_array_ap_fixed_16_6_5_3_0_1u_config19_U0        |dense_array_ap_fixed_40u_array_ap_fixed_16_6_5_3_0_1u_config19_s        |        0|      1|    839|    1795|    0|
    |dense_array_ap_fixed_8u_array_ap_fixed_16_6_5_3_0_14u_config15_U0        |dense_array_ap_fixed_8u_array_ap_fixed_16_6_5_3_0_14u_config15_s        |        4|      2|  14197|   12793|    0|
    |pooling2d_cl_array_ap_fixed_8u_array_ap_fixed_16_6_5_3_0_8u_config13_U0  |pooling2d_cl_array_ap_fixed_8u_array_ap_fixed_16_6_5_3_0_8u_config13_s  |        0|      0|   1236|    2761|    0|
    |pooling2d_cl_array_ap_fixed_9u_array_ap_fixed_16_6_5_3_0_9u_config10_U0  |pooling2d_cl_array_ap_fixed_9u_array_ap_fixed_16_6_5_3_0_9u_config10_s  |        0|      0|   1366|    3046|    0|
    |pooling2d_cl_array_array_ap_fixed_16_6_5_3_0_13u_config7_U0              |pooling2d_cl_array_array_ap_fixed_16_6_5_3_0_13u_config7_s              |        0|      0|   1880|    4588|    0|
    |pooling2d_cl_array_array_ap_fixed_16_6_5_3_0_32u_config4_U0              |pooling2d_cl_array_array_ap_fixed_16_6_5_3_0_32u_config4_s              |        0|      0|   4283|   12587|    0|
    |relu_array_ap_fixed_13u_array_ap_fixed_16_6_5_3_0_13u_relu_config6_U0    |relu_array_ap_fixed_13u_array_ap_fixed_16_6_5_3_0_13u_relu_config6_s    |        0|      0|    230|     725|    0|
    |relu_array_ap_fixed_14u_array_ap_fixed_16_6_5_3_0_14u_relu_config16_U0   |relu_array_ap_fixed_14u_array_ap_fixed_16_6_5_3_0_14u_relu_config16_s   |        0|      0|    228|     686|    0|
    |relu_array_ap_fixed_32u_array_ap_fixed_16_6_5_3_0_32u_relu_config3_U0    |relu_array_ap_fixed_32u_array_ap_fixed_16_6_5_3_0_32u_relu_config3_s    |        0|      0|    536|    1620|    0|
    |relu_array_ap_fixed_40u_array_ap_fixed_16_6_5_3_0_40u_relu_config18_U0   |relu_array_ap_fixed_40u_array_ap_fixed_16_6_5_3_0_40u_relu_config18_s   |        0|      0|    644|    1908|    0|
    |relu_array_ap_fixed_8u_array_ap_fixed_16_6_5_3_0_8u_relu_config12_U0     |relu_array_ap_fixed_8u_array_ap_fixed_16_6_5_3_0_8u_relu_config12_s     |        0|      0|    146|     484|    0|
    |relu_array_ap_fixed_9u_array_ap_fixed_16_6_5_3_0_9u_relu_config9_U0      |relu_array_ap_fixed_9u_array_ap_fixed_16_6_5_3_0_9u_relu_config9_s      |        0|      0|    164|     535|    0|
    |sigmoid_array_array_ap_fixed_16_6_5_3_0_1u_sigmoid_config20_U0           |sigmoid_array_array_ap_fixed_16_6_5_3_0_1u_sigmoid_config20_s           |        1|      0|     19|     170|    0|
    +-------------------------------------------------------------------------+------------------------------------------------------------------------+---------+-------+-------+--------+-----+
    |Total                                                                    |                                                                        |       11|      9|  85167|  192273|    0|
    +-------------------------------------------------------------------------+------------------------------------------------------------------------+---------+-------+-------+--------+-----+

    * DSP48E: 
    N/A

    * Memory: 
    N/A

    * FIFO: 
    +---------------------------+---------+-----+----+-----+------+-----+---------+
    |            Name           | BRAM_18K|  FF | LUT| URAM| Depth| Bits| Size:D*B|
    +---------------------------+---------+-----+----+-----+------+-----+---------+
    |layer10_out_V_data_0_V_U   |        1|   36|   0|    -|   100|   16|     1600|
    |layer10_out_V_data_1_V_U   |        1|   36|   0|    -|   100|   16|     1600|
    |layer10_out_V_data_2_V_U   |        1|   36|   0|    -|   100|   16|     1600|
    |layer10_out_V_data_3_V_U   |        1|   36|   0|    -|   100|   16|     1600|
    |layer10_out_V_data_4_V_U   |        1|   36|   0|    -|   100|   16|     1600|
    |layer10_out_V_data_5_V_U   |        1|   36|   0|    -|   100|   16|     1600|
    |layer10_out_V_data_6_V_U   |        1|   36|   0|    -|   100|   16|     1600|
    |layer10_out_V_data_7_V_U   |        1|   36|   0|    -|   100|   16|     1600|
    |layer10_out_V_data_8_V_U   |        1|   36|   0|    -|   100|   16|     1600|
    |layer11_out_V_data_0_V_U   |        1|   36|   0|    -|   100|   16|     1600|
    |layer11_out_V_data_1_V_U   |        1|   36|   0|    -|   100|   16|     1600|
    |layer11_out_V_data_2_V_U   |        1|   36|   0|    -|   100|   16|     1600|
    |layer11_out_V_data_3_V_U   |        1|   36|   0|    -|   100|   16|     1600|
    |layer11_out_V_data_4_V_U   |        1|   36|   0|    -|   100|   16|     1600|
    |layer11_out_V_data_5_V_U   |        1|   36|   0|    -|   100|   16|     1600|
    |layer11_out_V_data_6_V_U   |        1|   36|   0|    -|   100|   16|     1600|
    |layer11_out_V_data_7_V_U   |        1|   36|   0|    -|   100|   16|     1600|
    |layer12_out_V_data_0_V_U   |        1|   36|   0|    -|   100|   16|     1600|
    |layer12_out_V_data_1_V_U   |        1|   36|   0|    -|   100|   16|     1600|
    |layer12_out_V_data_2_V_U   |        1|   36|   0|    -|   100|   16|     1600|
    |layer12_out_V_data_3_V_U   |        1|   36|   0|    -|   100|   16|     1600|
    |layer12_out_V_data_4_V_U   |        1|   36|   0|    -|   100|   16|     1600|
    |layer12_out_V_data_5_V_U   |        1|   36|   0|    -|   100|   16|     1600|
    |layer12_out_V_data_6_V_U   |        1|   36|   0|    -|   100|   16|     1600|
    |layer12_out_V_data_7_V_U   |        1|   36|   0|    -|   100|   16|     1600|
    |layer13_out_V_data_0_V_U   |        1|   36|   0|    -|   100|   16|     1600|
    |layer13_out_V_data_1_V_U   |        1|   36|   0|    -|   100|   16|     1600|
    |layer13_out_V_data_2_V_U   |        1|   36|   0|    -|   100|   16|     1600|
    |layer13_out_V_data_3_V_U   |        1|   36|   0|    -|   100|   16|     1600|
    |layer13_out_V_data_4_V_U   |        1|   36|   0|    -|   100|   16|     1600|
    |layer13_out_V_data_5_V_U   |        1|   36|   0|    -|   100|   16|     1600|
    |layer13_out_V_data_6_V_U   |        1|   36|   0|    -|   100|   16|     1600|
    |layer13_out_V_data_7_V_U   |        1|   36|   0|    -|   100|   16|     1600|
    |layer15_out_V_data_0_V_U   |        1|   36|   0|    -|   100|   16|     1600|
    |layer15_out_V_data_10_V_U  |        1|   36|   0|    -|   100|   16|     1600|
    |layer15_out_V_data_11_V_U  |        1|   36|   0|    -|   100|   16|     1600|
    |layer15_out_V_data_12_V_U  |        1|   36|   0|    -|   100|   16|     1600|
    |layer15_out_V_data_13_V_U  |        1|   36|   0|    -|   100|   16|     1600|
    |layer15_out_V_data_1_V_U   |        1|   36|   0|    -|   100|   16|     1600|
    |layer15_out_V_data_2_V_U   |        1|   36|   0|    -|   100|   16|     1600|
    |layer15_out_V_data_3_V_U   |        1|   36|   0|    -|   100|   16|     1600|
    |layer15_out_V_data_4_V_U   |        1|   36|   0|    -|   100|   16|     1600|
    |layer15_out_V_data_5_V_U   |        1|   36|   0|    -|   100|   16|     1600|
    |layer15_out_V_data_6_V_U   |        1|   36|   0|    -|   100|   16|     1600|
    |layer15_out_V_data_7_V_U   |        1|   36|   0|    -|   100|   16|     1600|
    |layer15_out_V_data_8_V_U   |        1|   36|   0|    -|   100|   16|     1600|
    |layer15_out_V_data_9_V_U   |        1|   36|   0|    -|   100|   16|     1600|
    |layer16_out_V_data_0_V_U   |        1|   36|   0|    -|   100|   16|     1600|
    |layer16_out_V_data_10_V_U  |        1|   36|   0|    -|   100|   16|     1600|
    |layer16_out_V_data_11_V_U  |        1|   36|   0|    -|   100|   16|     1600|
    |layer16_out_V_data_12_V_U  |        1|   36|   0|    -|   100|   16|     1600|
    |layer16_out_V_data_13_V_U  |        1|   36|   0|    -|   100|   16|     1600|
    |layer16_out_V_data_1_V_U   |        1|   36|   0|    -|   100|   16|     1600|
    |layer16_out_V_data_2_V_U   |        1|   36|   0|    -|   100|   16|     1600|
    |layer16_out_V_data_3_V_U   |        1|   36|   0|    -|   100|   16|     1600|
    |layer16_out_V_data_4_V_U   |        1|   36|   0|    -|   100|   16|     1600|
    |layer16_out_V_data_5_V_U   |        1|   36|   0|    -|   100|   16|     1600|
    |layer16_out_V_data_6_V_U   |        1|   36|   0|    -|   100|   16|     1600|
    |layer16_out_V_data_7_V_U   |        1|   36|   0|    -|   100|   16|     1600|
    |layer16_out_V_data_8_V_U   |        1|   36|   0|    -|   100|   16|     1600|
    |layer16_out_V_data_9_V_U   |        1|   36|   0|    -|   100|   16|     1600|
    |layer17_out_V_data_0_V_U   |        1|   36|   0|    -|   100|   16|     1600|
    |layer17_out_V_data_10_V_U  |        1|   36|   0|    -|   100|   16|     1600|
    |layer17_out_V_data_11_V_U  |        1|   36|   0|    -|   100|   16|     1600|
    |layer17_out_V_data_12_V_U  |        1|   36|   0|    -|   100|   16|     1600|
    |layer17_out_V_data_13_V_U  |        1|   36|   0|    -|   100|   16|     1600|
    |layer17_out_V_data_14_V_U  |        1|   36|   0|    -|   100|   16|     1600|
    |layer17_out_V_data_15_V_U  |        1|   36|   0|    -|   100|   16|     1600|
    |layer17_out_V_data_16_V_U  |        1|   36|   0|    -|   100|   16|     1600|
    |layer17_out_V_data_17_V_U  |        1|   36|   0|    -|   100|   16|     1600|
    |layer17_out_V_data_18_V_U  |        1|   36|   0|    -|   100|   16|     1600|
    |layer17_out_V_data_19_V_U  |        1|   36|   0|    -|   100|   16|     1600|
    |layer17_out_V_data_1_V_U   |        1|   36|   0|    -|   100|   16|     1600|
    |layer17_out_V_data_20_V_U  |        1|   36|   0|    -|   100|   16|     1600|
    |layer17_out_V_data_21_V_U  |        1|   36|   0|    -|   100|   16|     1600|
    |layer17_out_V_data_22_V_U  |        1|   36|   0|    -|   100|   16|     1600|
    |layer17_out_V_data_23_V_U  |        1|   36|   0|    -|   100|   16|     1600|
    |layer17_out_V_data_24_V_U  |        1|   36|   0|    -|   100|   16|     1600|
    |layer17_out_V_data_25_V_U  |        1|   36|   0|    -|   100|   16|     1600|
    |layer17_out_V_data_26_V_U  |        1|   36|   0|    -|   100|   16|     1600|
    |layer17_out_V_data_27_V_U  |        1|   36|   0|    -|   100|   16|     1600|
    |layer17_out_V_data_28_V_U  |        1|   36|   0|    -|   100|   16|     1600|
    |layer17_out_V_data_29_V_U  |        1|   36|   0|    -|   100|   16|     1600|
    |layer17_out_V_data_2_V_U   |        1|   36|   0|    -|   100|   16|     1600|
    |layer17_out_V_data_30_V_U  |        1|   36|   0|    -|   100|   16|     1600|
    |layer17_out_V_data_31_V_U  |        1|   36|   0|    -|   100|   16|     1600|
    |layer17_out_V_data_32_V_U  |        1|   36|   0|    -|   100|   16|     1600|
    |layer17_out_V_data_33_V_U  |        1|   36|   0|    -|   100|   16|     1600|
    |layer17_out_V_data_34_V_U  |        1|   36|   0|    -|   100|   16|     1600|
    |layer17_out_V_data_35_V_U  |        1|   36|   0|    -|   100|   16|     1600|
    |layer17_out_V_data_36_V_U  |        1|   36|   0|    -|   100|   16|     1600|
    |layer17_out_V_data_37_V_U  |        1|   36|   0|    -|   100|   16|     1600|
    |layer17_out_V_data_38_V_U  |        1|   36|   0|    -|   100|   16|     1600|
    |layer17_out_V_data_39_V_U  |        1|   36|   0|    -|   100|   16|     1600|
    |layer17_out_V_data_3_V_U   |        1|   36|   0|    -|   100|   16|     1600|
    |layer17_out_V_data_4_V_U   |        1|   36|   0|    -|   100|   16|     1600|
    |layer17_out_V_data_5_V_U   |        1|   36|   0|    -|   100|   16|     1600|
    |layer17_out_V_data_6_V_U   |        1|   36|   0|    -|   100|   16|     1600|
    |layer17_out_V_data_7_V_U   |        1|   36|   0|    -|   100|   16|     1600|
    |layer17_out_V_data_8_V_U   |        1|   36|   0|    -|   100|   16|     1600|
    |layer17_out_V_data_9_V_U   |        1|   36|   0|    -|   100|   16|     1600|
    |layer18_out_V_data_0_V_U   |        1|   36|   0|    -|   100|   16|     1600|
    |layer18_out_V_data_10_V_U  |        1|   36|   0|    -|   100|   16|     1600|
    |layer18_out_V_data_11_V_U  |        1|   36|   0|    -|   100|   16|     1600|
    |layer18_out_V_data_12_V_U  |        1|   36|   0|    -|   100|   16|     1600|
    |layer18_out_V_data_13_V_U  |        1|   36|   0|    -|   100|   16|     1600|
    |layer18_out_V_data_14_V_U  |        1|   36|   0|    -|   100|   16|     1600|
    |layer18_out_V_data_15_V_U  |        1|   36|   0|    -|   100|   16|     1600|
    |layer18_out_V_data_16_V_U  |        1|   36|   0|    -|   100|   16|     1600|
    |layer18_out_V_data_17_V_U  |        1|   36|   0|    -|   100|   16|     1600|
    |layer18_out_V_data_18_V_U  |        1|   36|   0|    -|   100|   16|     1600|
    |layer18_out_V_data_19_V_U  |        1|   36|   0|    -|   100|   16|     1600|
    |layer18_out_V_data_1_V_U   |        1|   36|   0|    -|   100|   16|     1600|
    |layer18_out_V_data_20_V_U  |        1|   36|   0|    -|   100|   16|     1600|
    |layer18_out_V_data_21_V_U  |        1|   36|   0|    -|   100|   16|     1600|
    |layer18_out_V_data_22_V_U  |        1|   36|   0|    -|   100|   16|     1600|
    |layer18_out_V_data_23_V_U  |        1|   36|   0|    -|   100|   16|     1600|
    |layer18_out_V_data_24_V_U  |        1|   36|   0|    -|   100|   16|     1600|
    |layer18_out_V_data_25_V_U  |        1|   36|   0|    -|   100|   16|     1600|
    |layer18_out_V_data_26_V_U  |        1|   36|   0|    -|   100|   16|     1600|
    |layer18_out_V_data_27_V_U  |        1|   36|   0|    -|   100|   16|     1600|
    |layer18_out_V_data_28_V_U  |        1|   36|   0|    -|   100|   16|     1600|
    |layer18_out_V_data_29_V_U  |        1|   36|   0|    -|   100|   16|     1600|
    |layer18_out_V_data_2_V_U   |        1|   36|   0|    -|   100|   16|     1600|
    |layer18_out_V_data_30_V_U  |        1|   36|   0|    -|   100|   16|     1600|
    |layer18_out_V_data_31_V_U  |        1|   36|   0|    -|   100|   16|     1600|
    |layer18_out_V_data_32_V_U  |        1|   36|   0|    -|   100|   16|     1600|
    |layer18_out_V_data_33_V_U  |        1|   36|   0|    -|   100|   16|     1600|
    |layer18_out_V_data_34_V_U  |        1|   36|   0|    -|   100|   16|     1600|
    |layer18_out_V_data_35_V_U  |        1|   36|   0|    -|   100|   16|     1600|
    |layer18_out_V_data_36_V_U  |        1|   36|   0|    -|   100|   16|     1600|
    |layer18_out_V_data_37_V_U  |        1|   36|   0|    -|   100|   16|     1600|
    |layer18_out_V_data_38_V_U  |        1|   36|   0|    -|   100|   16|     1600|
    |layer18_out_V_data_39_V_U  |        1|   36|   0|    -|   100|   16|     1600|
    |layer18_out_V_data_3_V_U   |        1|   36|   0|    -|   100|   16|     1600|
    |layer18_out_V_data_4_V_U   |        1|   36|   0|    -|   100|   16|     1600|
    |layer18_out_V_data_5_V_U   |        1|   36|   0|    -|   100|   16|     1600|
    |layer18_out_V_data_6_V_U   |        1|   36|   0|    -|   100|   16|     1600|
    |layer18_out_V_data_7_V_U   |        1|   36|   0|    -|   100|   16|     1600|
    |layer18_out_V_data_8_V_U   |        1|   36|   0|    -|   100|   16|     1600|
    |layer18_out_V_data_9_V_U   |        1|   36|   0|    -|   100|   16|     1600|
    |layer19_out_V_data_0_V_U   |        1|   36|   0|    -|   100|   16|     1600|
    |layer2_out_V_data_0_V_U    |        1|   36|   0|    -|   100|   16|     1600|
    |layer2_out_V_data_10_V_U   |        1|   36|   0|    -|   100|   16|     1600|
    |layer2_out_V_data_11_V_U   |        1|   36|   0|    -|   100|   16|     1600|
    |layer2_out_V_data_12_V_U   |        1|   36|   0|    -|   100|   16|     1600|
    |layer2_out_V_data_13_V_U   |        1|   36|   0|    -|   100|   16|     1600|
    |layer2_out_V_data_14_V_U   |        1|   36|   0|    -|   100|   16|     1600|
    |layer2_out_V_data_15_V_U   |        1|   36|   0|    -|   100|   16|     1600|
    |layer2_out_V_data_16_V_U   |        1|   36|   0|    -|   100|   16|     1600|
    |layer2_out_V_data_17_V_U   |        1|   36|   0|    -|   100|   16|     1600|
    |layer2_out_V_data_18_V_U   |        1|   36|   0|    -|   100|   16|     1600|
    |layer2_out_V_data_19_V_U   |        1|   36|   0|    -|   100|   16|     1600|
    |layer2_out_V_data_1_V_U    |        1|   36|   0|    -|   100|   16|     1600|
    |layer2_out_V_data_20_V_U   |        1|   36|   0|    -|   100|   16|     1600|
    |layer2_out_V_data_21_V_U   |        1|   36|   0|    -|   100|   16|     1600|
    |layer2_out_V_data_22_V_U   |        1|   36|   0|    -|   100|   16|     1600|
    |layer2_out_V_data_23_V_U   |        1|   36|   0|    -|   100|   16|     1600|
    |layer2_out_V_data_24_V_U   |        1|   36|   0|    -|   100|   16|     1600|
    |layer2_out_V_data_25_V_U   |        1|   36|   0|    -|   100|   16|     1600|
    |layer2_out_V_data_26_V_U   |        1|   36|   0|    -|   100|   16|     1600|
    |layer2_out_V_data_27_V_U   |        1|   36|   0|    -|   100|   16|     1600|
    |layer2_out_V_data_28_V_U   |        1|   36|   0|    -|   100|   16|     1600|
    |layer2_out_V_data_29_V_U   |        1|   36|   0|    -|   100|   16|     1600|
    |layer2_out_V_data_2_V_U    |        1|   36|   0|    -|   100|   16|     1600|
    |layer2_out_V_data_30_V_U   |        1|   36|   0|    -|   100|   16|     1600|
    |layer2_out_V_data_31_V_U   |        1|   36|   0|    -|   100|   16|     1600|
    |layer2_out_V_data_3_V_U    |        1|   36|   0|    -|   100|   16|     1600|
    |layer2_out_V_data_4_V_U    |        1|   36|   0|    -|   100|   16|     1600|
    |layer2_out_V_data_5_V_U    |        1|   36|   0|    -|   100|   16|     1600|
    |layer2_out_V_data_6_V_U    |        1|   36|   0|    -|   100|   16|     1600|
    |layer2_out_V_data_7_V_U    |        1|   36|   0|    -|   100|   16|     1600|
    |layer2_out_V_data_8_V_U    |        1|   36|   0|    -|   100|   16|     1600|
    |layer2_out_V_data_9_V_U    |        1|   36|   0|    -|   100|   16|     1600|
    |layer3_out_V_data_0_V_U    |        1|   36|   0|    -|   100|   16|     1600|
    |layer3_out_V_data_10_V_U   |        1|   36|   0|    -|   100|   16|     1600|
    |layer3_out_V_data_11_V_U   |        1|   36|   0|    -|   100|   16|     1600|
    |layer3_out_V_data_12_V_U   |        1|   36|   0|    -|   100|   16|     1600|
    |layer3_out_V_data_13_V_U   |        1|   36|   0|    -|   100|   16|     1600|
    |layer3_out_V_data_14_V_U   |        1|   36|   0|    -|   100|   16|     1600|
    |layer3_out_V_data_15_V_U   |        1|   36|   0|    -|   100|   16|     1600|
    |layer3_out_V_data_16_V_U   |        1|   36|   0|    -|   100|   16|     1600|
    |layer3_out_V_data_17_V_U   |        1|   36|   0|    -|   100|   16|     1600|
    |layer3_out_V_data_18_V_U   |        1|   36|   0|    -|   100|   16|     1600|
    |layer3_out_V_data_19_V_U   |        1|   36|   0|    -|   100|   16|     1600|
    |layer3_out_V_data_1_V_U    |        1|   36|   0|    -|   100|   16|     1600|
    |layer3_out_V_data_20_V_U   |        1|   36|   0|    -|   100|   16|     1600|
    |layer3_out_V_data_21_V_U   |        1|   36|   0|    -|   100|   16|     1600|
    |layer3_out_V_data_22_V_U   |        1|   36|   0|    -|   100|   16|     1600|
    |layer3_out_V_data_23_V_U   |        1|   36|   0|    -|   100|   16|     1600|
    |layer3_out_V_data_24_V_U   |        1|   36|   0|    -|   100|   16|     1600|
    |layer3_out_V_data_25_V_U   |        1|   36|   0|    -|   100|   16|     1600|
    |layer3_out_V_data_26_V_U   |        1|   36|   0|    -|   100|   16|     1600|
    |layer3_out_V_data_27_V_U   |        1|   36|   0|    -|   100|   16|     1600|
    |layer3_out_V_data_28_V_U   |        1|   36|   0|    -|   100|   16|     1600|
    |layer3_out_V_data_29_V_U   |        1|   36|   0|    -|   100|   16|     1600|
    |layer3_out_V_data_2_V_U    |        1|   36|   0|    -|   100|   16|     1600|
    |layer3_out_V_data_30_V_U   |        1|   36|   0|    -|   100|   16|     1600|
    |layer3_out_V_data_31_V_U   |        1|   36|   0|    -|   100|   16|     1600|
    |layer3_out_V_data_3_V_U    |        1|   36|   0|    -|   100|   16|     1600|
    |layer3_out_V_data_4_V_U    |        1|   36|   0|    -|   100|   16|     1600|
    |layer3_out_V_data_5_V_U    |        1|   36|   0|    -|   100|   16|     1600|
    |layer3_out_V_data_6_V_U    |        1|   36|   0|    -|   100|   16|     1600|
    |layer3_out_V_data_7_V_U    |        1|   36|   0|    -|   100|   16|     1600|
    |layer3_out_V_data_8_V_U    |        1|   36|   0|    -|   100|   16|     1600|
    |layer3_out_V_data_9_V_U    |        1|   36|   0|    -|   100|   16|     1600|
    |layer4_out_V_data_0_V_U    |        1|   36|   0|    -|   100|   16|     1600|
    |layer4_out_V_data_10_V_U   |        1|   36|   0|    -|   100|   16|     1600|
    |layer4_out_V_data_11_V_U   |        1|   36|   0|    -|   100|   16|     1600|
    |layer4_out_V_data_12_V_U   |        1|   36|   0|    -|   100|   16|     1600|
    |layer4_out_V_data_13_V_U   |        1|   36|   0|    -|   100|   16|     1600|
    |layer4_out_V_data_14_V_U   |        1|   36|   0|    -|   100|   16|     1600|
    |layer4_out_V_data_15_V_U   |        1|   36|   0|    -|   100|   16|     1600|
    |layer4_out_V_data_16_V_U   |        1|   36|   0|    -|   100|   16|     1600|
    |layer4_out_V_data_17_V_U   |        1|   36|   0|    -|   100|   16|     1600|
    |layer4_out_V_data_18_V_U   |        1|   36|   0|    -|   100|   16|     1600|
    |layer4_out_V_data_19_V_U   |        1|   36|   0|    -|   100|   16|     1600|
    |layer4_out_V_data_1_V_U    |        1|   36|   0|    -|   100|   16|     1600|
    |layer4_out_V_data_20_V_U   |        1|   36|   0|    -|   100|   16|     1600|
    |layer4_out_V_data_21_V_U   |        1|   36|   0|    -|   100|   16|     1600|
    |layer4_out_V_data_22_V_U   |        1|   36|   0|    -|   100|   16|     1600|
    |layer4_out_V_data_23_V_U   |        1|   36|   0|    -|   100|   16|     1600|
    |layer4_out_V_data_24_V_U   |        1|   36|   0|    -|   100|   16|     1600|
    |layer4_out_V_data_25_V_U   |        1|   36|   0|    -|   100|   16|     1600|
    |layer4_out_V_data_26_V_U   |        1|   36|   0|    -|   100|   16|     1600|
    |layer4_out_V_data_27_V_U   |        1|   36|   0|    -|   100|   16|     1600|
    |layer4_out_V_data_28_V_U   |        1|   36|   0|    -|   100|   16|     1600|
    |layer4_out_V_data_29_V_U   |        1|   36|   0|    -|   100|   16|     1600|
    |layer4_out_V_data_2_V_U    |        1|   36|   0|    -|   100|   16|     1600|
    |layer4_out_V_data_30_V_U   |        1|   36|   0|    -|   100|   16|     1600|
    |layer4_out_V_data_31_V_U   |        1|   36|   0|    -|   100|   16|     1600|
    |layer4_out_V_data_3_V_U    |        1|   36|   0|    -|   100|   16|     1600|
    |layer4_out_V_data_4_V_U    |        1|   36|   0|    -|   100|   16|     1600|
    |layer4_out_V_data_5_V_U    |        1|   36|   0|    -|   100|   16|     1600|
    |layer4_out_V_data_6_V_U    |        1|   36|   0|    -|   100|   16|     1600|
    |layer4_out_V_data_7_V_U    |        1|   36|   0|    -|   100|   16|     1600|
    |layer4_out_V_data_8_V_U    |        1|   36|   0|    -|   100|   16|     1600|
    |layer4_out_V_data_9_V_U    |        1|   36|   0|    -|   100|   16|     1600|
    |layer5_out_V_data_0_V_U    |        1|   36|   0|    -|   100|   16|     1600|
    |layer5_out_V_data_10_V_U   |        1|   36|   0|    -|   100|   16|     1600|
    |layer5_out_V_data_11_V_U   |        1|   36|   0|    -|   100|   16|     1600|
    |layer5_out_V_data_12_V_U   |        1|   36|   0|    -|   100|   16|     1600|
    |layer5_out_V_data_1_V_U    |        1|   36|   0|    -|   100|   16|     1600|
    |layer5_out_V_data_2_V_U    |        1|   36|   0|    -|   100|   16|     1600|
    |layer5_out_V_data_3_V_U    |        1|   36|   0|    -|   100|   16|     1600|
    |layer5_out_V_data_4_V_U    |        1|   36|   0|    -|   100|   16|     1600|
    |layer5_out_V_data_5_V_U    |        1|   36|   0|    -|   100|   16|     1600|
    |layer5_out_V_data_6_V_U    |        1|   36|   0|    -|   100|   16|     1600|
    |layer5_out_V_data_7_V_U    |        1|   36|   0|    -|   100|   16|     1600|
    |layer5_out_V_data_8_V_U    |        1|   36|   0|    -|   100|   16|     1600|
    |layer5_out_V_data_9_V_U    |        1|   36|   0|    -|   100|   16|     1600|
    |layer6_out_V_data_0_V_U    |        1|   36|   0|    -|   100|   16|     1600|
    |layer6_out_V_data_10_V_U   |        1|   36|   0|    -|   100|   16|     1600|
    |layer6_out_V_data_11_V_U   |        1|   36|   0|    -|   100|   16|     1600|
    |layer6_out_V_data_12_V_U   |        1|   36|   0|    -|   100|   16|     1600|
    |layer6_out_V_data_1_V_U    |        1|   36|   0|    -|   100|   16|     1600|
    |layer6_out_V_data_2_V_U    |        1|   36|   0|    -|   100|   16|     1600|
    |layer6_out_V_data_3_V_U    |        1|   36|   0|    -|   100|   16|     1600|
    |layer6_out_V_data_4_V_U    |        1|   36|   0|    -|   100|   16|     1600|
    |layer6_out_V_data_5_V_U    |        1|   36|   0|    -|   100|   16|     1600|
    |layer6_out_V_data_6_V_U    |        1|   36|   0|    -|   100|   16|     1600|
    |layer6_out_V_data_7_V_U    |        1|   36|   0|    -|   100|   16|     1600|
    |layer6_out_V_data_8_V_U    |        1|   36|   0|    -|   100|   16|     1600|
    |layer6_out_V_data_9_V_U    |        1|   36|   0|    -|   100|   16|     1600|
    |layer7_out_V_data_0_V_U    |        1|   36|   0|    -|   100|   16|     1600|
    |layer7_out_V_data_10_V_U   |        1|   36|   0|    -|   100|   16|     1600|
    |layer7_out_V_data_11_V_U   |        1|   36|   0|    -|   100|   16|     1600|
    |layer7_out_V_data_12_V_U   |        1|   36|   0|    -|   100|   16|     1600|
    |layer7_out_V_data_1_V_U    |        1|   36|   0|    -|   100|   16|     1600|
    |layer7_out_V_data_2_V_U    |        1|   36|   0|    -|   100|   16|     1600|
    |layer7_out_V_data_3_V_U    |        1|   36|   0|    -|   100|   16|     1600|
    |layer7_out_V_data_4_V_U    |        1|   36|   0|    -|   100|   16|     1600|
    |layer7_out_V_data_5_V_U    |        1|   36|   0|    -|   100|   16|     1600|
    |layer7_out_V_data_6_V_U    |        1|   36|   0|    -|   100|   16|     1600|
    |layer7_out_V_data_7_V_U    |        1|   36|   0|    -|   100|   16|     1600|
    |layer7_out_V_data_8_V_U    |        1|   36|   0|    -|   100|   16|     1600|
    |layer7_out_V_data_9_V_U    |        1|   36|   0|    -|   100|   16|     1600|
    |layer8_out_V_data_0_V_U    |        1|   36|   0|    -|   100|   16|     1600|
    |layer8_out_V_data_1_V_U    |        1|   36|   0|    -|   100|   16|     1600|
    |layer8_out_V_data_2_V_U    |        1|   36|   0|    -|   100|   16|     1600|
    |layer8_out_V_data_3_V_U    |        1|   36|   0|    -|   100|   16|     1600|
    |layer8_out_V_data_4_V_U    |        1|   36|   0|    -|   100|   16|     1600|
    |layer8_out_V_data_5_V_U    |        1|   36|   0|    -|   100|   16|     1600|
    |layer8_out_V_data_6_V_U    |        1|   36|   0|    -|   100|   16|     1600|
    |layer8_out_V_data_7_V_U    |        1|   36|   0|    -|   100|   16|     1600|
    |layer8_out_V_data_8_V_U    |        1|   36|   0|    -|   100|   16|     1600|
    |layer9_out_V_data_0_V_U    |        1|   36|   0|    -|   100|   16|     1600|
    |layer9_out_V_data_1_V_U    |        1|   36|   0|    -|   100|   16|     1600|
    |layer9_out_V_data_2_V_U    |        1|   36|   0|    -|   100|   16|     1600|
    |layer9_out_V_data_3_V_U    |        1|   36|   0|    -|   100|   16|     1600|
    |layer9_out_V_data_4_V_U    |        1|   36|   0|    -|   100|   16|     1600|
    |layer9_out_V_data_5_V_U    |        1|   36|   0|    -|   100|   16|     1600|
    |layer9_out_V_data_6_V_U    |        1|   36|   0|    -|   100|   16|     1600|
    |layer9_out_V_data_7_V_U    |        1|   36|   0|    -|   100|   16|     1600|
    |layer9_out_V_data_8_V_U    |        1|   36|   0|    -|   100|   16|     1600|
    +---------------------------+---------+-----+----+-----+------+-----+---------+
    |Total                      |      295|10620|   0|    0| 29500| 4720|   472000|
    +---------------------------+---------+-----+----+-----+------+-----+---------+

    * Expression: 
    +--------------+----------+-------+---+----+------------+------------+
    | Variable Name| Operation| DSP48E| FF| LUT| Bitwidth P0| Bitwidth P1|
    +--------------+----------+-------+---+----+------------+------------+
    |ap_idle       |    and   |      0|  0|   2|           1|           1|
    +--------------+----------+-------+---+----+------------+------------+
    |Total         |          |      0|  0|   2|           1|           1|
    +--------------+----------+-------+---+----+------------+------------+

    * Multiplexer: 
    N/A

    * Register: 
    N/A



================================================================
== Interface
================================================================
* Summary: 
+-------------------------------+-----+-----+------------+------------------------+--------------+
|           RTL Ports           | Dir | Bits|  Protocol  |      Source Object     |    C Type    |
+-------------------------------+-----+-----+------------+------------------------+--------------+
|input_28_V_data_0_V_TDATA      |  in |   16|    axis    |   input_28_V_data_0_V  |    pointer   |
|input_28_V_data_0_V_TVALID     |  in |    1|    axis    |   input_28_V_data_0_V  |    pointer   |
|input_28_V_data_0_V_TREADY     | out |    1|    axis    |   input_28_V_data_0_V  |    pointer   |
|input_28_V_data_1_V_TDATA      |  in |   16|    axis    |   input_28_V_data_1_V  |    pointer   |
|input_28_V_data_1_V_TVALID     |  in |    1|    axis    |   input_28_V_data_1_V  |    pointer   |
|input_28_V_data_1_V_TREADY     | out |    1|    axis    |   input_28_V_data_1_V  |    pointer   |
|input_28_V_data_2_V_TDATA      |  in |   16|    axis    |   input_28_V_data_2_V  |    pointer   |
|input_28_V_data_2_V_TVALID     |  in |    1|    axis    |   input_28_V_data_2_V  |    pointer   |
|input_28_V_data_2_V_TREADY     | out |    1|    axis    |   input_28_V_data_2_V  |    pointer   |
|layer20_out_V_data_0_V_TDATA   | out |   16|    axis    | layer20_out_V_data_0_V |    pointer   |
|layer20_out_V_data_0_V_TVALID  | out |    1|    axis    | layer20_out_V_data_0_V |    pointer   |
|layer20_out_V_data_0_V_TREADY  |  in |    1|    axis    | layer20_out_V_data_0_V |    pointer   |
|ap_clk                         |  in |    1| ap_ctrl_hs |        myproject       | return value |
|ap_rst_n                       |  in |    1| ap_ctrl_hs |        myproject       | return value |
|ap_start                       |  in |    1| ap_ctrl_hs |        myproject       | return value |
|ap_done                        | out |    1| ap_ctrl_hs |        myproject       | return value |
|ap_ready                       | out |    1| ap_ctrl_hs |        myproject       | return value |
|ap_idle                        | out |    1| ap_ctrl_hs |        myproject       | return value |
+-------------------------------+-----+-----+------------+------------------------+--------------+

