

================================================================
== Vivado HLS Report for 'myproject'
================================================================
* Date:           Sat Jul 15 19:54:23 2023

* Version:        2019.2 (Build 2704478 on Wed Nov 06 22:10:23 MST 2019)
* Project:        myproject_prj
* Solution:       solution1
* Product family: zynquplus
* Target device:  xczu7ev-ffvc1156-2-e


================================================================
== Performance Estimates
================================================================
+ Timing: 
    * Summary: 
    +--------+---------+----------+------------+
    |  Clock |  Target | Estimated| Uncertainty|
    +--------+---------+----------+------------+
    |ap_clk  | 5.00 ns | 4.196 ns |   0.62 ns  |
    +--------+---------+----------+------------+

+ Latency: 
    * Summary: 
    +---------+---------+-----------+-----------+---------+---------+----------+
    |  Latency (cycles) |   Latency (absolute)  |      Interval     | Pipeline |
    |   min   |   max   |    min    |    max    |   min   |   max   |   Type   |
    +---------+---------+-----------+-----------+---------+---------+----------+
    |  7047717|  7047718| 35.239 ms | 35.239 ms |  1478521|  7047613| dataflow |
    +---------+---------+-----------+-----------+---------+---------+----------+

    + Detail: 
        * Instance: 
        +-------------------------------------------------------------------------+------------------------------------------------------------------------+---------+---------+-----------+-----------+---------+---------+----------+
        |                                                                         |                                                                        |  Latency (cycles) |   Latency (absolute)  |      Interval     | Pipeline |
        |                                 Instance                                |                                 Module                                 |   min   |   max   |    min    |    max    |   min   |   max   |   Type   |
        +-------------------------------------------------------------------------+------------------------------------------------------------------------+---------+---------+-----------+-----------+---------+---------+----------+
        |dense_array_ap_fixed_8u_array_ap_fixed_16_6_5_3_0_1u_config19_U0         |dense_array_ap_fixed_8u_array_ap_fixed_16_6_5_3_0_1u_config19_s         |     1301|     1302|  6.505 us |  6.510 us |     1301|     1302|   none   |
        |pooling2d_cl_array_array_ap_fixed_16_6_5_3_0_10u_config5_U0              |pooling2d_cl_array_array_ap_fixed_16_6_5_3_0_10u_config5_s              |    49287|    49287|  0.246 ms |  0.246 ms |    49287|    49287|   none   |
        |pooling2d_cl_array_array_ap_fixed_16_6_5_3_0_8u_config17_U0              |pooling2d_cl_array_array_ap_fixed_16_6_5_3_0_8u_config17_s              |      579|      579|  2.895 us |  2.895 us |      579|      579|   none   |
        |conv_2d_cl_array_ap_fixed_10u_array_ap_fixed_16_6_5_3_0_5u_config6_U0    |conv_2d_cl_array_ap_fixed_10u_array_ap_fixed_16_6_5_3_0_5u_config6_s    |  1478520|  7047612|  7.393 ms | 35.238 ms |  1478520|  7047612|   none   |
        |conv_2d_cl_array_ap_fixed_5u_array_ap_fixed_16_6_5_3_0_4u_config10_U0    |conv_2d_cl_array_ap_fixed_5u_array_ap_fixed_16_6_5_3_0_4u_config10_s    |   116640|   647352|  0.583 ms |  3.237 ms |   116640|   647352|   none   |
        |conv_2d_cl_array_ap_fixed_4u_array_ap_fixed_16_6_5_3_0_8u_config14_U0    |conv_2d_cl_array_ap_fixed_4u_array_ap_fixed_16_6_5_3_0_8u_config14_s    |    22984|   219024|  0.115 ms |  1.095 ms |    22984|   219024|   none   |
        |pooling2d_cl_array_ap_ufixed_5u_array_ap_fixed_16_6_5_3_0_5u_config9_U0  |pooling2d_cl_array_ap_ufixed_5u_array_ap_fixed_16_6_5_3_0_5u_config9_s  |    11884|    11884| 59.420 us | 59.420 us |    11884|    11884|   none   |
        |pooling2d_cl_array_array_ap_fixed_16_6_5_3_0_4u_config13_U0              |pooling2d_cl_array_array_ap_fixed_16_6_5_3_0_4u_config13_s              |     2707|     2707| 13.535 us | 13.535 us |     2707|     2707|   none   |
        |conv_2d_cl_array_ap_fixed_3u_array_ap_fixed_16_6_5_3_0_10u_config2_U0    |conv_2d_cl_array_ap_fixed_3u_array_ap_fixed_16_6_5_3_0_10u_config2_s    |   100353|  2157569|  0.502 ms | 10.788 ms |   100353|  2157569|   none   |
        |relu_array_ap_fixed_10u_array_ap_ufixed_6_0_4_0_0_10u_relu_config4_U0    |relu_array_ap_fixed_10u_array_ap_ufixed_6_0_4_0_0_10u_relu_config4_s    |    49287|    49287|  0.246 ms |  0.246 ms |    49287|    49287|   none   |
        |relu_array_ap_fixed_8u_array_ap_ufixed_6_0_4_0_0_8u_relu_config16_U0     |relu_array_ap_fixed_8u_array_ap_ufixed_6_0_4_0_0_8u_relu_config16_s     |      579|      579|  2.895 us |  2.895 us |      579|      579|   none   |
        |relu_array_ap_fixed_5u_array_ap_ufixed_6_0_4_0_0_5u_relu_config8_U0      |relu_array_ap_fixed_5u_array_ap_ufixed_6_0_4_0_0_5u_relu_config8_s      |    11884|    11884| 59.420 us | 59.420 us |    11884|    11884|   none   |
        |relu_array_ap_fixed_4u_array_ap_ufixed_6_0_4_0_0_4u_relu_config12_U0     |relu_array_ap_fixed_4u_array_ap_ufixed_6_0_4_0_0_4u_relu_config12_s     |     2707|     2707| 13.535 us | 13.535 us |     2707|     2707|   none   |
        |sigmoid_array_array_ap_fixed_16_6_5_3_0_1u_sigmoid_config21_U0           |sigmoid_array_array_ap_fixed_16_6_5_3_0_1u_sigmoid_config21_s           |        3|        3| 15.000 ns | 15.000 ns |        1|        1| function |
        |normalize_array_ap_fixed_1u_array_ap_fixed_8_2_5_3_0_1u_config22_U0      |normalize_array_ap_fixed_1u_array_ap_fixed_8_2_5_3_0_1u_config22_s      |        0|        0|    0 ns   |    0 ns   |        1|        1| function |
        |linear_array_array_ap_fixed_16_6_5_3_0_1u_linear_config20_U0             |linear_array_array_ap_fixed_16_6_5_3_0_1u_linear_config20_s             |        0|        0|    0 ns   |    0 ns   |        1|        1| function |
        +-------------------------------------------------------------------------+------------------------------------------------------------------------+---------+---------+-----------+-----------+---------+---------+----------+

        * Loop: 
        N/A



================================================================
== Utilization Estimates
================================================================
* Summary: 
+-----------------+---------+-------+--------+--------+-----+
|       Name      | BRAM_18K| DSP48E|   FF   |   LUT  | URAM|
+-----------------+---------+-------+--------+--------+-----+
|DSP              |        -|      -|       -|       -|    -|
|Expression       |        -|      -|       0|       2|    -|
|FIFO             |       84|      -|    2746|    3334|    -|
|Instance         |        5|      5|   89109|  186328|    -|
|Memory           |        -|      -|       -|       -|    -|
|Multiplexer      |        -|      -|       -|       -|    -|
|Register         |        -|      -|       -|       -|    -|
+-----------------+---------+-------+--------+--------+-----+
|Total            |       89|      5|   91855|  189664|    0|
+-----------------+---------+-------+--------+--------+-----+
|Available        |      624|   1728|  460800|  230400|   96|
+-----------------+---------+-------+--------+--------+-----+
|Utilization (%)  |       14|   ~0  |      19|      82|    0|
+-----------------+---------+-------+--------+--------+-----+

+ Detail: 
    * Instance: 
    +-------------------------------------------------------------------------+------------------------------------------------------------------------+---------+-------+-------+-------+-----+
    |                                 Instance                                |                                 Module                                 | BRAM_18K| DSP48E|   FF  |  LUT  | URAM|
    +-------------------------------------------------------------------------+------------------------------------------------------------------------+---------+-------+-------+-------+-----+
    |conv_2d_cl_array_ap_fixed_10u_array_ap_fixed_16_6_5_3_0_5u_config6_U0    |conv_2d_cl_array_ap_fixed_10u_array_ap_fixed_16_6_5_3_0_5u_config6_s    |        2|      1|   4259|  18240|    0|
    |conv_2d_cl_array_ap_fixed_3u_array_ap_fixed_16_6_5_3_0_10u_config2_U0    |conv_2d_cl_array_ap_fixed_3u_array_ap_fixed_16_6_5_3_0_10u_config2_s    |        0|      1|   3051|   9982|    0|
    |conv_2d_cl_array_ap_fixed_4u_array_ap_fixed_16_6_5_3_0_8u_config14_U0    |conv_2d_cl_array_ap_fixed_4u_array_ap_fixed_16_6_5_3_0_8u_config14_s    |        1|      1|   2061|  15441|    0|
    |conv_2d_cl_array_ap_fixed_5u_array_ap_fixed_16_6_5_3_0_4u_config10_U0    |conv_2d_cl_array_ap_fixed_5u_array_ap_fixed_16_6_5_3_0_4u_config10_s    |        0|      1|   2381|  15717|    0|
    |dense_array_ap_fixed_8u_array_ap_fixed_16_6_5_3_0_1u_config19_U0         |dense_array_ap_fixed_8u_array_ap_fixed_16_6_5_3_0_1u_config19_s         |        1|      1|  73834|  44510|    0|
    |linear_array_array_ap_fixed_16_6_5_3_0_1u_linear_config20_U0             |linear_array_array_ap_fixed_16_6_5_3_0_1u_linear_config20_s             |        0|      0|      3|     38|    0|
    |normalize_array_ap_fixed_1u_array_ap_fixed_8_2_5_3_0_1u_config22_U0      |normalize_array_ap_fixed_1u_array_ap_fixed_8_2_5_3_0_1u_config22_s      |        0|      0|      3|     38|    0|
    |pooling2d_cl_array_ap_ufixed_5u_array_ap_fixed_16_6_5_3_0_5u_config9_U0  |pooling2d_cl_array_ap_ufixed_5u_array_ap_fixed_16_6_5_3_0_5u_config9_s  |        0|      0|    658|  14966|    0|
    |pooling2d_cl_array_array_ap_fixed_16_6_5_3_0_10u_config5_U0              |pooling2d_cl_array_array_ap_fixed_16_6_5_3_0_10u_config5_s              |        0|      0|   1100|  29413|    0|
    |pooling2d_cl_array_array_ap_fixed_16_6_5_3_0_4u_config13_U0              |pooling2d_cl_array_array_ap_fixed_16_6_5_3_0_4u_config13_s              |        0|      0|    568|  11819|    0|
    |pooling2d_cl_array_array_ap_fixed_16_6_5_3_0_8u_config17_U0              |pooling2d_cl_array_array_ap_fixed_16_6_5_3_0_8u_config17_s              |        0|      0|    918|  22861|    0|
    |relu_array_ap_fixed_10u_array_ap_ufixed_6_0_4_0_0_10u_relu_config4_U0    |relu_array_ap_fixed_10u_array_ap_ufixed_6_0_4_0_0_10u_relu_config4_s    |        0|      0|     86|   1108|    0|
    |relu_array_ap_fixed_4u_array_ap_ufixed_6_0_4_0_0_4u_relu_config12_U0     |relu_array_ap_fixed_4u_array_ap_ufixed_6_0_4_0_0_4u_relu_config12_s     |        0|      0|     46|    510|    0|
    |relu_array_ap_fixed_5u_array_ap_ufixed_6_0_4_0_0_5u_relu_config8_U0      |relu_array_ap_fixed_5u_array_ap_ufixed_6_0_4_0_0_5u_relu_config8_s      |        0|      0|     54|    611|    0|
    |relu_array_ap_fixed_8u_array_ap_ufixed_6_0_4_0_0_8u_relu_config16_U0     |relu_array_ap_fixed_8u_array_ap_ufixed_6_0_4_0_0_8u_relu_config16_s     |        0|      0|     68|    904|    0|
    |sigmoid_array_array_ap_fixed_16_6_5_3_0_1u_sigmoid_config21_U0           |sigmoid_array_array_ap_fixed_16_6_5_3_0_1u_sigmoid_config21_s           |        1|      0|     19|    170|    0|
    +-------------------------------------------------------------------------+------------------------------------------------------------------------+---------+-------+-------+-------+-----+
    |Total                                                                    |                                                                        |        5|      5|  89109| 186328|    0|
    +-------------------------------------------------------------------------+------------------------------------------------------------------------+---------+-------+-------+-------+-----+

    * DSP48E: 
    N/A

    * Memory: 
    N/A

    * FIFO: 
    +--------------------------+---------+----+----+-----+------+-----+---------+
    |           Name           | BRAM_18K| FF | LUT| URAM| Depth| Bits| Size:D*B|
    +--------------------------+---------+----+----+-----+------+-----+---------+
    |layer10_out_V_data_0_V_U  |        1|  36|   0|    -|   100|   16|     1600|
    |layer10_out_V_data_1_V_U  |        1|  36|   0|    -|   100|   16|     1600|
    |layer10_out_V_data_2_V_U  |        1|  36|   0|    -|   100|   16|     1600|
    |layer10_out_V_data_3_V_U  |        1|  36|   0|    -|   100|   16|     1600|
    |layer12_out_V_data_0_V_U  |        1|  26|   0|    -|   100|    6|      600|
    |layer12_out_V_data_1_V_U  |        1|  26|   0|    -|   100|    6|      600|
    |layer12_out_V_data_2_V_U  |        1|  26|   0|    -|   100|    6|      600|
    |layer12_out_V_data_3_V_U  |        1|  26|   0|    -|   100|    6|      600|
    |layer13_out_V_data_0_V_U  |        1|  36|   0|    -|   100|   16|     1600|
    |layer13_out_V_data_1_V_U  |        1|  36|   0|    -|   100|   16|     1600|
    |layer13_out_V_data_2_V_U  |        1|  36|   0|    -|   100|   16|     1600|
    |layer13_out_V_data_3_V_U  |        1|  36|   0|    -|   100|   16|     1600|
    |layer14_out_V_data_0_V_U  |        1|  36|   0|    -|   100|   16|     1600|
    |layer14_out_V_data_1_V_U  |        1|  36|   0|    -|   100|   16|     1600|
    |layer14_out_V_data_2_V_U  |        1|  36|   0|    -|   100|   16|     1600|
    |layer14_out_V_data_3_V_U  |        1|  36|   0|    -|   100|   16|     1600|
    |layer14_out_V_data_4_V_U  |        1|  36|   0|    -|   100|   16|     1600|
    |layer14_out_V_data_5_V_U  |        1|  36|   0|    -|   100|   16|     1600|
    |layer14_out_V_data_6_V_U  |        1|  36|   0|    -|   100|   16|     1600|
    |layer14_out_V_data_7_V_U  |        1|  36|   0|    -|   100|   16|     1600|
    |layer16_out_V_data_0_V_U  |        1|  26|   0|    -|   100|    6|      600|
    |layer16_out_V_data_1_V_U  |        1|  26|   0|    -|   100|    6|      600|
    |layer16_out_V_data_2_V_U  |        1|  26|   0|    -|   100|    6|      600|
    |layer16_out_V_data_3_V_U  |        1|  26|   0|    -|   100|    6|      600|
    |layer16_out_V_data_4_V_U  |        1|  26|   0|    -|   100|    6|      600|
    |layer16_out_V_data_5_V_U  |        1|  26|   0|    -|   100|    6|      600|
    |layer16_out_V_data_6_V_U  |        1|  26|   0|    -|   100|    6|      600|
    |layer16_out_V_data_7_V_U  |        1|  26|   0|    -|   100|    6|      600|
    |layer17_out_V_data_0_V_U  |        1|  36|   0|    -|   100|   16|     1600|
    |layer17_out_V_data_1_V_U  |        1|  36|   0|    -|   100|   16|     1600|
    |layer17_out_V_data_2_V_U  |        1|  36|   0|    -|   100|   16|     1600|
    |layer17_out_V_data_3_V_U  |        1|  36|   0|    -|   100|   16|     1600|
    |layer17_out_V_data_4_V_U  |        1|  36|   0|    -|   100|   16|     1600|
    |layer17_out_V_data_5_V_U  |        1|  36|   0|    -|   100|   16|     1600|
    |layer17_out_V_data_6_V_U  |        1|  36|   0|    -|   100|   16|     1600|
    |layer17_out_V_data_7_V_U  |        1|  36|   0|    -|   100|   16|     1600|
    |layer19_out_V_data_0_V_U  |        1|  36|   0|    -|   100|   16|     1600|
    |layer20_out_V_data_0_V_U  |        1|  36|   0|    -|   100|   16|     1600|
    |layer22_out_V_data_0_V_U  |        1|  28|   0|    -|   100|    8|      800|
    |layer2_out_V_data_0_V_U   |        1|  36|   0|    -|   100|   16|     1600|
    |layer2_out_V_data_1_V_U   |        1|  36|   0|    -|   100|   16|     1600|
    |layer2_out_V_data_2_V_U   |        1|  36|   0|    -|   100|   16|     1600|
    |layer2_out_V_data_3_V_U   |        1|  36|   0|    -|   100|   16|     1600|
    |layer2_out_V_data_4_V_U   |        1|  36|   0|    -|   100|   16|     1600|
    |layer2_out_V_data_5_V_U   |        1|  36|   0|    -|   100|   16|     1600|
    |layer2_out_V_data_6_V_U   |        1|  36|   0|    -|   100|   16|     1600|
    |layer2_out_V_data_7_V_U   |        1|  36|   0|    -|   100|   16|     1600|
    |layer2_out_V_data_8_V_U   |        1|  36|   0|    -|   100|   16|     1600|
    |layer2_out_V_data_9_V_U   |        1|  36|   0|    -|   100|   16|     1600|
    |layer4_out_V_data_0_V_U   |        1|  26|   0|    -|   100|    6|      600|
    |layer4_out_V_data_1_V_U   |        1|  26|   0|    -|   100|    6|      600|
    |layer4_out_V_data_2_V_U   |        1|  26|   0|    -|   100|    6|      600|
    |layer4_out_V_data_3_V_U   |        1|  26|   0|    -|   100|    6|      600|
    |layer4_out_V_data_4_V_U   |        1|  26|   0|    -|   100|    6|      600|
    |layer4_out_V_data_5_V_U   |        1|  26|   0|    -|   100|    6|      600|
    |layer4_out_V_data_6_V_U   |        1|  26|   0|    -|   100|    6|      600|
    |layer4_out_V_data_7_V_U   |        1|  26|   0|    -|   100|    6|      600|
    |layer4_out_V_data_8_V_U   |        1|  26|   0|    -|   100|    6|      600|
    |layer4_out_V_data_9_V_U   |        1|  26|   0|    -|   100|    6|      600|
    |layer5_out_V_data_0_V_U   |        1|  36|   0|    -|   100|   16|     1600|
    |layer5_out_V_data_1_V_U   |        1|  36|   0|    -|   100|   16|     1600|
    |layer5_out_V_data_2_V_U   |        1|  36|   0|    -|   100|   16|     1600|
    |layer5_out_V_data_3_V_U   |        1|  36|   0|    -|   100|   16|     1600|
    |layer5_out_V_data_4_V_U   |        1|  36|   0|    -|   100|   16|     1600|
    |layer5_out_V_data_5_V_U   |        1|  36|   0|    -|   100|   16|     1600|
    |layer5_out_V_data_6_V_U   |        1|  36|   0|    -|   100|   16|     1600|
    |layer5_out_V_data_7_V_U   |        1|  36|   0|    -|   100|   16|     1600|
    |layer5_out_V_data_8_V_U   |        1|  36|   0|    -|   100|   16|     1600|
    |layer5_out_V_data_9_V_U   |        1|  36|   0|    -|   100|   16|     1600|
    |layer6_out_V_data_0_V_U   |        1|  36|   0|    -|   100|   16|     1600|
    |layer6_out_V_data_1_V_U   |        1|  36|   0|    -|   100|   16|     1600|
    |layer6_out_V_data_2_V_U   |        1|  36|   0|    -|   100|   16|     1600|
    |layer6_out_V_data_3_V_U   |        1|  36|   0|    -|   100|   16|     1600|
    |layer6_out_V_data_4_V_U   |        1|  36|   0|    -|   100|   16|     1600|
    |layer8_out_V_data_0_V_U   |        1|  26|   0|    -|   100|    6|      600|
    |layer8_out_V_data_1_V_U   |        1|  26|   0|    -|   100|    6|      600|
    |layer8_out_V_data_2_V_U   |        1|  26|   0|    -|   100|    6|      600|
    |layer8_out_V_data_3_V_U   |        1|  26|   0|    -|   100|    6|      600|
    |layer8_out_V_data_4_V_U   |        1|  26|   0|    -|   100|    6|      600|
    |layer9_out_V_data_0_V_U   |        1|  36|   0|    -|   100|   16|     1600|
    |layer9_out_V_data_1_V_U   |        1|  36|   0|    -|   100|   16|     1600|
    |layer9_out_V_data_2_V_U   |        1|  36|   0|    -|   100|   16|     1600|
    |layer9_out_V_data_3_V_U   |        1|  36|   0|    -|   100|   16|     1600|
    |layer9_out_V_data_4_V_U   |        1|  36|   0|    -|   100|   16|     1600|
    +--------------------------+---------+----+----+-----+------+-----+---------+
    |Total                     |       84|2746|   0|    0|  8400| 1066|   106600|
    +--------------------------+---------+----+----+-----+------+-----+---------+

    * Expression: 
    +--------------+----------+-------+---+----+------------+------------+
    | Variable Name| Operation| DSP48E| FF| LUT| Bitwidth P0| Bitwidth P1|
    +--------------+----------+-------+---+----+------------+------------+
    |ap_idle       |    and   |      0|  0|   2|           1|           1|
    +--------------+----------+-------+---+----+------------+------------+
    |Total         |          |      0|  0|   2|           1|           1|
    +--------------+----------+-------+---+----+------------+------------+

    * Multiplexer: 
    N/A

    * Register: 
    N/A



================================================================
== Interface
================================================================
* Summary: 
+-------------------------------+-----+-----+------------+------------------------+--------------+
|           RTL Ports           | Dir | Bits|  Protocol  |      Source Object     |    C Type    |
+-------------------------------+-----+-----+------------+------------------------+--------------+
|input_4_V_data_0_V_TDATA       |  in |   16|    axis    |   input_4_V_data_0_V   |    pointer   |
|input_4_V_data_0_V_TVALID      |  in |    1|    axis    |   input_4_V_data_0_V   |    pointer   |
|input_4_V_data_0_V_TREADY      | out |    1|    axis    |   input_4_V_data_0_V   |    pointer   |
|input_4_V_data_1_V_TDATA       |  in |   16|    axis    |   input_4_V_data_1_V   |    pointer   |
|input_4_V_data_1_V_TVALID      |  in |    1|    axis    |   input_4_V_data_1_V   |    pointer   |
|input_4_V_data_1_V_TREADY      | out |    1|    axis    |   input_4_V_data_1_V   |    pointer   |
|input_4_V_data_2_V_TDATA       |  in |   16|    axis    |   input_4_V_data_2_V   |    pointer   |
|input_4_V_data_2_V_TVALID      |  in |    1|    axis    |   input_4_V_data_2_V   |    pointer   |
|input_4_V_data_2_V_TREADY      | out |    1|    axis    |   input_4_V_data_2_V   |    pointer   |
|layer21_out_V_data_0_V_TDATA   | out |   16|    axis    | layer21_out_V_data_0_V |    pointer   |
|layer21_out_V_data_0_V_TVALID  | out |    1|    axis    | layer21_out_V_data_0_V |    pointer   |
|layer21_out_V_data_0_V_TREADY  |  in |    1|    axis    | layer21_out_V_data_0_V |    pointer   |
|ap_clk                         |  in |    1| ap_ctrl_hs |        myproject       | return value |
|ap_rst_n                       |  in |    1| ap_ctrl_hs |        myproject       | return value |
|ap_start                       |  in |    1| ap_ctrl_hs |        myproject       | return value |
|ap_done                        | out |    1| ap_ctrl_hs |        myproject       | return value |
|ap_ready                       | out |    1| ap_ctrl_hs |        myproject       | return value |
|ap_idle                        | out |    1| ap_ctrl_hs |        myproject       | return value |
+-------------------------------+-----+-----+------------+------------------------+--------------+

