

================================================================
== Vivado HLS Report for 'myproject'
================================================================
* Date:           Sat Jul  8 17:57:09 2023

* Version:        2019.2 (Build 2704478 on Wed Nov 06 22:10:23 MST 2019)
* Project:        myproject_prj
* Solution:       solution1
* Product family: zynquplus
* Target device:  xczu7ev-ffvc1156-2-e


================================================================
== Performance Estimates
================================================================
+ Timing: 
    * Summary: 
    +--------+---------+----------+------------+
    |  Clock |  Target | Estimated| Uncertainty|
    +--------+---------+----------+------------+
    |ap_clk  | 5.00 ns | 4.332 ns |   0.62 ns  |
    +--------+---------+----------+------------+

+ Latency: 
    * Summary: 
    +----------+----------+-----------+-----------+--------+----------+----------+
    |   Latency (cycles)  |   Latency (absolute)  |      Interval     | Pipeline |
    |    min   |    max   |    min    |    max    |   min  |    max   |   Type   |
    +----------+----------+-----------+-----------+--------+----------+----------+
    |  19633508|  19633508| 98.168 ms | 98.168 ms |  102154|  19613186| dataflow |
    +----------+----------+-----------+-----------+--------+----------+----------+

    + Detail: 
        * Instance: 
        +-------------------------------------------------------------------------+------------------------------------------------------------------------+---------+----------+-----------+-----------+--------+----------+----------+
        |                                                                         |                                                                        |  Latency (cycles)  |   Latency (absolute)  |      Interval     | Pipeline |
        |                                 Instance                                |                                 Module                                 |   min   |    max   |    min    |    max    |   min  |    max   |   Type   |
        +-------------------------------------------------------------------------+------------------------------------------------------------------------+---------+----------+-----------+-----------+--------+----------+----------+
        |dense_array_ap_fixed_15u_array_ap_fixed_16_6_5_3_0_1u_config15_U0        |dense_array_ap_fixed_15u_array_ap_fixed_16_6_5_3_0_1u_config15_s        |     1525|      1525|  7.625 us |  7.625 us |    1525|      1525|   none   |
        |conv_2d_cl_array_ap_fixed_20u_array_ap_fixed_16_6_5_3_0_8u_config5_U0    |conv_2d_cl_array_ap_fixed_20u_array_ap_fixed_16_6_5_3_0_8u_config5_s    |    25993|  12983005|  0.130 ms | 64.915 ms |   25993|  12983005|   none   |
        |conv_2d_cl_array_ap_fixed_10u_array_ap_fixed_16_6_5_3_0_15u_config11_U0  |conv_2d_cl_array_ap_fixed_10u_array_ap_fixed_16_6_5_3_0_15u_config11_s  |     1801|    870301|  9.005 us |  4.352 ms |    1801|    870301|   none   |
        |conv_2d_cl_array_ap_fixed_8u_array_ap_fixed_16_6_5_3_0_10u_config8_U0    |conv_2d_cl_array_ap_fixed_8u_array_ap_fixed_16_6_5_3_0_10u_config8_s    |     6729|   1836745| 33.645 us |  9.184 ms |    6729|   1836745|   none   |
        |conv_2d_cl_array_ap_fixed_3u_array_ap_fixed_16_6_5_3_0_20u_config2_U0    |conv_2d_cl_array_ap_fixed_3u_array_ap_fixed_16_6_5_3_0_20u_config2_s    |   102153|  19613185|  0.511 ms | 98.066 ms |  102153|  19613185|   none   |
        |pooling2d_cl_array_array_ap_fixed_16_6_5_3_0_20u_config4_U0              |pooling2d_cl_array_array_ap_fixed_16_6_5_3_0_20u_config4_s              |    50179|     50179|  0.251 ms |  0.251 ms |   50179|     50179|   none   |
        |pooling2d_cl_array_array_ap_fixed_16_6_5_3_0_15u_config13_U0             |pooling2d_cl_array_array_ap_fixed_16_6_5_3_0_15u_config13_s             |      787|       787|  3.935 us |  3.935 us |     787|       787|   none   |
        |pooling2d_cl_array_array_ap_fixed_16_6_5_3_0_10u_config10_U0             |pooling2d_cl_array_array_ap_fixed_16_6_5_3_0_10u_config10_s             |     3139|      3139| 15.695 us | 15.695 us |    3139|      3139|   none   |
        |pooling2d_cl_array_ap_fixed_8u_array_ap_fixed_16_6_5_3_0_8u_config7_U0   |pooling2d_cl_array_ap_fixed_8u_array_ap_fixed_16_6_5_3_0_8u_config7_s   |    12547|     12547| 62.735 us | 62.735 us |   12547|     12547|   none   |
        |relu_array_ap_fixed_20u_array_ap_fixed_16_6_5_3_0_20u_relu_config3_U0    |relu_array_ap_fixed_20u_array_ap_fixed_16_6_5_3_0_20u_relu_config3_s    |    50179|     50179|  0.251 ms |  0.251 ms |   50179|     50179|   none   |
        |relu_array_ap_fixed_15u_array_ap_fixed_16_6_5_3_0_15u_relu_config12_U0   |relu_array_ap_fixed_15u_array_ap_fixed_16_6_5_3_0_15u_relu_config12_s   |      787|       787|  3.935 us |  3.935 us |     787|       787|   none   |
        |relu_array_ap_fixed_10u_array_ap_fixed_16_6_5_3_0_10u_relu_config9_U0    |relu_array_ap_fixed_10u_array_ap_fixed_16_6_5_3_0_10u_relu_config9_s    |     3139|      3139| 15.695 us | 15.695 us |    3139|      3139|   none   |
        |relu_array_ap_fixed_8u_array_ap_fixed_16_6_5_3_0_8u_relu_config6_U0      |relu_array_ap_fixed_8u_array_ap_fixed_16_6_5_3_0_8u_relu_config6_s      |    12547|     12547| 62.735 us | 62.735 us |   12547|     12547|   none   |
        |zeropad2d_cl_array_array_ap_fixed_16_6_5_3_0_20u_config18_U0             |zeropad2d_cl_array_array_ap_fixed_16_6_5_3_0_20u_config18_s             |    12999|     12999| 64.995 us | 64.995 us |   12999|     12999|   none   |
        |zeropad2d_cl_array_array_ap_fixed_16_6_5_3_0_10u_config20_U0             |zeropad2d_cl_array_array_ap_fixed_16_6_5_3_0_10u_config20_s             |      903|       903|  4.515 us |  4.515 us |     903|       903|   none   |
        |zeropad2d_cl_array_ap_fixed_8u_array_ap_fixed_16_6_5_3_0_8u_config19_U0  |zeropad2d_cl_array_ap_fixed_8u_array_ap_fixed_16_6_5_3_0_8u_config19_s  |     3367|      3367| 16.835 us | 16.835 us |    3367|      3367|   none   |
        |zeropad2d_cl_array_ap_fixed_3u_array_ap_fixed_16_6_5_3_0_3u_config17_U0  |zeropad2d_cl_array_ap_fixed_3u_array_ap_fixed_16_6_5_3_0_3u_config17_s  |    51079|     51079|  0.255 ms |  0.255 ms |   51079|     51079|   none   |
        |sigmoid_array_array_ap_fixed_16_6_5_3_0_1u_sigmoid_config16_U0           |sigmoid_array_array_ap_fixed_16_6_5_3_0_1u_sigmoid_config16_s           |        3|         3| 15.000 ns | 15.000 ns |       1|         1| function |
        +-------------------------------------------------------------------------+------------------------------------------------------------------------+---------+----------+-----------+-----------+--------+----------+----------+

        * Loop: 
        N/A



================================================================
== Utilization Estimates
================================================================
* Summary: 
+-----------------+---------+-------+--------+--------+-----+
|       Name      | BRAM_18K| DSP48E|   FF   |   LUT  | URAM|
+-----------------+---------+-------+--------+--------+-----+
|DSP              |        -|      -|       -|       -|    -|
|Expression       |        -|      -|       0|       2|    -|
|FIFO             |      201|      -|   10251|   16482|    -|
|Instance         |        1|      5|   97113|  191825|    -|
|Memory           |        -|      -|       -|       -|    -|
|Multiplexer      |        -|      -|       -|       -|    -|
|Register         |        -|      -|       -|       -|    -|
+-----------------+---------+-------+--------+--------+-----+
|Total            |      202|      5|  107364|  208309|    0|
+-----------------+---------+-------+--------+--------+-----+
|Available        |      624|   1728|  460800|  230400|   96|
+-----------------+---------+-------+--------+--------+-----+
|Utilization (%)  |       32|   ~0  |      23|      90|    0|
+-----------------+---------+-------+--------+--------+-----+

+ Detail: 
    * Instance: 
    +-------------------------------------------------------------------------+------------------------------------------------------------------------+---------+-------+-------+-------+-----+
    |                                 Instance                                |                                 Module                                 | BRAM_18K| DSP48E|   FF  |  LUT  | URAM|
    +-------------------------------------------------------------------------+------------------------------------------------------------------------+---------+-------+-------+-------+-----+
    |conv_2d_cl_array_ap_fixed_10u_array_ap_fixed_16_6_5_3_0_15u_config11_U0  |conv_2d_cl_array_ap_fixed_10u_array_ap_fixed_16_6_5_3_0_15u_config11_s  |        0|      1|  10641|  29569|    0|
    |conv_2d_cl_array_ap_fixed_20u_array_ap_fixed_16_6_5_3_0_8u_config5_U0    |conv_2d_cl_array_ap_fixed_20u_array_ap_fixed_16_6_5_3_0_8u_config5_s    |        0|      1|  15639|  37112|    0|
    |conv_2d_cl_array_ap_fixed_3u_array_ap_fixed_16_6_5_3_0_20u_config2_U0    |conv_2d_cl_array_ap_fixed_3u_array_ap_fixed_16_6_5_3_0_20u_config2_s    |        0|      1|   4309|  14676|    0|
    |conv_2d_cl_array_ap_fixed_8u_array_ap_fixed_16_6_5_3_0_10u_config8_U0    |conv_2d_cl_array_ap_fixed_8u_array_ap_fixed_16_6_5_3_0_10u_config8_s    |        0|      1|   7079|  17992|    0|
    |dense_array_ap_fixed_15u_array_ap_fixed_16_6_5_3_0_1u_config15_U0        |dense_array_ap_fixed_15u_array_ap_fixed_16_6_5_3_0_1u_config15_s        |        0|      1|  51166|  75889|    0|
    |pooling2d_cl_array_ap_fixed_8u_array_ap_fixed_16_6_5_3_0_8u_config7_U0   |pooling2d_cl_array_ap_fixed_8u_array_ap_fixed_16_6_5_3_0_8u_config7_s   |        0|      0|   1177|   2225|    0|
    |pooling2d_cl_array_array_ap_fixed_16_6_5_3_0_10u_config10_U0             |pooling2d_cl_array_array_ap_fixed_16_6_5_3_0_10u_config10_s             |        0|      0|   1415|   2009|    0|
    |pooling2d_cl_array_array_ap_fixed_16_6_5_3_0_15u_config13_U0             |pooling2d_cl_array_array_ap_fixed_16_6_5_3_0_15u_config13_s             |        0|      0|   1982|   2274|    0|
    |pooling2d_cl_array_array_ap_fixed_16_6_5_3_0_20u_config4_U0              |pooling2d_cl_array_array_ap_fixed_16_6_5_3_0_20u_config4_s              |        0|      0|   2588|   4785|    0|
    |relu_array_ap_fixed_10u_array_ap_fixed_16_6_5_3_0_10u_relu_config9_U0    |relu_array_ap_fixed_10u_array_ap_fixed_16_6_5_3_0_10u_relu_config9_s    |        0|      0|    182|    584|    0|
    |relu_array_ap_fixed_15u_array_ap_fixed_16_6_5_3_0_15u_relu_config12_U0   |relu_array_ap_fixed_15u_array_ap_fixed_16_6_5_3_0_15u_relu_config12_s   |        0|      0|    260|    817|    0|
    |relu_array_ap_fixed_20u_array_ap_fixed_16_6_5_3_0_20u_relu_config3_U0    |relu_array_ap_fixed_20u_array_ap_fixed_16_6_5_3_0_20u_relu_config3_s    |        0|      0|    346|   1058|    0|
    |relu_array_ap_fixed_8u_array_ap_fixed_16_6_5_3_0_8u_relu_config6_U0      |relu_array_ap_fixed_8u_array_ap_fixed_16_6_5_3_0_8u_relu_config6_s      |        0|      0|    152|    492|    0|
    |sigmoid_array_array_ap_fixed_16_6_5_3_0_1u_sigmoid_config16_U0           |sigmoid_array_array_ap_fixed_16_6_5_3_0_1u_sigmoid_config16_s           |        1|      0|     19|    170|    0|
    |zeropad2d_cl_array_ap_fixed_3u_array_ap_fixed_16_6_5_3_0_3u_config17_U0  |zeropad2d_cl_array_ap_fixed_3u_array_ap_fixed_16_6_5_3_0_3u_config17_s  |        0|      0|     47|    304|    0|
    |zeropad2d_cl_array_ap_fixed_8u_array_ap_fixed_16_6_5_3_0_8u_config19_U0  |zeropad2d_cl_array_ap_fixed_8u_array_ap_fixed_16_6_5_3_0_8u_config19_s  |        0|      0|     37|    469|    0|
    |zeropad2d_cl_array_array_ap_fixed_16_6_5_3_0_10u_config20_U0             |zeropad2d_cl_array_array_ap_fixed_16_6_5_3_0_10u_config20_s             |        0|      0|     32|    535|    0|
    |zeropad2d_cl_array_array_ap_fixed_16_6_5_3_0_20u_config18_U0             |zeropad2d_cl_array_array_ap_fixed_16_6_5_3_0_20u_config18_s             |        0|      0|     42|    865|    0|
    +-------------------------------------------------------------------------+------------------------------------------------------------------------+---------+-------+-------+-------+-----+
    |Total                                                                    |                                                                        |        1|      5|  97113| 191825|    0|
    +-------------------------------------------------------------------------+------------------------------------------------------------------------+---------+-------+-------+-------+-----+

    * DSP48E: 
    N/A

    * Memory: 
    N/A

    * FIFO: 
    +---------------------------+---------+-----+----+-----+------+-----+---------+
    |            Name           | BRAM_18K|  FF | LUT| URAM| Depth| Bits| Size:D*B|
    +---------------------------+---------+-----+----+-----+------+-----+---------+
    |layer10_out_V_data_0_V_U   |        1|   51|   0|    -|  1000|   16|    16000|
    |layer10_out_V_data_1_V_U   |        1|   51|   0|    -|  1000|   16|    16000|
    |layer10_out_V_data_2_V_U   |        1|   51|   0|    -|  1000|   16|    16000|
    |layer10_out_V_data_3_V_U   |        1|   51|   0|    -|  1000|   16|    16000|
    |layer10_out_V_data_4_V_U   |        1|   51|   0|    -|  1000|   16|    16000|
    |layer10_out_V_data_5_V_U   |        1|   51|   0|    -|  1000|   16|    16000|
    |layer10_out_V_data_6_V_U   |        1|   51|   0|    -|  1000|   16|    16000|
    |layer10_out_V_data_7_V_U   |        1|   51|   0|    -|  1000|   16|    16000|
    |layer10_out_V_data_8_V_U   |        1|   51|   0|    -|  1000|   16|    16000|
    |layer10_out_V_data_9_V_U   |        1|   51|   0|    -|  1000|   16|    16000|
    |layer11_out_V_data_0_V_U   |        1|   51|   0|    -|  1000|   16|    16000|
    |layer11_out_V_data_10_V_U  |        1|   51|   0|    -|  1000|   16|    16000|
    |layer11_out_V_data_11_V_U  |        1|   51|   0|    -|  1000|   16|    16000|
    |layer11_out_V_data_12_V_U  |        1|   51|   0|    -|  1000|   16|    16000|
    |layer11_out_V_data_13_V_U  |        1|   51|   0|    -|  1000|   16|    16000|
    |layer11_out_V_data_14_V_U  |        1|   51|   0|    -|  1000|   16|    16000|
    |layer11_out_V_data_1_V_U   |        1|   51|   0|    -|  1000|   16|    16000|
    |layer11_out_V_data_2_V_U   |        1|   51|   0|    -|  1000|   16|    16000|
    |layer11_out_V_data_3_V_U   |        1|   51|   0|    -|  1000|   16|    16000|
    |layer11_out_V_data_4_V_U   |        1|   51|   0|    -|  1000|   16|    16000|
    |layer11_out_V_data_5_V_U   |        1|   51|   0|    -|  1000|   16|    16000|
    |layer11_out_V_data_6_V_U   |        1|   51|   0|    -|  1000|   16|    16000|
    |layer11_out_V_data_7_V_U   |        1|   51|   0|    -|  1000|   16|    16000|
    |layer11_out_V_data_8_V_U   |        1|   51|   0|    -|  1000|   16|    16000|
    |layer11_out_V_data_9_V_U   |        1|   51|   0|    -|  1000|   16|    16000|
    |layer12_out_V_data_0_V_U   |        1|   51|   0|    -|  1000|   16|    16000|
    |layer12_out_V_data_10_V_U  |        1|   51|   0|    -|  1000|   16|    16000|
    |layer12_out_V_data_11_V_U  |        1|   51|   0|    -|  1000|   16|    16000|
    |layer12_out_V_data_12_V_U  |        1|   51|   0|    -|  1000|   16|    16000|
    |layer12_out_V_data_13_V_U  |        1|   51|   0|    -|  1000|   16|    16000|
    |layer12_out_V_data_14_V_U  |        1|   51|   0|    -|  1000|   16|    16000|
    |layer12_out_V_data_1_V_U   |        1|   51|   0|    -|  1000|   16|    16000|
    |layer12_out_V_data_2_V_U   |        1|   51|   0|    -|  1000|   16|    16000|
    |layer12_out_V_data_3_V_U   |        1|   51|   0|    -|  1000|   16|    16000|
    |layer12_out_V_data_4_V_U   |        1|   51|   0|    -|  1000|   16|    16000|
    |layer12_out_V_data_5_V_U   |        1|   51|   0|    -|  1000|   16|    16000|
    |layer12_out_V_data_6_V_U   |        1|   51|   0|    -|  1000|   16|    16000|
    |layer12_out_V_data_7_V_U   |        1|   51|   0|    -|  1000|   16|    16000|
    |layer12_out_V_data_8_V_U   |        1|   51|   0|    -|  1000|   16|    16000|
    |layer12_out_V_data_9_V_U   |        1|   51|   0|    -|  1000|   16|    16000|
    |layer13_out_V_data_0_V_U   |        1|   51|   0|    -|  1000|   16|    16000|
    |layer13_out_V_data_10_V_U  |        1|   51|   0|    -|  1000|   16|    16000|
    |layer13_out_V_data_11_V_U  |        1|   51|   0|    -|  1000|   16|    16000|
    |layer13_out_V_data_12_V_U  |        1|   51|   0|    -|  1000|   16|    16000|
    |layer13_out_V_data_13_V_U  |        1|   51|   0|    -|  1000|   16|    16000|
    |layer13_out_V_data_14_V_U  |        1|   51|   0|    -|  1000|   16|    16000|
    |layer13_out_V_data_1_V_U   |        1|   51|   0|    -|  1000|   16|    16000|
    |layer13_out_V_data_2_V_U   |        1|   51|   0|    -|  1000|   16|    16000|
    |layer13_out_V_data_3_V_U   |        1|   51|   0|    -|  1000|   16|    16000|
    |layer13_out_V_data_4_V_U   |        1|   51|   0|    -|  1000|   16|    16000|
    |layer13_out_V_data_5_V_U   |        1|   51|   0|    -|  1000|   16|    16000|
    |layer13_out_V_data_6_V_U   |        1|   51|   0|    -|  1000|   16|    16000|
    |layer13_out_V_data_7_V_U   |        1|   51|   0|    -|  1000|   16|    16000|
    |layer13_out_V_data_8_V_U   |        1|   51|   0|    -|  1000|   16|    16000|
    |layer13_out_V_data_9_V_U   |        1|   51|   0|    -|  1000|   16|    16000|
    |layer15_out_V_data_0_V_U   |        1|   51|   0|    -|  1000|   16|    16000|
    |layer17_out_V_data_0_V_U   |        1|   51|   0|    -|  1000|   16|    16000|
    |layer17_out_V_data_1_V_U   |        1|   51|   0|    -|  1000|   16|    16000|
    |layer17_out_V_data_2_V_U   |        1|   51|   0|    -|  1000|   16|    16000|
    |layer18_out_V_data_0_V_U   |        1|   51|   0|    -|  1000|   16|    16000|
    |layer18_out_V_data_10_V_U  |        1|   51|   0|    -|  1000|   16|    16000|
    |layer18_out_V_data_11_V_U  |        1|   51|   0|    -|  1000|   16|    16000|
    |layer18_out_V_data_12_V_U  |        1|   51|   0|    -|  1000|   16|    16000|
    |layer18_out_V_data_13_V_U  |        1|   51|   0|    -|  1000|   16|    16000|
    |layer18_out_V_data_14_V_U  |        1|   51|   0|    -|  1000|   16|    16000|
    |layer18_out_V_data_15_V_U  |        1|   51|   0|    -|  1000|   16|    16000|
    |layer18_out_V_data_16_V_U  |        1|   51|   0|    -|  1000|   16|    16000|
    |layer18_out_V_data_17_V_U  |        1|   51|   0|    -|  1000|   16|    16000|
    |layer18_out_V_data_18_V_U  |        1|   51|   0|    -|  1000|   16|    16000|
    |layer18_out_V_data_19_V_U  |        1|   51|   0|    -|  1000|   16|    16000|
    |layer18_out_V_data_1_V_U   |        1|   51|   0|    -|  1000|   16|    16000|
    |layer18_out_V_data_2_V_U   |        1|   51|   0|    -|  1000|   16|    16000|
    |layer18_out_V_data_3_V_U   |        1|   51|   0|    -|  1000|   16|    16000|
    |layer18_out_V_data_4_V_U   |        1|   51|   0|    -|  1000|   16|    16000|
    |layer18_out_V_data_5_V_U   |        1|   51|   0|    -|  1000|   16|    16000|
    |layer18_out_V_data_6_V_U   |        1|   51|   0|    -|  1000|   16|    16000|
    |layer18_out_V_data_7_V_U   |        1|   51|   0|    -|  1000|   16|    16000|
    |layer18_out_V_data_8_V_U   |        1|   51|   0|    -|  1000|   16|    16000|
    |layer18_out_V_data_9_V_U   |        1|   51|   0|    -|  1000|   16|    16000|
    |layer19_out_V_data_0_V_U   |        1|   51|   0|    -|  1000|   16|    16000|
    |layer19_out_V_data_1_V_U   |        1|   51|   0|    -|  1000|   16|    16000|
    |layer19_out_V_data_2_V_U   |        1|   51|   0|    -|  1000|   16|    16000|
    |layer19_out_V_data_3_V_U   |        1|   51|   0|    -|  1000|   16|    16000|
    |layer19_out_V_data_4_V_U   |        1|   51|   0|    -|  1000|   16|    16000|
    |layer19_out_V_data_5_V_U   |        1|   51|   0|    -|  1000|   16|    16000|
    |layer19_out_V_data_6_V_U   |        1|   51|   0|    -|  1000|   16|    16000|
    |layer19_out_V_data_7_V_U   |        1|   51|   0|    -|  1000|   16|    16000|
    |layer20_out_V_data_0_V_U   |        1|   51|   0|    -|  1000|   16|    16000|
    |layer20_out_V_data_1_V_U   |        1|   51|   0|    -|  1000|   16|    16000|
    |layer20_out_V_data_2_V_U   |        1|   51|   0|    -|  1000|   16|    16000|
    |layer20_out_V_data_3_V_U   |        1|   51|   0|    -|  1000|   16|    16000|
    |layer20_out_V_data_4_V_U   |        1|   51|   0|    -|  1000|   16|    16000|
    |layer20_out_V_data_5_V_U   |        1|   51|   0|    -|  1000|   16|    16000|
    |layer20_out_V_data_6_V_U   |        1|   51|   0|    -|  1000|   16|    16000|
    |layer20_out_V_data_7_V_U   |        1|   51|   0|    -|  1000|   16|    16000|
    |layer20_out_V_data_8_V_U   |        1|   51|   0|    -|  1000|   16|    16000|
    |layer20_out_V_data_9_V_U   |        1|   51|   0|    -|  1000|   16|    16000|
    |layer2_out_V_data_0_V_U    |        1|   51|   0|    -|  1000|   16|    16000|
    |layer2_out_V_data_10_V_U   |        1|   51|   0|    -|  1000|   16|    16000|
    |layer2_out_V_data_11_V_U   |        1|   51|   0|    -|  1000|   16|    16000|
    |layer2_out_V_data_12_V_U   |        1|   51|   0|    -|  1000|   16|    16000|
    |layer2_out_V_data_13_V_U   |        1|   51|   0|    -|  1000|   16|    16000|
    |layer2_out_V_data_14_V_U   |        1|   51|   0|    -|  1000|   16|    16000|
    |layer2_out_V_data_15_V_U   |        1|   51|   0|    -|  1000|   16|    16000|
    |layer2_out_V_data_16_V_U   |        1|   51|   0|    -|  1000|   16|    16000|
    |layer2_out_V_data_17_V_U   |        1|   51|   0|    -|  1000|   16|    16000|
    |layer2_out_V_data_18_V_U   |        1|   51|   0|    -|  1000|   16|    16000|
    |layer2_out_V_data_19_V_U   |        1|   51|   0|    -|  1000|   16|    16000|
    |layer2_out_V_data_1_V_U    |        1|   51|   0|    -|  1000|   16|    16000|
    |layer2_out_V_data_2_V_U    |        1|   51|   0|    -|  1000|   16|    16000|
    |layer2_out_V_data_3_V_U    |        1|   51|   0|    -|  1000|   16|    16000|
    |layer2_out_V_data_4_V_U    |        1|   51|   0|    -|  1000|   16|    16000|
    |layer2_out_V_data_5_V_U    |        1|   51|   0|    -|  1000|   16|    16000|
    |layer2_out_V_data_6_V_U    |        1|   51|   0|    -|  1000|   16|    16000|
    |layer2_out_V_data_7_V_U    |        1|   51|   0|    -|  1000|   16|    16000|
    |layer2_out_V_data_8_V_U    |        1|   51|   0|    -|  1000|   16|    16000|
    |layer2_out_V_data_9_V_U    |        1|   51|   0|    -|  1000|   16|    16000|
    |layer3_out_V_data_0_V_U    |        1|   51|   0|    -|  1000|   16|    16000|
    |layer3_out_V_data_10_V_U   |        1|   51|   0|    -|  1000|   16|    16000|
    |layer3_out_V_data_11_V_U   |        1|   51|   0|    -|  1000|   16|    16000|
    |layer3_out_V_data_12_V_U   |        1|   51|   0|    -|  1000|   16|    16000|
    |layer3_out_V_data_13_V_U   |        1|   51|   0|    -|  1000|   16|    16000|
    |layer3_out_V_data_14_V_U   |        1|   51|   0|    -|  1000|   16|    16000|
    |layer3_out_V_data_15_V_U   |        1|   51|   0|    -|  1000|   16|    16000|
    |layer3_out_V_data_16_V_U   |        1|   51|   0|    -|  1000|   16|    16000|
    |layer3_out_V_data_17_V_U   |        1|   51|   0|    -|  1000|   16|    16000|
    |layer3_out_V_data_18_V_U   |        1|   51|   0|    -|  1000|   16|    16000|
    |layer3_out_V_data_19_V_U   |        1|   51|   0|    -|  1000|   16|    16000|
    |layer3_out_V_data_1_V_U    |        1|   51|   0|    -|  1000|   16|    16000|
    |layer3_out_V_data_2_V_U    |        1|   51|   0|    -|  1000|   16|    16000|
    |layer3_out_V_data_3_V_U    |        1|   51|   0|    -|  1000|   16|    16000|
    |layer3_out_V_data_4_V_U    |        1|   51|   0|    -|  1000|   16|    16000|
    |layer3_out_V_data_5_V_U    |        1|   51|   0|    -|  1000|   16|    16000|
    |layer3_out_V_data_6_V_U    |        1|   51|   0|    -|  1000|   16|    16000|
    |layer3_out_V_data_7_V_U    |        1|   51|   0|    -|  1000|   16|    16000|
    |layer3_out_V_data_8_V_U    |        1|   51|   0|    -|  1000|   16|    16000|
    |layer3_out_V_data_9_V_U    |        1|   51|   0|    -|  1000|   16|    16000|
    |layer4_out_V_data_0_V_U    |        1|   51|   0|    -|  1000|   16|    16000|
    |layer4_out_V_data_10_V_U   |        1|   51|   0|    -|  1000|   16|    16000|
    |layer4_out_V_data_11_V_U   |        1|   51|   0|    -|  1000|   16|    16000|
    |layer4_out_V_data_12_V_U   |        1|   51|   0|    -|  1000|   16|    16000|
    |layer4_out_V_data_13_V_U   |        1|   51|   0|    -|  1000|   16|    16000|
    |layer4_out_V_data_14_V_U   |        1|   51|   0|    -|  1000|   16|    16000|
    |layer4_out_V_data_15_V_U   |        1|   51|   0|    -|  1000|   16|    16000|
    |layer4_out_V_data_16_V_U   |        1|   51|   0|    -|  1000|   16|    16000|
    |layer4_out_V_data_17_V_U   |        1|   51|   0|    -|  1000|   16|    16000|
    |layer4_out_V_data_18_V_U   |        1|   51|   0|    -|  1000|   16|    16000|
    |layer4_out_V_data_19_V_U   |        1|   51|   0|    -|  1000|   16|    16000|
    |layer4_out_V_data_1_V_U    |        1|   51|   0|    -|  1000|   16|    16000|
    |layer4_out_V_data_2_V_U    |        1|   51|   0|    -|  1000|   16|    16000|
    |layer4_out_V_data_3_V_U    |        1|   51|   0|    -|  1000|   16|    16000|
    |layer4_out_V_data_4_V_U    |        1|   51|   0|    -|  1000|   16|    16000|
    |layer4_out_V_data_5_V_U    |        1|   51|   0|    -|  1000|   16|    16000|
    |layer4_out_V_data_6_V_U    |        1|   51|   0|    -|  1000|   16|    16000|
    |layer4_out_V_data_7_V_U    |        1|   51|   0|    -|  1000|   16|    16000|
    |layer4_out_V_data_8_V_U    |        1|   51|   0|    -|  1000|   16|    16000|
    |layer4_out_V_data_9_V_U    |        1|   51|   0|    -|  1000|   16|    16000|
    |layer5_out_V_data_0_V_U    |        1|   51|   0|    -|  1000|   16|    16000|
    |layer5_out_V_data_1_V_U    |        1|   51|   0|    -|  1000|   16|    16000|
    |layer5_out_V_data_2_V_U    |        1|   51|   0|    -|  1000|   16|    16000|
    |layer5_out_V_data_3_V_U    |        1|   51|   0|    -|  1000|   16|    16000|
    |layer5_out_V_data_4_V_U    |        1|   51|   0|    -|  1000|   16|    16000|
    |layer5_out_V_data_5_V_U    |        1|   51|   0|    -|  1000|   16|    16000|
    |layer5_out_V_data_6_V_U    |        1|   51|   0|    -|  1000|   16|    16000|
    |layer5_out_V_data_7_V_U    |        1|   51|   0|    -|  1000|   16|    16000|
    |layer6_out_V_data_0_V_U    |        1|   51|   0|    -|  1000|   16|    16000|
    |layer6_out_V_data_1_V_U    |        1|   51|   0|    -|  1000|   16|    16000|
    |layer6_out_V_data_2_V_U    |        1|   51|   0|    -|  1000|   16|    16000|
    |layer6_out_V_data_3_V_U    |        1|   51|   0|    -|  1000|   16|    16000|
    |layer6_out_V_data_4_V_U    |        1|   51|   0|    -|  1000|   16|    16000|
    |layer6_out_V_data_5_V_U    |        1|   51|   0|    -|  1000|   16|    16000|
    |layer6_out_V_data_6_V_U    |        1|   51|   0|    -|  1000|   16|    16000|
    |layer6_out_V_data_7_V_U    |        1|   51|   0|    -|  1000|   16|    16000|
    |layer7_out_V_data_0_V_U    |        1|   51|   0|    -|  1000|   16|    16000|
    |layer7_out_V_data_1_V_U    |        1|   51|   0|    -|  1000|   16|    16000|
    |layer7_out_V_data_2_V_U    |        1|   51|   0|    -|  1000|   16|    16000|
    |layer7_out_V_data_3_V_U    |        1|   51|   0|    -|  1000|   16|    16000|
    |layer7_out_V_data_4_V_U    |        1|   51|   0|    -|  1000|   16|    16000|
    |layer7_out_V_data_5_V_U    |        1|   51|   0|    -|  1000|   16|    16000|
    |layer7_out_V_data_6_V_U    |        1|   51|   0|    -|  1000|   16|    16000|
    |layer7_out_V_data_7_V_U    |        1|   51|   0|    -|  1000|   16|    16000|
    |layer8_out_V_data_0_V_U    |        1|   51|   0|    -|  1000|   16|    16000|
    |layer8_out_V_data_1_V_U    |        1|   51|   0|    -|  1000|   16|    16000|
    |layer8_out_V_data_2_V_U    |        1|   51|   0|    -|  1000|   16|    16000|
    |layer8_out_V_data_3_V_U    |        1|   51|   0|    -|  1000|   16|    16000|
    |layer8_out_V_data_4_V_U    |        1|   51|   0|    -|  1000|   16|    16000|
    |layer8_out_V_data_5_V_U    |        1|   51|   0|    -|  1000|   16|    16000|
    |layer8_out_V_data_6_V_U    |        1|   51|   0|    -|  1000|   16|    16000|
    |layer8_out_V_data_7_V_U    |        1|   51|   0|    -|  1000|   16|    16000|
    |layer8_out_V_data_8_V_U    |        1|   51|   0|    -|  1000|   16|    16000|
    |layer8_out_V_data_9_V_U    |        1|   51|   0|    -|  1000|   16|    16000|
    |layer9_out_V_data_0_V_U    |        1|   51|   0|    -|  1000|   16|    16000|
    |layer9_out_V_data_1_V_U    |        1|   51|   0|    -|  1000|   16|    16000|
    |layer9_out_V_data_2_V_U    |        1|   51|   0|    -|  1000|   16|    16000|
    |layer9_out_V_data_3_V_U    |        1|   51|   0|    -|  1000|   16|    16000|
    |layer9_out_V_data_4_V_U    |        1|   51|   0|    -|  1000|   16|    16000|
    |layer9_out_V_data_5_V_U    |        1|   51|   0|    -|  1000|   16|    16000|
    |layer9_out_V_data_6_V_U    |        1|   51|   0|    -|  1000|   16|    16000|
    |layer9_out_V_data_7_V_U    |        1|   51|   0|    -|  1000|   16|    16000|
    |layer9_out_V_data_8_V_U    |        1|   51|   0|    -|  1000|   16|    16000|
    |layer9_out_V_data_9_V_U    |        1|   51|   0|    -|  1000|   16|    16000|
    +---------------------------+---------+-----+----+-----+------+-----+---------+
    |Total                      |      201|10251|   0|    0|201000| 3216|  3216000|
    +---------------------------+---------+-----+----+-----+------+-----+---------+

    * Expression: 
    +--------------+----------+-------+---+----+------------+------------+
    | Variable Name| Operation| DSP48E| FF| LUT| Bitwidth P0| Bitwidth P1|
    +--------------+----------+-------+---+----+------------+------------+
    |ap_idle       |    and   |      0|  0|   2|           1|           1|
    +--------------+----------+-------+---+----+------------+------------+
    |Total         |          |      0|  0|   2|           1|           1|
    +--------------+----------+-------+---+----+------------+------------+

    * Multiplexer: 
    N/A

    * Register: 
    N/A



================================================================
== Interface
================================================================
* Summary: 
+-------------------------------+-----+-----+------------+------------------------+--------------+
|           RTL Ports           | Dir | Bits|  Protocol  |      Source Object     |    C Type    |
+-------------------------------+-----+-----+------------+------------------------+--------------+
|inp_V_data_0_V_TDATA           |  in |   16|    axis    |     inp_V_data_0_V     |    pointer   |
|inp_V_data_0_V_TVALID          |  in |    1|    axis    |     inp_V_data_0_V     |    pointer   |
|inp_V_data_0_V_TREADY          | out |    1|    axis    |     inp_V_data_0_V     |    pointer   |
|inp_V_data_1_V_TDATA           |  in |   16|    axis    |     inp_V_data_1_V     |    pointer   |
|inp_V_data_1_V_TVALID          |  in |    1|    axis    |     inp_V_data_1_V     |    pointer   |
|inp_V_data_1_V_TREADY          | out |    1|    axis    |     inp_V_data_1_V     |    pointer   |
|inp_V_data_2_V_TDATA           |  in |   16|    axis    |     inp_V_data_2_V     |    pointer   |
|inp_V_data_2_V_TVALID          |  in |    1|    axis    |     inp_V_data_2_V     |    pointer   |
|inp_V_data_2_V_TREADY          | out |    1|    axis    |     inp_V_data_2_V     |    pointer   |
|layer16_out_V_data_0_V_TDATA   | out |   16|    axis    | layer16_out_V_data_0_V |    pointer   |
|layer16_out_V_data_0_V_TVALID  | out |    1|    axis    | layer16_out_V_data_0_V |    pointer   |
|layer16_out_V_data_0_V_TREADY  |  in |    1|    axis    | layer16_out_V_data_0_V |    pointer   |
|ap_clk                         |  in |    1| ap_ctrl_hs |        myproject       | return value |
|ap_rst_n                       |  in |    1| ap_ctrl_hs |        myproject       | return value |
|ap_start                       |  in |    1| ap_ctrl_hs |        myproject       | return value |
|ap_done                        | out |    1| ap_ctrl_hs |        myproject       | return value |
|ap_ready                       | out |    1| ap_ctrl_hs |        myproject       | return value |
|ap_idle                        | out |    1| ap_ctrl_hs |        myproject       | return value |
+-------------------------------+-----+-----+------------+------------------------+--------------+

