

================================================================
== Vivado HLS Report for 'myproject'
================================================================
* Date:           Fri Jul  7 02:43:17 2023

* Version:        2019.2 (Build 2704478 on Wed Nov 06 22:10:23 MST 2019)
* Project:        myproject_prj
* Solution:       solution1
* Product family: zynquplus
* Target device:  xczu7ev-ffvc1156-2-e


================================================================
== Performance Estimates
================================================================
+ Timing: 
    * Summary: 
    +--------+---------+----------+------------+
    |  Clock |  Target | Estimated| Uncertainty|
    +--------+---------+----------+------------+
    |ap_clk  | 5.00 ns | 4.156 ns |   0.62 ns  |
    +--------+---------+----------+------------+

+ Latency: 
    * Summary: 
    +---------+---------+-----------+-----------+--------+---------+----------+
    |  Latency (cycles) |   Latency (absolute)  |     Interval     | Pipeline |
    |   min   |   max   |    min    |    max    |   min  |   max   |   Type   |
    +---------+---------+-----------+-----------+--------+---------+----------+
    |  8808327|  8808328| 44.042 ms | 44.042 ms |  104750|  8804902| dataflow |
    +---------+---------+-----------+-----------+--------+---------+----------+

    + Detail: 
        * Instance: 
        +-------------------------------------------------------------------------+------------------------------------------------------------------------+---------+---------+-----------+-----------+--------+---------+----------+
        |                                                                         |                                                                        |  Latency (cycles) |   Latency (absolute)  |     Interval     | Pipeline |
        |                                 Instance                                |                                 Module                                 |   min   |   max   |    min    |    max    |   min  |   max   |   Type   |
        +-------------------------------------------------------------------------+------------------------------------------------------------------------+---------+---------+-----------+-----------+--------+---------+----------+
        |conv_2d_cl_array_ap_fixed_32u_array_ap_fixed_16_6_5_3_0_9u_config5_U0    |conv_2d_cl_array_ap_fixed_32u_array_ap_fixed_16_6_5_3_0_9u_config5_s    |     8193|  3489793| 40.965 us | 17.449 ms |    8193|  3489793|   none   |
        |conv_2d_cl_array_ap_fixed_3u_array_ap_fixed_16_6_5_3_0_32u_config2_U0    |conv_2d_cl_array_ap_fixed_3u_array_ap_fixed_16_6_5_3_0_32u_config2_s    |    33801|  8804901|  0.169 ms | 44.025 ms |   33801|  8804901|   none   |
        |dense_array_ap_fixed_1u_array_ap_fixed_16_6_5_3_0_13u_config12_U0        |dense_array_ap_fixed_1u_array_ap_fixed_16_6_5_3_0_13u_config12_s        |     2748|     2749| 13.740 us | 13.745 us |    2748|     2749|   none   |
        |pooling2d_cl_array_array_ap_fixed_16_6_5_3_0_32u_config4_U0              |pooling2d_cl_array_array_ap_fixed_16_6_5_3_0_32u_config4_s              |    16387|    16387| 81.935 us | 81.935 us |   16387|    16387|   none   |
        |conv_2d_cl_array_ap_fixed_9u_array_ap_fixed_16_6_5_3_0_1u_config8_U0     |conv_2d_cl_array_ap_fixed_9u_array_ap_fixed_16_6_5_3_0_1u_config8_s     |   104749|   184512|  0.524 ms |  0.923 ms |  104749|   184512|   none   |
        |pooling2d_cl_array_ap_fixed_9u_array_ap_fixed_16_6_5_3_0_9u_config7_U0   |pooling2d_cl_array_ap_fixed_9u_array_ap_fixed_16_6_5_3_0_9u_config7_s   |     3847|     3847| 19.235 us | 19.235 us |    3847|     3847|   none   |
        |relu_array_ap_fixed_32u_array_ap_fixed_16_6_5_3_0_32u_relu_config3_U0    |relu_array_ap_fixed_32u_array_ap_fixed_16_6_5_3_0_32u_relu_config3_s    |    16387|    16387| 81.935 us | 81.935 us |   16387|    16387|   none   |
        |pooling2d_cl_array_ap_fixed_1u_array_ap_fixed_16_6_5_3_0_1u_config10_U0  |pooling2d_cl_array_ap_fixed_1u_array_ap_fixed_16_6_5_3_0_1u_config10_s  |      844|      844|  4.220 us |  4.220 us |     844|      844|   none   |
        |relu_array_ap_fixed_13u_array_ap_fixed_16_6_5_3_0_13u_relu_config13_U0   |relu_array_ap_fixed_13u_array_ap_fixed_16_6_5_3_0_13u_relu_config13_s   |        1|        1|  5.000 ns |  5.000 ns |       1|        1| function |
        |dense_array_ap_fixed_13u_array_ap_fixed_16_6_5_3_0_1u_config14_U0        |dense_array_ap_fixed_13u_array_ap_fixed_16_6_5_3_0_1u_config14_s        |       15|       15| 75.000 ns | 75.000 ns |      15|       15|   none   |
        |relu_array_ap_fixed_9u_array_ap_fixed_16_6_5_3_0_9u_relu_config6_U0      |relu_array_ap_fixed_9u_array_ap_fixed_16_6_5_3_0_9u_relu_config6_s      |     3847|     3847| 19.235 us | 19.235 us |    3847|     3847|   none   |
        |sigmoid_array_array_ap_fixed_16_6_5_3_0_1u_sigmoid_config15_U0           |sigmoid_array_array_ap_fixed_16_6_5_3_0_1u_sigmoid_config15_s           |        3|        3| 15.000 ns | 15.000 ns |       1|        1| function |
        |relu_array_ap_fixed_1u_array_ap_fixed_16_6_5_3_0_1u_relu_config9_U0      |relu_array_ap_fixed_1u_array_ap_fixed_16_6_5_3_0_1u_relu_config9_s      |      844|      844|  4.220 us |  4.220 us |     844|      844|   none   |
        +-------------------------------------------------------------------------+------------------------------------------------------------------------+---------+---------+-----------+-----------+--------+---------+----------+

        * Loop: 
        N/A



================================================================
== Utilization Estimates
================================================================
* Summary: 
+-----------------+---------+-------+--------+--------+-----+
|       Name      | BRAM_18K| DSP48E|   FF   |   LUT  | URAM|
+-----------------+---------+-------+--------+--------+-----+
|DSP              |        -|      -|       -|       -|    -|
|Expression       |        -|      -|       0|       2|    -|
|FIFO             |      153|      -|    5508|    6579|    -|
|Instance         |        4|      6|   51095|  113551|    -|
|Memory           |        -|      -|       -|       -|    -|
|Multiplexer      |        -|      -|       -|       -|    -|
|Register         |        -|      -|       -|       -|    -|
+-----------------+---------+-------+--------+--------+-----+
|Total            |      157|      6|   56603|  120132|    0|
+-----------------+---------+-------+--------+--------+-----+
|Available        |      624|   1728|  460800|  230400|   96|
+-----------------+---------+-------+--------+--------+-----+
|Utilization (%)  |       25|   ~0  |      12|      52|    0|
+-----------------+---------+-------+--------+--------+-----+

+ Detail: 
    * Instance: 
    +-------------------------------------------------------------------------+------------------------------------------------------------------------+---------+-------+-------+-------+-----+
    |                                 Instance                                |                                 Module                                 | BRAM_18K| DSP48E|   FF  |  LUT  | URAM|
    +-------------------------------------------------------------------------+------------------------------------------------------------------------+---------+-------+-------+-------+-----+
    |conv_2d_cl_array_ap_fixed_32u_array_ap_fixed_16_6_5_3_0_9u_config5_U0    |conv_2d_cl_array_ap_fixed_32u_array_ap_fixed_16_6_5_3_0_9u_config5_s    |        0|      2|  24727|  63444|    0|
    |conv_2d_cl_array_ap_fixed_3u_array_ap_fixed_16_6_5_3_0_32u_config2_U0    |conv_2d_cl_array_ap_fixed_3u_array_ap_fixed_16_6_5_3_0_32u_config2_s    |        0|      1|   5888|  23038|    0|
    |conv_2d_cl_array_ap_fixed_9u_array_ap_fixed_16_6_5_3_0_1u_config8_U0     |conv_2d_cl_array_ap_fixed_9u_array_ap_fixed_16_6_5_3_0_1u_config8_s     |        0|      1|   3739|   2607|    0|
    |dense_array_ap_fixed_13u_array_ap_fixed_16_6_5_3_0_1u_config14_U0        |dense_array_ap_fixed_13u_array_ap_fixed_16_6_5_3_0_1u_config14_s        |        0|      1|    276|    500|    0|
    |dense_array_ap_fixed_1u_array_ap_fixed_16_6_5_3_0_13u_config12_U0        |dense_array_ap_fixed_1u_array_ap_fixed_16_6_5_3_0_13u_config12_s        |        3|      1|   9841|   8995|    0|
    |pooling2d_cl_array_ap_fixed_1u_array_ap_fixed_16_6_5_3_0_1u_config10_U0  |pooling2d_cl_array_ap_fixed_1u_array_ap_fixed_16_6_5_3_0_1u_config10_s  |        0|      0|    333|    678|    0|
    |pooling2d_cl_array_ap_fixed_9u_array_ap_fixed_16_6_5_3_0_9u_config7_U0   |pooling2d_cl_array_ap_fixed_9u_array_ap_fixed_16_6_5_3_0_9u_config7_s   |        0|      0|   1295|   2292|    0|
    |pooling2d_cl_array_array_ap_fixed_16_6_5_3_0_32u_config4_U0              |pooling2d_cl_array_array_ap_fixed_16_6_5_3_0_32u_config4_s              |        0|      0|   4027|   8876|    0|
    |relu_array_ap_fixed_13u_array_ap_fixed_16_6_5_3_0_13u_relu_config13_U0   |relu_array_ap_fixed_13u_array_ap_fixed_16_6_5_3_0_13u_relu_config13_s   |        0|      0|    212|    639|    0|
    |relu_array_ap_fixed_1u_array_ap_fixed_16_6_5_3_0_1u_relu_config9_U0      |relu_array_ap_fixed_1u_array_ap_fixed_16_6_5_3_0_1u_relu_config9_s      |        0|      0|     35|    154|    0|
    |relu_array_ap_fixed_32u_array_ap_fixed_16_6_5_3_0_32u_relu_config3_U0    |relu_array_ap_fixed_32u_array_ap_fixed_16_6_5_3_0_32u_relu_config3_s    |        0|      0|    537|   1621|    0|
    |relu_array_ap_fixed_9u_array_ap_fixed_16_6_5_3_0_9u_relu_config6_U0      |relu_array_ap_fixed_9u_array_ap_fixed_16_6_5_3_0_9u_relu_config6_s      |        0|      0|    166|    537|    0|
    |sigmoid_array_array_ap_fixed_16_6_5_3_0_1u_sigmoid_config15_U0           |sigmoid_array_array_ap_fixed_16_6_5_3_0_1u_sigmoid_config15_s           |        1|      0|     19|    170|    0|
    +-------------------------------------------------------------------------+------------------------------------------------------------------------+---------+-------+-------+-------+-----+
    |Total                                                                    |                                                                        |        4|      6|  51095| 113551|    0|
    +-------------------------------------------------------------------------+------------------------------------------------------------------------+---------+-------+-------+-------+-----+

    * DSP48E: 
    N/A

    * Memory: 
    N/A

    * FIFO: 
    +---------------------------+---------+----+----+-----+------+-----+---------+
    |            Name           | BRAM_18K| FF | LUT| URAM| Depth| Bits| Size:D*B|
    +---------------------------+---------+----+----+-----+------+-----+---------+
    |layer10_out_V_data_0_V_U   |        1|  36|   0|    -|   100|   16|     1600|
    |layer12_out_V_data_0_V_U   |        1|  36|   0|    -|   100|   16|     1600|
    |layer12_out_V_data_10_V_U  |        1|  36|   0|    -|   100|   16|     1600|
    |layer12_out_V_data_11_V_U  |        1|  36|   0|    -|   100|   16|     1600|
    |layer12_out_V_data_12_V_U  |        1|  36|   0|    -|   100|   16|     1600|
    |layer12_out_V_data_1_V_U   |        1|  36|   0|    -|   100|   16|     1600|
    |layer12_out_V_data_2_V_U   |        1|  36|   0|    -|   100|   16|     1600|
    |layer12_out_V_data_3_V_U   |        1|  36|   0|    -|   100|   16|     1600|
    |layer12_out_V_data_4_V_U   |        1|  36|   0|    -|   100|   16|     1600|
    |layer12_out_V_data_5_V_U   |        1|  36|   0|    -|   100|   16|     1600|
    |layer12_out_V_data_6_V_U   |        1|  36|   0|    -|   100|   16|     1600|
    |layer12_out_V_data_7_V_U   |        1|  36|   0|    -|   100|   16|     1600|
    |layer12_out_V_data_8_V_U   |        1|  36|   0|    -|   100|   16|     1600|
    |layer12_out_V_data_9_V_U   |        1|  36|   0|    -|   100|   16|     1600|
    |layer13_out_V_data_0_V_U   |        1|  36|   0|    -|   100|   16|     1600|
    |layer13_out_V_data_10_V_U  |        1|  36|   0|    -|   100|   16|     1600|
    |layer13_out_V_data_11_V_U  |        1|  36|   0|    -|   100|   16|     1600|
    |layer13_out_V_data_12_V_U  |        1|  36|   0|    -|   100|   16|     1600|
    |layer13_out_V_data_1_V_U   |        1|  36|   0|    -|   100|   16|     1600|
    |layer13_out_V_data_2_V_U   |        1|  36|   0|    -|   100|   16|     1600|
    |layer13_out_V_data_3_V_U   |        1|  36|   0|    -|   100|   16|     1600|
    |layer13_out_V_data_4_V_U   |        1|  36|   0|    -|   100|   16|     1600|
    |layer13_out_V_data_5_V_U   |        1|  36|   0|    -|   100|   16|     1600|
    |layer13_out_V_data_6_V_U   |        1|  36|   0|    -|   100|   16|     1600|
    |layer13_out_V_data_7_V_U   |        1|  36|   0|    -|   100|   16|     1600|
    |layer13_out_V_data_8_V_U   |        1|  36|   0|    -|   100|   16|     1600|
    |layer13_out_V_data_9_V_U   |        1|  36|   0|    -|   100|   16|     1600|
    |layer14_out_V_data_0_V_U   |        1|  36|   0|    -|   100|   16|     1600|
    |layer2_out_V_data_0_V_U    |        1|  36|   0|    -|   100|   16|     1600|
    |layer2_out_V_data_10_V_U   |        1|  36|   0|    -|   100|   16|     1600|
    |layer2_out_V_data_11_V_U   |        1|  36|   0|    -|   100|   16|     1600|
    |layer2_out_V_data_12_V_U   |        1|  36|   0|    -|   100|   16|     1600|
    |layer2_out_V_data_13_V_U   |        1|  36|   0|    -|   100|   16|     1600|
    |layer2_out_V_data_14_V_U   |        1|  36|   0|    -|   100|   16|     1600|
    |layer2_out_V_data_15_V_U   |        1|  36|   0|    -|   100|   16|     1600|
    |layer2_out_V_data_16_V_U   |        1|  36|   0|    -|   100|   16|     1600|
    |layer2_out_V_data_17_V_U   |        1|  36|   0|    -|   100|   16|     1600|
    |layer2_out_V_data_18_V_U   |        1|  36|   0|    -|   100|   16|     1600|
    |layer2_out_V_data_19_V_U   |        1|  36|   0|    -|   100|   16|     1600|
    |layer2_out_V_data_1_V_U    |        1|  36|   0|    -|   100|   16|     1600|
    |layer2_out_V_data_20_V_U   |        1|  36|   0|    -|   100|   16|     1600|
    |layer2_out_V_data_21_V_U   |        1|  36|   0|    -|   100|   16|     1600|
    |layer2_out_V_data_22_V_U   |        1|  36|   0|    -|   100|   16|     1600|
    |layer2_out_V_data_23_V_U   |        1|  36|   0|    -|   100|   16|     1600|
    |layer2_out_V_data_24_V_U   |        1|  36|   0|    -|   100|   16|     1600|
    |layer2_out_V_data_25_V_U   |        1|  36|   0|    -|   100|   16|     1600|
    |layer2_out_V_data_26_V_U   |        1|  36|   0|    -|   100|   16|     1600|
    |layer2_out_V_data_27_V_U   |        1|  36|   0|    -|   100|   16|     1600|
    |layer2_out_V_data_28_V_U   |        1|  36|   0|    -|   100|   16|     1600|
    |layer2_out_V_data_29_V_U   |        1|  36|   0|    -|   100|   16|     1600|
    |layer2_out_V_data_2_V_U    |        1|  36|   0|    -|   100|   16|     1600|
    |layer2_out_V_data_30_V_U   |        1|  36|   0|    -|   100|   16|     1600|
    |layer2_out_V_data_31_V_U   |        1|  36|   0|    -|   100|   16|     1600|
    |layer2_out_V_data_3_V_U    |        1|  36|   0|    -|   100|   16|     1600|
    |layer2_out_V_data_4_V_U    |        1|  36|   0|    -|   100|   16|     1600|
    |layer2_out_V_data_5_V_U    |        1|  36|   0|    -|   100|   16|     1600|
    |layer2_out_V_data_6_V_U    |        1|  36|   0|    -|   100|   16|     1600|
    |layer2_out_V_data_7_V_U    |        1|  36|   0|    -|   100|   16|     1600|
    |layer2_out_V_data_8_V_U    |        1|  36|   0|    -|   100|   16|     1600|
    |layer2_out_V_data_9_V_U    |        1|  36|   0|    -|   100|   16|     1600|
    |layer3_out_V_data_0_V_U    |        1|  36|   0|    -|   100|   16|     1600|
    |layer3_out_V_data_10_V_U   |        1|  36|   0|    -|   100|   16|     1600|
    |layer3_out_V_data_11_V_U   |        1|  36|   0|    -|   100|   16|     1600|
    |layer3_out_V_data_12_V_U   |        1|  36|   0|    -|   100|   16|     1600|
    |layer3_out_V_data_13_V_U   |        1|  36|   0|    -|   100|   16|     1600|
    |layer3_out_V_data_14_V_U   |        1|  36|   0|    -|   100|   16|     1600|
    |layer3_out_V_data_15_V_U   |        1|  36|   0|    -|   100|   16|     1600|
    |layer3_out_V_data_16_V_U   |        1|  36|   0|    -|   100|   16|     1600|
    |layer3_out_V_data_17_V_U   |        1|  36|   0|    -|   100|   16|     1600|
    |layer3_out_V_data_18_V_U   |        1|  36|   0|    -|   100|   16|     1600|
    |layer3_out_V_data_19_V_U   |        1|  36|   0|    -|   100|   16|     1600|
    |layer3_out_V_data_1_V_U    |        1|  36|   0|    -|   100|   16|     1600|
    |layer3_out_V_data_20_V_U   |        1|  36|   0|    -|   100|   16|     1600|
    |layer3_out_V_data_21_V_U   |        1|  36|   0|    -|   100|   16|     1600|
    |layer3_out_V_data_22_V_U   |        1|  36|   0|    -|   100|   16|     1600|
    |layer3_out_V_data_23_V_U   |        1|  36|   0|    -|   100|   16|     1600|
    |layer3_out_V_data_24_V_U   |        1|  36|   0|    -|   100|   16|     1600|
    |layer3_out_V_data_25_V_U   |        1|  36|   0|    -|   100|   16|     1600|
    |layer3_out_V_data_26_V_U   |        1|  36|   0|    -|   100|   16|     1600|
    |layer3_out_V_data_27_V_U   |        1|  36|   0|    -|   100|   16|     1600|
    |layer3_out_V_data_28_V_U   |        1|  36|   0|    -|   100|   16|     1600|
    |layer3_out_V_data_29_V_U   |        1|  36|   0|    -|   100|   16|     1600|
    |layer3_out_V_data_2_V_U    |        1|  36|   0|    -|   100|   16|     1600|
    |layer3_out_V_data_30_V_U   |        1|  36|   0|    -|   100|   16|     1600|
    |layer3_out_V_data_31_V_U   |        1|  36|   0|    -|   100|   16|     1600|
    |layer3_out_V_data_3_V_U    |        1|  36|   0|    -|   100|   16|     1600|
    |layer3_out_V_data_4_V_U    |        1|  36|   0|    -|   100|   16|     1600|
    |layer3_out_V_data_5_V_U    |        1|  36|   0|    -|   100|   16|     1600|
    |layer3_out_V_data_6_V_U    |        1|  36|   0|    -|   100|   16|     1600|
    |layer3_out_V_data_7_V_U    |        1|  36|   0|    -|   100|   16|     1600|
    |layer3_out_V_data_8_V_U    |        1|  36|   0|    -|   100|   16|     1600|
    |layer3_out_V_data_9_V_U    |        1|  36|   0|    -|   100|   16|     1600|
    |layer4_out_V_data_0_V_U    |        1|  36|   0|    -|   100|   16|     1600|
    |layer4_out_V_data_10_V_U   |        1|  36|   0|    -|   100|   16|     1600|
    |layer4_out_V_data_11_V_U   |        1|  36|   0|    -|   100|   16|     1600|
    |layer4_out_V_data_12_V_U   |        1|  36|   0|    -|   100|   16|     1600|
    |layer4_out_V_data_13_V_U   |        1|  36|   0|    -|   100|   16|     1600|
    |layer4_out_V_data_14_V_U   |        1|  36|   0|    -|   100|   16|     1600|
    |layer4_out_V_data_15_V_U   |        1|  36|   0|    -|   100|   16|     1600|
    |layer4_out_V_data_16_V_U   |        1|  36|   0|    -|   100|   16|     1600|
    |layer4_out_V_data_17_V_U   |        1|  36|   0|    -|   100|   16|     1600|
    |layer4_out_V_data_18_V_U   |        1|  36|   0|    -|   100|   16|     1600|
    |layer4_out_V_data_19_V_U   |        1|  36|   0|    -|   100|   16|     1600|
    |layer4_out_V_data_1_V_U    |        1|  36|   0|    -|   100|   16|     1600|
    |layer4_out_V_data_20_V_U   |        1|  36|   0|    -|   100|   16|     1600|
    |layer4_out_V_data_21_V_U   |        1|  36|   0|    -|   100|   16|     1600|
    |layer4_out_V_data_22_V_U   |        1|  36|   0|    -|   100|   16|     1600|
    |layer4_out_V_data_23_V_U   |        1|  36|   0|    -|   100|   16|     1600|
    |layer4_out_V_data_24_V_U   |        1|  36|   0|    -|   100|   16|     1600|
    |layer4_out_V_data_25_V_U   |        1|  36|   0|    -|   100|   16|     1600|
    |layer4_out_V_data_26_V_U   |        1|  36|   0|    -|   100|   16|     1600|
    |layer4_out_V_data_27_V_U   |        1|  36|   0|    -|   100|   16|     1600|
    |layer4_out_V_data_28_V_U   |        1|  36|   0|    -|   100|   16|     1600|
    |layer4_out_V_data_29_V_U   |        1|  36|   0|    -|   100|   16|     1600|
    |layer4_out_V_data_2_V_U    |        1|  36|   0|    -|   100|   16|     1600|
    |layer4_out_V_data_30_V_U   |        1|  36|   0|    -|   100|   16|     1600|
    |layer4_out_V_data_31_V_U   |        1|  36|   0|    -|   100|   16|     1600|
    |layer4_out_V_data_3_V_U    |        1|  36|   0|    -|   100|   16|     1600|
    |layer4_out_V_data_4_V_U    |        1|  36|   0|    -|   100|   16|     1600|
    |layer4_out_V_data_5_V_U    |        1|  36|   0|    -|   100|   16|     1600|
    |layer4_out_V_data_6_V_U    |        1|  36|   0|    -|   100|   16|     1600|
    |layer4_out_V_data_7_V_U    |        1|  36|   0|    -|   100|   16|     1600|
    |layer4_out_V_data_8_V_U    |        1|  36|   0|    -|   100|   16|     1600|
    |layer4_out_V_data_9_V_U    |        1|  36|   0|    -|   100|   16|     1600|
    |layer5_out_V_data_0_V_U    |        1|  36|   0|    -|   100|   16|     1600|
    |layer5_out_V_data_1_V_U    |        1|  36|   0|    -|   100|   16|     1600|
    |layer5_out_V_data_2_V_U    |        1|  36|   0|    -|   100|   16|     1600|
    |layer5_out_V_data_3_V_U    |        1|  36|   0|    -|   100|   16|     1600|
    |layer5_out_V_data_4_V_U    |        1|  36|   0|    -|   100|   16|     1600|
    |layer5_out_V_data_5_V_U    |        1|  36|   0|    -|   100|   16|     1600|
    |layer5_out_V_data_6_V_U    |        1|  36|   0|    -|   100|   16|     1600|
    |layer5_out_V_data_7_V_U    |        1|  36|   0|    -|   100|   16|     1600|
    |layer5_out_V_data_8_V_U    |        1|  36|   0|    -|   100|   16|     1600|
    |layer6_out_V_data_0_V_U    |        1|  36|   0|    -|   100|   16|     1600|
    |layer6_out_V_data_1_V_U    |        1|  36|   0|    -|   100|   16|     1600|
    |layer6_out_V_data_2_V_U    |        1|  36|   0|    -|   100|   16|     1600|
    |layer6_out_V_data_3_V_U    |        1|  36|   0|    -|   100|   16|     1600|
    |layer6_out_V_data_4_V_U    |        1|  36|   0|    -|   100|   16|     1600|
    |layer6_out_V_data_5_V_U    |        1|  36|   0|    -|   100|   16|     1600|
    |layer6_out_V_data_6_V_U    |        1|  36|   0|    -|   100|   16|     1600|
    |layer6_out_V_data_7_V_U    |        1|  36|   0|    -|   100|   16|     1600|
    |layer6_out_V_data_8_V_U    |        1|  36|   0|    -|   100|   16|     1600|
    |layer7_out_V_data_0_V_U    |        1|  36|   0|    -|   100|   16|     1600|
    |layer7_out_V_data_1_V_U    |        1|  36|   0|    -|   100|   16|     1600|
    |layer7_out_V_data_2_V_U    |        1|  36|   0|    -|   100|   16|     1600|
    |layer7_out_V_data_3_V_U    |        1|  36|   0|    -|   100|   16|     1600|
    |layer7_out_V_data_4_V_U    |        1|  36|   0|    -|   100|   16|     1600|
    |layer7_out_V_data_5_V_U    |        1|  36|   0|    -|   100|   16|     1600|
    |layer7_out_V_data_6_V_U    |        1|  36|   0|    -|   100|   16|     1600|
    |layer7_out_V_data_7_V_U    |        1|  36|   0|    -|   100|   16|     1600|
    |layer7_out_V_data_8_V_U    |        1|  36|   0|    -|   100|   16|     1600|
    |layer8_out_V_data_0_V_U    |        1|  36|   0|    -|   100|   16|     1600|
    |layer9_out_V_data_0_V_U    |        1|  36|   0|    -|   100|   16|     1600|
    +---------------------------+---------+----+----+-----+------+-----+---------+
    |Total                      |      153|5508|   0|    0| 15300| 2448|   244800|
    +---------------------------+---------+----+----+-----+------+-----+---------+

    * Expression: 
    +--------------+----------+-------+---+----+------------+------------+
    | Variable Name| Operation| DSP48E| FF| LUT| Bitwidth P0| Bitwidth P1|
    +--------------+----------+-------+---+----+------------+------------+
    |ap_idle       |    and   |      0|  0|   2|           1|           1|
    +--------------+----------+-------+---+----+------------+------------+
    |Total         |          |      0|  0|   2|           1|           1|
    +--------------+----------+-------+---+----+------------+------------+

    * Multiplexer: 
    N/A

    * Register: 
    N/A



================================================================
== Interface
================================================================
* Summary: 
+-------------------------------+-----+-----+------------+------------------------+--------------+
|           RTL Ports           | Dir | Bits|  Protocol  |      Source Object     |    C Type    |
+-------------------------------+-----+-----+------------+------------------------+--------------+
|input_18_V_data_0_V_TDATA      |  in |   16|    axis    |   input_18_V_data_0_V  |    pointer   |
|input_18_V_data_0_V_TVALID     |  in |    1|    axis    |   input_18_V_data_0_V  |    pointer   |
|input_18_V_data_0_V_TREADY     | out |    1|    axis    |   input_18_V_data_0_V  |    pointer   |
|input_18_V_data_1_V_TDATA      |  in |   16|    axis    |   input_18_V_data_1_V  |    pointer   |
|input_18_V_data_1_V_TVALID     |  in |    1|    axis    |   input_18_V_data_1_V  |    pointer   |
|input_18_V_data_1_V_TREADY     | out |    1|    axis    |   input_18_V_data_1_V  |    pointer   |
|input_18_V_data_2_V_TDATA      |  in |   16|    axis    |   input_18_V_data_2_V  |    pointer   |
|input_18_V_data_2_V_TVALID     |  in |    1|    axis    |   input_18_V_data_2_V  |    pointer   |
|input_18_V_data_2_V_TREADY     | out |    1|    axis    |   input_18_V_data_2_V  |    pointer   |
|layer15_out_V_data_0_V_TDATA   | out |   16|    axis    | layer15_out_V_data_0_V |    pointer   |
|layer15_out_V_data_0_V_TVALID  | out |    1|    axis    | layer15_out_V_data_0_V |    pointer   |
|layer15_out_V_data_0_V_TREADY  |  in |    1|    axis    | layer15_out_V_data_0_V |    pointer   |
|ap_clk                         |  in |    1| ap_ctrl_hs |        myproject       | return value |
|ap_rst_n                       |  in |    1| ap_ctrl_hs |        myproject       | return value |
|ap_start                       |  in |    1| ap_ctrl_hs |        myproject       | return value |
|ap_done                        | out |    1| ap_ctrl_hs |        myproject       | return value |
|ap_ready                       | out |    1| ap_ctrl_hs |        myproject       | return value |
|ap_idle                        | out |    1| ap_ctrl_hs |        myproject       | return value |
+-------------------------------+-----+-----+------------+------------------------+--------------+

