

================================================================
== Vivado HLS Report for 'myproject'
================================================================
* Date:           Tue Jul  4 19:50:00 2023

* Version:        2019.2 (Build 2704478 on Wed Nov 06 22:10:23 MST 2019)
* Project:        myproject_prj
* Solution:       solution1
* Product family: zynquplus
* Target device:  xczu7ev-ffvc1156-2-e


================================================================
== Performance Estimates
================================================================
+ Timing: 
    * Summary: 
    +--------+---------+----------+------------+
    |  Clock |  Target | Estimated| Uncertainty|
    +--------+---------+----------+------------+
    |ap_clk  | 5.00 ns | 4.355 ns |   0.62 ns  |
    +--------+---------+----------+------------+

+ Latency: 
    * Summary: 
    +---------+---------+----------+----------+-------+-------+----------+
    |  Latency (cycles) |  Latency (absolute) |    Interval   | Pipeline |
    |   min   |   max   |    min   |    max   |  min  |  max  |   Type   |
    +---------+---------+----------+----------+-------+-------+----------+
    |    22534|    22534| 0.113 ms | 0.113 ms |  22504|  22504| dataflow |
    +---------+---------+----------+----------+-------+-------+----------+

    + Detail: 
        * Instance: 
        +-------------------------------------------------------------------------+------------------------------------------------------------------------+---------+---------+-----------+-----------+-------+-------+----------+
        |                                                                         |                                                                        |  Latency (cycles) |   Latency (absolute)  |    Interval   | Pipeline |
        |                                 Instance                                |                                 Module                                 |   min   |   max   |    min    |    max    |  min  |  max  |   Type   |
        +-------------------------------------------------------------------------+------------------------------------------------------------------------+---------+---------+-----------+-----------+-------+-------+----------+
        |dense_array_ap_fixed_5u_array_ap_fixed_16_6_5_3_0_15u_config15_U0        |dense_array_ap_fixed_5u_array_ap_fixed_16_6_5_3_0_15u_config15_s        |       54|       54|  0.270 us |  0.270 us |     54|     54|   none   |
        |conv_2d_cl_array_ap_fixed_64u_array_ap_fixed_16_6_5_3_0_4u_config5_U0    |conv_2d_cl_array_ap_fixed_64u_array_ap_fixed_16_6_5_3_0_4u_config5_s    |     5481|     5481| 27.405 us | 27.405 us |   5481|   5481|   none   |
        |conv_2d_cl_array_ap_fixed_3u_array_ap_fixed_16_6_5_3_0_64u_config2_U0    |conv_2d_cl_array_ap_fixed_3u_array_ap_fixed_16_6_5_3_0_64u_config2_s    |    22503|    22503|  0.113 ms |  0.113 ms |  22503|  22503|   none   |
        |conv_2d_cl_array_ap_fixed_18u_array_ap_fixed_16_6_5_3_0_5u_config11_U0   |conv_2d_cl_array_ap_fixed_18u_array_ap_fixed_16_6_5_3_0_5u_config11_s   |      294|      294|  1.470 us |  1.470 us |    294|    294|   none   |
        |conv_2d_cl_array_ap_fixed_4u_array_ap_fixed_16_6_5_3_0_18u_config8_U0    |conv_2d_cl_array_ap_fixed_4u_array_ap_fixed_16_6_5_3_0_18u_config8_s    |     1300|     1300|  6.500 us |  6.500 us |   1300|   1300|   none   |
        |pooling2d_cl_array_array_ap_fixed_16_6_5_3_0_64u_config4_U0              |pooling2d_cl_array_array_ap_fixed_16_6_5_3_0_64u_config4_s              |    21907|    21907|  0.110 ms |  0.110 ms |  21907|  21907|   none   |
        |pooling2d_cl_array_array_ap_fixed_16_6_5_3_0_18u_config10_U0             |pooling2d_cl_array_array_ap_fixed_16_6_5_3_0_18u_config10_s             |     1159|     1159|  5.795 us |  5.795 us |   1159|   1159|   none   |
        |relu_array_ap_fixed_64u_array_ap_fixed_16_6_5_3_0_64u_relu_config3_U0    |relu_array_ap_fixed_64u_array_ap_fixed_16_6_5_3_0_64u_relu_config3_s    |    21907|    21907|  0.110 ms |  0.110 ms |  21907|  21907|   none   |
        |dense_array_ap_fixed_15u_array_ap_fixed_16_6_5_3_0_3u_config17_U0        |dense_array_ap_fixed_15u_array_ap_fixed_16_6_5_3_0_3u_config17_s        |        2|        2| 10.000 ns | 10.000 ns |      2|      2|   none   |
        |pooling2d_cl_array_ap_fixed_5u_array_ap_fixed_16_6_5_3_0_5u_config13_U0  |pooling2d_cl_array_ap_fixed_5u_array_ap_fixed_16_6_5_3_0_5u_config13_s  |      228|      228|  1.140 us |  1.140 us |    228|    228|   none   |
        |pooling2d_cl_array_ap_fixed_4u_array_ap_fixed_16_6_5_3_0_4u_config7_U0   |pooling2d_cl_array_ap_fixed_4u_array_ap_fixed_16_6_5_3_0_4u_config7_s   |     5187|     5187| 25.935 us | 25.935 us |   5187|   5187|   none   |
        |relu_array_ap_fixed_18u_array_ap_fixed_16_6_5_3_0_18u_relu_config9_U0    |relu_array_ap_fixed_18u_array_ap_fixed_16_6_5_3_0_18u_relu_config9_s    |     1159|     1159|  5.795 us |  5.795 us |   1159|   1159|   none   |
        |relu_array_ap_fixed_15u_array_ap_fixed_16_6_5_3_0_15u_relu_config16_U0   |relu_array_ap_fixed_15u_array_ap_fixed_16_6_5_3_0_15u_relu_config16_s   |        1|        1|  5.000 ns |  5.000 ns |      1|      1| function |
        |softmax_array_array_ap_fixed_16_6_5_3_0_3u_softmax_config18_U0           |softmax_array_array_ap_fixed_16_6_5_3_0_3u_softmax_config18_s           |        5|        5| 25.000 ns | 25.000 ns |      5|      5|   none   |
        |relu_array_ap_fixed_5u_array_ap_fixed_16_6_5_3_0_5u_relu_config12_U0     |relu_array_ap_fixed_5u_array_ap_fixed_16_6_5_3_0_5u_relu_config12_s     |      228|      228|  1.140 us |  1.140 us |    228|    228|   none   |
        |relu_array_ap_fixed_4u_array_ap_fixed_16_6_5_3_0_4u_relu_config6_U0      |relu_array_ap_fixed_4u_array_ap_fixed_16_6_5_3_0_4u_relu_config6_s      |     5187|     5187| 25.935 us | 25.935 us |   5187|   5187|   none   |
        +-------------------------------------------------------------------------+------------------------------------------------------------------------+---------+---------+-----------+-----------+-------+-------+----------+

        * Loop: 
        N/A



================================================================
== Utilization Estimates
================================================================
* Summary: 
+-----------------+---------+-------+--------+--------+-----+
|       Name      | BRAM_18K| DSP48E|   FF   |   LUT  | URAM|
+-----------------+---------+-------+--------+--------+-----+
|DSP              |        -|      -|       -|       -|    -|
|Expression       |        -|      -|       0|       2|    -|
|FIFO             |     3433|      -|   52761|  166690|    -|
|Instance         |        3|   5989|  110583|  329438|    -|
|Memory           |        -|      -|       -|       -|    -|
|Multiplexer      |        -|      -|       -|       -|    -|
|Register         |        -|      -|       -|       -|    -|
+-----------------+---------+-------+--------+--------+-----+
|Total            |     3436|   5989|  163344|  496130|    0|
+-----------------+---------+-------+--------+--------+-----+
|Available        |      624|   1728|  460800|  230400|   96|
+-----------------+---------+-------+--------+--------+-----+
|Utilization (%)  |      550|    346|      35|     215|    0|
+-----------------+---------+-------+--------+--------+-----+

+ Detail: 
    * Instance: 
    +-------------------------------------------------------------------------+------------------------------------------------------------------------+---------+-------+-------+--------+-----+
    |                                 Instance                                |                                 Module                                 | BRAM_18K| DSP48E|   FF  |   LUT  | URAM|
    +-------------------------------------------------------------------------+------------------------------------------------------------------------+---------+-------+-------+--------+-----+
    |conv_2d_cl_array_ap_fixed_18u_array_ap_fixed_16_6_5_3_0_5u_config11_U0   |conv_2d_cl_array_ap_fixed_18u_array_ap_fixed_16_6_5_3_0_5u_config11_s   |        0|    587|  11053|   27486|    0|
    |conv_2d_cl_array_ap_fixed_3u_array_ap_fixed_16_6_5_3_0_64u_config2_U0    |conv_2d_cl_array_ap_fixed_3u_array_ap_fixed_16_6_5_3_0_64u_config2_s    |        0|    986|   8528|   54681|    0|
    |conv_2d_cl_array_ap_fixed_4u_array_ap_fixed_16_6_5_3_0_18u_config8_U0    |conv_2d_cl_array_ap_fixed_4u_array_ap_fixed_16_6_5_3_0_18u_config8_s    |        0|    462|   4665|   20626|    0|
    |conv_2d_cl_array_ap_fixed_64u_array_ap_fixed_16_6_5_3_0_4u_config5_U0    |conv_2d_cl_array_ap_fixed_64u_array_ap_fixed_16_6_5_3_0_4u_config5_s    |        0|   1452|  38317|   94964|    0|
    |dense_array_ap_fixed_15u_array_ap_fixed_16_6_5_3_0_3u_config17_U0        |dense_array_ap_fixed_15u_array_ap_fixed_16_6_5_3_0_3u_config17_s        |        0|     41|    485|    1384|    0|
    |dense_array_ap_fixed_5u_array_ap_fixed_16_6_5_3_0_15u_config15_U0        |dense_array_ap_fixed_5u_array_ap_fixed_16_6_5_3_0_15u_config15_s        |        0|   2458|  30038|  102462|    0|
    |pooling2d_cl_array_ap_fixed_4u_array_ap_fixed_16_6_5_3_0_4u_config7_U0   |pooling2d_cl_array_ap_fixed_4u_array_ap_fixed_16_6_5_3_0_4u_config7_s   |        0|      0|    864|    1348|    0|
    |pooling2d_cl_array_ap_fixed_5u_array_ap_fixed_16_6_5_3_0_5u_config13_U0  |pooling2d_cl_array_ap_fixed_5u_array_ap_fixed_16_6_5_3_0_5u_config13_s  |        0|      0|   1021|    1228|    0|
    |pooling2d_cl_array_array_ap_fixed_16_6_5_3_0_18u_config10_U0             |pooling2d_cl_array_array_ap_fixed_16_6_5_3_0_18u_config10_s             |        0|      0|   3099|    3382|    0|
    |pooling2d_cl_array_array_ap_fixed_16_6_5_3_0_64u_config4_U0              |pooling2d_cl_array_array_ap_fixed_16_6_5_3_0_64u_config4_s              |        0|      0|  10555|   15820|    0|
    |relu_array_ap_fixed_15u_array_ap_fixed_16_6_5_3_0_15u_relu_config16_U0   |relu_array_ap_fixed_15u_array_ap_fixed_16_6_5_3_0_15u_relu_config16_s   |        0|      0|    244|     733|    0|
    |relu_array_ap_fixed_18u_array_ap_fixed_16_6_5_3_0_18u_relu_config9_U0    |relu_array_ap_fixed_18u_array_ap_fixed_16_6_5_3_0_18u_relu_config9_s    |        0|      0|    309|     959|    0|
    |relu_array_ap_fixed_4u_array_ap_fixed_16_6_5_3_0_4u_relu_config6_U0      |relu_array_ap_fixed_4u_array_ap_fixed_16_6_5_3_0_4u_relu_config6_s      |        0|      0|     87|     303|    0|
    |relu_array_ap_fixed_5u_array_ap_fixed_16_6_5_3_0_5u_relu_config12_U0     |relu_array_ap_fixed_5u_array_ap_fixed_16_6_5_3_0_5u_relu_config12_s     |        0|      0|     98|     343|    0|
    |relu_array_ap_fixed_64u_array_ap_fixed_16_6_5_3_0_64u_relu_config3_U0    |relu_array_ap_fixed_64u_array_ap_fixed_16_6_5_3_0_64u_relu_config3_s    |        0|      0|   1049|    3125|    0|
    |softmax_array_array_ap_fixed_16_6_5_3_0_3u_softmax_config18_U0           |softmax_array_array_ap_fixed_16_6_5_3_0_3u_softmax_config18_s           |        3|      3|    171|     594|    0|
    +-------------------------------------------------------------------------+------------------------------------------------------------------------+---------+-------+-------+--------+-----+
    |Total                                                                    |                                                                        |        3|   5989| 110583|  329438|    0|
    +-------------------------------------------------------------------------+------------------------------------------------------------------------+---------+-------+-------+--------+-----+

    * DSP48E: 
    N/A

    * Memory: 
    N/A

    * FIFO: 
    +---------------------------+---------+-----+----+-----+-------+-----+---------+
    |            Name           | BRAM_18K|  FF | LUT| URAM| Depth | Bits| Size:D*B|
    +---------------------------+---------+-----+----+-----+-------+-----+---------+
    |layer10_out_V_data_0_V_U   |        1|   41|   0|    -|    289|   16|     4624|
    |layer10_out_V_data_10_V_U  |        1|   41|   0|    -|    289|   16|     4624|
    |layer10_out_V_data_11_V_U  |        1|   41|   0|    -|    289|   16|     4624|
    |layer10_out_V_data_12_V_U  |        1|   41|   0|    -|    289|   16|     4624|
    |layer10_out_V_data_13_V_U  |        1|   41|   0|    -|    289|   16|     4624|
    |layer10_out_V_data_14_V_U  |        1|   41|   0|    -|    289|   16|     4624|
    |layer10_out_V_data_15_V_U  |        1|   41|   0|    -|    289|   16|     4624|
    |layer10_out_V_data_16_V_U  |        1|   41|   0|    -|    289|   16|     4624|
    |layer10_out_V_data_17_V_U  |        1|   41|   0|    -|    289|   16|     4624|
    |layer10_out_V_data_1_V_U   |        1|   41|   0|    -|    289|   16|     4624|
    |layer10_out_V_data_2_V_U   |        1|   41|   0|    -|    289|   16|     4624|
    |layer10_out_V_data_3_V_U   |        1|   41|   0|    -|    289|   16|     4624|
    |layer10_out_V_data_4_V_U   |        1|   41|   0|    -|    289|   16|     4624|
    |layer10_out_V_data_5_V_U   |        1|   41|   0|    -|    289|   16|     4624|
    |layer10_out_V_data_6_V_U   |        1|   41|   0|    -|    289|   16|     4624|
    |layer10_out_V_data_7_V_U   |        1|   41|   0|    -|    289|   16|     4624|
    |layer10_out_V_data_8_V_U   |        1|   41|   0|    -|    289|   16|     4624|
    |layer10_out_V_data_9_V_U   |        1|   41|   0|    -|    289|   16|     4624|
    |layer11_out_V_data_0_V_U   |        1|   40|   0|    -|    225|   16|     3600|
    |layer11_out_V_data_1_V_U   |        1|   40|   0|    -|    225|   16|     3600|
    |layer11_out_V_data_2_V_U   |        1|   40|   0|    -|    225|   16|     3600|
    |layer11_out_V_data_3_V_U   |        1|   40|   0|    -|    225|   16|     3600|
    |layer11_out_V_data_4_V_U   |        1|   40|   0|    -|    225|   16|     3600|
    |layer12_out_V_data_0_V_U   |        1|   40|   0|    -|    225|   16|     3600|
    |layer12_out_V_data_1_V_U   |        1|   40|   0|    -|    225|   16|     3600|
    |layer12_out_V_data_2_V_U   |        1|   40|   0|    -|    225|   16|     3600|
    |layer12_out_V_data_3_V_U   |        1|   40|   0|    -|    225|   16|     3600|
    |layer12_out_V_data_4_V_U   |        1|   40|   0|    -|    225|   16|     3600|
    |layer13_out_V_data_0_V_U   |        1|   34|   0|    -|     49|   16|      784|
    |layer13_out_V_data_1_V_U   |        1|   34|   0|    -|     49|   16|      784|
    |layer13_out_V_data_2_V_U   |        1|   34|   0|    -|     49|   16|      784|
    |layer13_out_V_data_3_V_U   |        1|   34|   0|    -|     49|   16|      784|
    |layer13_out_V_data_4_V_U   |        1|   34|   0|    -|     49|   16|      784|
    |layer15_out_V_data_0_V_U   |        0|    5|   0|    -|      1|   16|       16|
    |layer15_out_V_data_10_V_U  |        0|    5|   0|    -|      1|   16|       16|
    |layer15_out_V_data_11_V_U  |        0|    5|   0|    -|      1|   16|       16|
    |layer15_out_V_data_12_V_U  |        0|    5|   0|    -|      1|   16|       16|
    |layer15_out_V_data_13_V_U  |        0|    5|   0|    -|      1|   16|       16|
    |layer15_out_V_data_14_V_U  |        0|    5|   0|    -|      1|   16|       16|
    |layer15_out_V_data_1_V_U   |        0|    5|   0|    -|      1|   16|       16|
    |layer15_out_V_data_2_V_U   |        0|    5|   0|    -|      1|   16|       16|
    |layer15_out_V_data_3_V_U   |        0|    5|   0|    -|      1|   16|       16|
    |layer15_out_V_data_4_V_U   |        0|    5|   0|    -|      1|   16|       16|
    |layer15_out_V_data_5_V_U   |        0|    5|   0|    -|      1|   16|       16|
    |layer15_out_V_data_6_V_U   |        0|    5|   0|    -|      1|   16|       16|
    |layer15_out_V_data_7_V_U   |        0|    5|   0|    -|      1|   16|       16|
    |layer15_out_V_data_8_V_U   |        0|    5|   0|    -|      1|   16|       16|
    |layer15_out_V_data_9_V_U   |        0|    5|   0|    -|      1|   16|       16|
    |layer16_out_V_data_0_V_U   |        0|    5|   0|    -|      1|   16|       16|
    |layer16_out_V_data_10_V_U  |        0|    5|   0|    -|      1|   16|       16|
    |layer16_out_V_data_11_V_U  |        0|    5|   0|    -|      1|   16|       16|
    |layer16_out_V_data_12_V_U  |        0|    5|   0|    -|      1|   16|       16|
    |layer16_out_V_data_13_V_U  |        0|    5|   0|    -|      1|   16|       16|
    |layer16_out_V_data_14_V_U  |        0|    5|   0|    -|      1|   16|       16|
    |layer16_out_V_data_1_V_U   |        0|    5|   0|    -|      1|   16|       16|
    |layer16_out_V_data_2_V_U   |        0|    5|   0|    -|      1|   16|       16|
    |layer16_out_V_data_3_V_U   |        0|    5|   0|    -|      1|   16|       16|
    |layer16_out_V_data_4_V_U   |        0|    5|   0|    -|      1|   16|       16|
    |layer16_out_V_data_5_V_U   |        0|    5|   0|    -|      1|   16|       16|
    |layer16_out_V_data_6_V_U   |        0|    5|   0|    -|      1|   16|       16|
    |layer16_out_V_data_7_V_U   |        0|    5|   0|    -|      1|   16|       16|
    |layer16_out_V_data_8_V_U   |        0|    5|   0|    -|      1|   16|       16|
    |layer16_out_V_data_9_V_U   |        0|    5|   0|    -|      1|   16|       16|
    |layer17_out_V_data_0_V_U   |        0|    5|   0|    -|      1|   16|       16|
    |layer17_out_V_data_1_V_U   |        0|    5|   0|    -|      1|   16|       16|
    |layer17_out_V_data_2_V_U   |        0|    5|   0|    -|      1|   16|       16|
    |layer2_out_V_data_0_V_U    |       22|  323|   0|    -|  21904|   16|   350464|
    |layer2_out_V_data_10_V_U   |       22|  323|   0|    -|  21904|   16|   350464|
    |layer2_out_V_data_11_V_U   |       22|  323|   0|    -|  21904|   16|   350464|
    |layer2_out_V_data_12_V_U   |       22|  323|   0|    -|  21904|   16|   350464|
    |layer2_out_V_data_13_V_U   |       22|  323|   0|    -|  21904|   16|   350464|
    |layer2_out_V_data_14_V_U   |       22|  323|   0|    -|  21904|   16|   350464|
    |layer2_out_V_data_15_V_U   |       22|  323|   0|    -|  21904|   16|   350464|
    |layer2_out_V_data_16_V_U   |       22|  323|   0|    -|  21904|   16|   350464|
    |layer2_out_V_data_17_V_U   |       22|  323|   0|    -|  21904|   16|   350464|
    |layer2_out_V_data_18_V_U   |       22|  323|   0|    -|  21904|   16|   350464|
    |layer2_out_V_data_19_V_U   |       22|  323|   0|    -|  21904|   16|   350464|
    |layer2_out_V_data_1_V_U    |       22|  323|   0|    -|  21904|   16|   350464|
    |layer2_out_V_data_20_V_U   |       22|  323|   0|    -|  21904|   16|   350464|
    |layer2_out_V_data_21_V_U   |       22|  323|   0|    -|  21904|   16|   350464|
    |layer2_out_V_data_22_V_U   |       22|  323|   0|    -|  21904|   16|   350464|
    |layer2_out_V_data_23_V_U   |       22|  323|   0|    -|  21904|   16|   350464|
    |layer2_out_V_data_24_V_U   |       22|  323|   0|    -|  21904|   16|   350464|
    |layer2_out_V_data_25_V_U   |       22|  323|   0|    -|  21904|   16|   350464|
    |layer2_out_V_data_26_V_U   |       22|  323|   0|    -|  21904|   16|   350464|
    |layer2_out_V_data_27_V_U   |       22|  323|   0|    -|  21904|   16|   350464|
    |layer2_out_V_data_28_V_U   |       22|  323|   0|    -|  21904|   16|   350464|
    |layer2_out_V_data_29_V_U   |       22|  323|   0|    -|  21904|   16|   350464|
    |layer2_out_V_data_2_V_U    |       22|  323|   0|    -|  21904|   16|   350464|
    |layer2_out_V_data_30_V_U   |       22|  323|   0|    -|  21904|   16|   350464|
    |layer2_out_V_data_31_V_U   |       22|  323|   0|    -|  21904|   16|   350464|
    |layer2_out_V_data_32_V_U   |       22|  323|   0|    -|  21904|   16|   350464|
    |layer2_out_V_data_33_V_U   |       22|  323|   0|    -|  21904|   16|   350464|
    |layer2_out_V_data_34_V_U   |       22|  323|   0|    -|  21904|   16|   350464|
    |layer2_out_V_data_35_V_U   |       22|  323|   0|    -|  21904|   16|   350464|
    |layer2_out_V_data_36_V_U   |       22|  323|   0|    -|  21904|   16|   350464|
    |layer2_out_V_data_37_V_U   |       22|  323|   0|    -|  21904|   16|   350464|
    |layer2_out_V_data_38_V_U   |       22|  323|   0|    -|  21904|   16|   350464|
    |layer2_out_V_data_39_V_U   |       22|  323|   0|    -|  21904|   16|   350464|
    |layer2_out_V_data_3_V_U    |       22|  323|   0|    -|  21904|   16|   350464|
    |layer2_out_V_data_40_V_U   |       22|  323|   0|    -|  21904|   16|   350464|
    |layer2_out_V_data_41_V_U   |       22|  323|   0|    -|  21904|   16|   350464|
    |layer2_out_V_data_42_V_U   |       22|  323|   0|    -|  21904|   16|   350464|
    |layer2_out_V_data_43_V_U   |       22|  323|   0|    -|  21904|   16|   350464|
    |layer2_out_V_data_44_V_U   |       22|  323|   0|    -|  21904|   16|   350464|
    |layer2_out_V_data_45_V_U   |       22|  323|   0|    -|  21904|   16|   350464|
    |layer2_out_V_data_46_V_U   |       22|  323|   0|    -|  21904|   16|   350464|
    |layer2_out_V_data_47_V_U   |       22|  323|   0|    -|  21904|   16|   350464|
    |layer2_out_V_data_48_V_U   |       22|  323|   0|    -|  21904|   16|   350464|
    |layer2_out_V_data_49_V_U   |       22|  323|   0|    -|  21904|   16|   350464|
    |layer2_out_V_data_4_V_U    |       22|  323|   0|    -|  21904|   16|   350464|
    |layer2_out_V_data_50_V_U   |       22|  323|   0|    -|  21904|   16|   350464|
    |layer2_out_V_data_51_V_U   |       22|  323|   0|    -|  21904|   16|   350464|
    |layer2_out_V_data_52_V_U   |       22|  323|   0|    -|  21904|   16|   350464|
    |layer2_out_V_data_53_V_U   |       22|  323|   0|    -|  21904|   16|   350464|
    |layer2_out_V_data_54_V_U   |       22|  323|   0|    -|  21904|   16|   350464|
    |layer2_out_V_data_55_V_U   |       22|  323|   0|    -|  21904|   16|   350464|
    |layer2_out_V_data_56_V_U   |       22|  323|   0|    -|  21904|   16|   350464|
    |layer2_out_V_data_57_V_U   |       22|  323|   0|    -|  21904|   16|   350464|
    |layer2_out_V_data_58_V_U   |       22|  323|   0|    -|  21904|   16|   350464|
    |layer2_out_V_data_59_V_U   |       22|  323|   0|    -|  21904|   16|   350464|
    |layer2_out_V_data_5_V_U    |       22|  323|   0|    -|  21904|   16|   350464|
    |layer2_out_V_data_60_V_U   |       22|  323|   0|    -|  21904|   16|   350464|
    |layer2_out_V_data_61_V_U   |       22|  323|   0|    -|  21904|   16|   350464|
    |layer2_out_V_data_62_V_U   |       22|  323|   0|    -|  21904|   16|   350464|
    |layer2_out_V_data_63_V_U   |       22|  323|   0|    -|  21904|   16|   350464|
    |layer2_out_V_data_6_V_U    |       22|  323|   0|    -|  21904|   16|   350464|
    |layer2_out_V_data_7_V_U    |       22|  323|   0|    -|  21904|   16|   350464|
    |layer2_out_V_data_8_V_U    |       22|  323|   0|    -|  21904|   16|   350464|
    |layer2_out_V_data_9_V_U    |       22|  323|   0|    -|  21904|   16|   350464|
    |layer3_out_V_data_0_V_U    |       22|  323|   0|    -|  21904|   16|   350464|
    |layer3_out_V_data_10_V_U   |       22|  323|   0|    -|  21904|   16|   350464|
    |layer3_out_V_data_11_V_U   |       22|  323|   0|    -|  21904|   16|   350464|
    |layer3_out_V_data_12_V_U   |       22|  323|   0|    -|  21904|   16|   350464|
    |layer3_out_V_data_13_V_U   |       22|  323|   0|    -|  21904|   16|   350464|
    |layer3_out_V_data_14_V_U   |       22|  323|   0|    -|  21904|   16|   350464|
    |layer3_out_V_data_15_V_U   |       22|  323|   0|    -|  21904|   16|   350464|
    |layer3_out_V_data_16_V_U   |       22|  323|   0|    -|  21904|   16|   350464|
    |layer3_out_V_data_17_V_U   |       22|  323|   0|    -|  21904|   16|   350464|
    |layer3_out_V_data_18_V_U   |       22|  323|   0|    -|  21904|   16|   350464|
    |layer3_out_V_data_19_V_U   |       22|  323|   0|    -|  21904|   16|   350464|
    |layer3_out_V_data_1_V_U    |       22|  323|   0|    -|  21904|   16|   350464|
    |layer3_out_V_data_20_V_U   |       22|  323|   0|    -|  21904|   16|   350464|
    |layer3_out_V_data_21_V_U   |       22|  323|   0|    -|  21904|   16|   350464|
    |layer3_out_V_data_22_V_U   |       22|  323|   0|    -|  21904|   16|   350464|
    |layer3_out_V_data_23_V_U   |       22|  323|   0|    -|  21904|   16|   350464|
    |layer3_out_V_data_24_V_U   |       22|  323|   0|    -|  21904|   16|   350464|
    |layer3_out_V_data_25_V_U   |       22|  323|   0|    -|  21904|   16|   350464|
    |layer3_out_V_data_26_V_U   |       22|  323|   0|    -|  21904|   16|   350464|
    |layer3_out_V_data_27_V_U   |       22|  323|   0|    -|  21904|   16|   350464|
    |layer3_out_V_data_28_V_U   |       22|  323|   0|    -|  21904|   16|   350464|
    |layer3_out_V_data_29_V_U   |       22|  323|   0|    -|  21904|   16|   350464|
    |layer3_out_V_data_2_V_U    |       22|  323|   0|    -|  21904|   16|   350464|
    |layer3_out_V_data_30_V_U   |       22|  323|   0|    -|  21904|   16|   350464|
    |layer3_out_V_data_31_V_U   |       22|  323|   0|    -|  21904|   16|   350464|
    |layer3_out_V_data_32_V_U   |       22|  323|   0|    -|  21904|   16|   350464|
    |layer3_out_V_data_33_V_U   |       22|  323|   0|    -|  21904|   16|   350464|
    |layer3_out_V_data_34_V_U   |       22|  323|   0|    -|  21904|   16|   350464|
    |layer3_out_V_data_35_V_U   |       22|  323|   0|    -|  21904|   16|   350464|
    |layer3_out_V_data_36_V_U   |       22|  323|   0|    -|  21904|   16|   350464|
    |layer3_out_V_data_37_V_U   |       22|  323|   0|    -|  21904|   16|   350464|
    |layer3_out_V_data_38_V_U   |       22|  323|   0|    -|  21904|   16|   350464|
    |layer3_out_V_data_39_V_U   |       22|  323|   0|    -|  21904|   16|   350464|
    |layer3_out_V_data_3_V_U    |       22|  323|   0|    -|  21904|   16|   350464|
    |layer3_out_V_data_40_V_U   |       22|  323|   0|    -|  21904|   16|   350464|
    |layer3_out_V_data_41_V_U   |       22|  323|   0|    -|  21904|   16|   350464|
    |layer3_out_V_data_42_V_U   |       22|  323|   0|    -|  21904|   16|   350464|
    |layer3_out_V_data_43_V_U   |       22|  323|   0|    -|  21904|   16|   350464|
    |layer3_out_V_data_44_V_U   |       22|  323|   0|    -|  21904|   16|   350464|
    |layer3_out_V_data_45_V_U   |       22|  323|   0|    -|  21904|   16|   350464|
    |layer3_out_V_data_46_V_U   |       22|  323|   0|    -|  21904|   16|   350464|
    |layer3_out_V_data_47_V_U   |       22|  323|   0|    -|  21904|   16|   350464|
    |layer3_out_V_data_48_V_U   |       22|  323|   0|    -|  21904|   16|   350464|
    |layer3_out_V_data_49_V_U   |       22|  323|   0|    -|  21904|   16|   350464|
    |layer3_out_V_data_4_V_U    |       22|  323|   0|    -|  21904|   16|   350464|
    |layer3_out_V_data_50_V_U   |       22|  323|   0|    -|  21904|   16|   350464|
    |layer3_out_V_data_51_V_U   |       22|  323|   0|    -|  21904|   16|   350464|
    |layer3_out_V_data_52_V_U   |       22|  323|   0|    -|  21904|   16|   350464|
    |layer3_out_V_data_53_V_U   |       22|  323|   0|    -|  21904|   16|   350464|
    |layer3_out_V_data_54_V_U   |       22|  323|   0|    -|  21904|   16|   350464|
    |layer3_out_V_data_55_V_U   |       22|  323|   0|    -|  21904|   16|   350464|
    |layer3_out_V_data_56_V_U   |       22|  323|   0|    -|  21904|   16|   350464|
    |layer3_out_V_data_57_V_U   |       22|  323|   0|    -|  21904|   16|   350464|
    |layer3_out_V_data_58_V_U   |       22|  323|   0|    -|  21904|   16|   350464|
    |layer3_out_V_data_59_V_U   |       22|  323|   0|    -|  21904|   16|   350464|
    |layer3_out_V_data_5_V_U    |       22|  323|   0|    -|  21904|   16|   350464|
    |layer3_out_V_data_60_V_U   |       22|  323|   0|    -|  21904|   16|   350464|
    |layer3_out_V_data_61_V_U   |       22|  323|   0|    -|  21904|   16|   350464|
    |layer3_out_V_data_62_V_U   |       22|  323|   0|    -|  21904|   16|   350464|
    |layer3_out_V_data_63_V_U   |       22|  323|   0|    -|  21904|   16|   350464|
    |layer3_out_V_data_6_V_U    |       22|  323|   0|    -|  21904|   16|   350464|
    |layer3_out_V_data_7_V_U    |       22|  323|   0|    -|  21904|   16|   350464|
    |layer3_out_V_data_8_V_U    |       22|  323|   0|    -|  21904|   16|   350464|
    |layer3_out_V_data_9_V_U    |       22|  323|   0|    -|  21904|   16|   350464|
    |layer4_out_V_data_0_V_U    |        7|  109|   0|    -|   5476|   16|    87616|
    |layer4_out_V_data_10_V_U   |        7|  109|   0|    -|   5476|   16|    87616|
    |layer4_out_V_data_11_V_U   |        7|  109|   0|    -|   5476|   16|    87616|
    |layer4_out_V_data_12_V_U   |        7|  109|   0|    -|   5476|   16|    87616|
    |layer4_out_V_data_13_V_U   |        7|  109|   0|    -|   5476|   16|    87616|
    |layer4_out_V_data_14_V_U   |        7|  109|   0|    -|   5476|   16|    87616|
    |layer4_out_V_data_15_V_U   |        7|  109|   0|    -|   5476|   16|    87616|
    |layer4_out_V_data_16_V_U   |        7|  109|   0|    -|   5476|   16|    87616|
    |layer4_out_V_data_17_V_U   |        7|  109|   0|    -|   5476|   16|    87616|
    |layer4_out_V_data_18_V_U   |        7|  109|   0|    -|   5476|   16|    87616|
    |layer4_out_V_data_19_V_U   |        7|  109|   0|    -|   5476|   16|    87616|
    |layer4_out_V_data_1_V_U    |        7|  109|   0|    -|   5476|   16|    87616|
    |layer4_out_V_data_20_V_U   |        7|  109|   0|    -|   5476|   16|    87616|
    |layer4_out_V_data_21_V_U   |        7|  109|   0|    -|   5476|   16|    87616|
    |layer4_out_V_data_22_V_U   |        7|  109|   0|    -|   5476|   16|    87616|
    |layer4_out_V_data_23_V_U   |        7|  109|   0|    -|   5476|   16|    87616|
    |layer4_out_V_data_24_V_U   |        7|  109|   0|    -|   5476|   16|    87616|
    |layer4_out_V_data_25_V_U   |        7|  109|   0|    -|   5476|   16|    87616|
    |layer4_out_V_data_26_V_U   |        7|  109|   0|    -|   5476|   16|    87616|
    |layer4_out_V_data_27_V_U   |        7|  109|   0|    -|   5476|   16|    87616|
    |layer4_out_V_data_28_V_U   |        7|  109|   0|    -|   5476|   16|    87616|
    |layer4_out_V_data_29_V_U   |        7|  109|   0|    -|   5476|   16|    87616|
    |layer4_out_V_data_2_V_U    |        7|  109|   0|    -|   5476|   16|    87616|
    |layer4_out_V_data_30_V_U   |        7|  109|   0|    -|   5476|   16|    87616|
    |layer4_out_V_data_31_V_U   |        7|  109|   0|    -|   5476|   16|    87616|
    |layer4_out_V_data_32_V_U   |        7|  109|   0|    -|   5476|   16|    87616|
    |layer4_out_V_data_33_V_U   |        7|  109|   0|    -|   5476|   16|    87616|
    |layer4_out_V_data_34_V_U   |        7|  109|   0|    -|   5476|   16|    87616|
    |layer4_out_V_data_35_V_U   |        7|  109|   0|    -|   5476|   16|    87616|
    |layer4_out_V_data_36_V_U   |        7|  109|   0|    -|   5476|   16|    87616|
    |layer4_out_V_data_37_V_U   |        7|  109|   0|    -|   5476|   16|    87616|
    |layer4_out_V_data_38_V_U   |        7|  109|   0|    -|   5476|   16|    87616|
    |layer4_out_V_data_39_V_U   |        7|  109|   0|    -|   5476|   16|    87616|
    |layer4_out_V_data_3_V_U    |        7|  109|   0|    -|   5476|   16|    87616|
    |layer4_out_V_data_40_V_U   |        7|  109|   0|    -|   5476|   16|    87616|
    |layer4_out_V_data_41_V_U   |        7|  109|   0|    -|   5476|   16|    87616|
    |layer4_out_V_data_42_V_U   |        7|  109|   0|    -|   5476|   16|    87616|
    |layer4_out_V_data_43_V_U   |        7|  109|   0|    -|   5476|   16|    87616|
    |layer4_out_V_data_44_V_U   |        7|  109|   0|    -|   5476|   16|    87616|
    |layer4_out_V_data_45_V_U   |        7|  109|   0|    -|   5476|   16|    87616|
    |layer4_out_V_data_46_V_U   |        7|  109|   0|    -|   5476|   16|    87616|
    |layer4_out_V_data_47_V_U   |        7|  109|   0|    -|   5476|   16|    87616|
    |layer4_out_V_data_48_V_U   |        7|  109|   0|    -|   5476|   16|    87616|
    |layer4_out_V_data_49_V_U   |        7|  109|   0|    -|   5476|   16|    87616|
    |layer4_out_V_data_4_V_U    |        7|  109|   0|    -|   5476|   16|    87616|
    |layer4_out_V_data_50_V_U   |        7|  109|   0|    -|   5476|   16|    87616|
    |layer4_out_V_data_51_V_U   |        7|  109|   0|    -|   5476|   16|    87616|
    |layer4_out_V_data_52_V_U   |        7|  109|   0|    -|   5476|   16|    87616|
    |layer4_out_V_data_53_V_U   |        7|  109|   0|    -|   5476|   16|    87616|
    |layer4_out_V_data_54_V_U   |        7|  109|   0|    -|   5476|   16|    87616|
    |layer4_out_V_data_55_V_U   |        7|  109|   0|    -|   5476|   16|    87616|
    |layer4_out_V_data_56_V_U   |        7|  109|   0|    -|   5476|   16|    87616|
    |layer4_out_V_data_57_V_U   |        7|  109|   0|    -|   5476|   16|    87616|
    |layer4_out_V_data_58_V_U   |        7|  109|   0|    -|   5476|   16|    87616|
    |layer4_out_V_data_59_V_U   |        7|  109|   0|    -|   5476|   16|    87616|
    |layer4_out_V_data_5_V_U    |        7|  109|   0|    -|   5476|   16|    87616|
    |layer4_out_V_data_60_V_U   |        7|  109|   0|    -|   5476|   16|    87616|
    |layer4_out_V_data_61_V_U   |        7|  109|   0|    -|   5476|   16|    87616|
    |layer4_out_V_data_62_V_U   |        7|  109|   0|    -|   5476|   16|    87616|
    |layer4_out_V_data_63_V_U   |        7|  109|   0|    -|   5476|   16|    87616|
    |layer4_out_V_data_6_V_U    |        7|  109|   0|    -|   5476|   16|    87616|
    |layer4_out_V_data_7_V_U    |        7|  109|   0|    -|   5476|   16|    87616|
    |layer4_out_V_data_8_V_U    |        7|  109|   0|    -|   5476|   16|    87616|
    |layer4_out_V_data_9_V_U    |        7|  109|   0|    -|   5476|   16|    87616|
    |layer5_out_V_data_0_V_U    |        7|  105|   0|    -|   5184|   16|    82944|
    |layer5_out_V_data_1_V_U    |        7|  105|   0|    -|   5184|   16|    82944|
    |layer5_out_V_data_2_V_U    |        7|  105|   0|    -|   5184|   16|    82944|
    |layer5_out_V_data_3_V_U    |        7|  105|   0|    -|   5184|   16|    82944|
    |layer6_out_V_data_0_V_U    |        7|  105|   0|    -|   5184|   16|    82944|
    |layer6_out_V_data_1_V_U    |        7|  105|   0|    -|   5184|   16|    82944|
    |layer6_out_V_data_2_V_U    |        7|  105|   0|    -|   5184|   16|    82944|
    |layer6_out_V_data_3_V_U    |        7|  105|   0|    -|   5184|   16|    82944|
    |layer7_out_V_data_0_V_U    |        2|   55|   0|    -|   1296|   16|    20736|
    |layer7_out_V_data_1_V_U    |        2|   55|   0|    -|   1296|   16|    20736|
    |layer7_out_V_data_2_V_U    |        2|   55|   0|    -|   1296|   16|    20736|
    |layer7_out_V_data_3_V_U    |        2|   55|   0|    -|   1296|   16|    20736|
    |layer8_out_V_data_0_V_U    |        2|   53|   0|    -|   1156|   16|    18496|
    |layer8_out_V_data_10_V_U   |        2|   53|   0|    -|   1156|   16|    18496|
    |layer8_out_V_data_11_V_U   |        2|   53|   0|    -|   1156|   16|    18496|
    |layer8_out_V_data_12_V_U   |        2|   53|   0|    -|   1156|   16|    18496|
    |layer8_out_V_data_13_V_U   |        2|   53|   0|    -|   1156|   16|    18496|
    |layer8_out_V_data_14_V_U   |        2|   53|   0|    -|   1156|   16|    18496|
    |layer8_out_V_data_15_V_U   |        2|   53|   0|    -|   1156|   16|    18496|
    |layer8_out_V_data_16_V_U   |        2|   53|   0|    -|   1156|   16|    18496|
    |layer8_out_V_data_17_V_U   |        2|   53|   0|    -|   1156|   16|    18496|
    |layer8_out_V_data_1_V_U    |        2|   53|   0|    -|   1156|   16|    18496|
    |layer8_out_V_data_2_V_U    |        2|   53|   0|    -|   1156|   16|    18496|
    |layer8_out_V_data_3_V_U    |        2|   53|   0|    -|   1156|   16|    18496|
    |layer8_out_V_data_4_V_U    |        2|   53|   0|    -|   1156|   16|    18496|
    |layer8_out_V_data_5_V_U    |        2|   53|   0|    -|   1156|   16|    18496|
    |layer8_out_V_data_6_V_U    |        2|   53|   0|    -|   1156|   16|    18496|
    |layer8_out_V_data_7_V_U    |        2|   53|   0|    -|   1156|   16|    18496|
    |layer8_out_V_data_8_V_U    |        2|   53|   0|    -|   1156|   16|    18496|
    |layer8_out_V_data_9_V_U    |        2|   53|   0|    -|   1156|   16|    18496|
    |layer9_out_V_data_0_V_U    |        2|   53|   0|    -|   1156|   16|    18496|
    |layer9_out_V_data_10_V_U   |        2|   53|   0|    -|   1156|   16|    18496|
    |layer9_out_V_data_11_V_U   |        2|   53|   0|    -|   1156|   16|    18496|
    |layer9_out_V_data_12_V_U   |        2|   53|   0|    -|   1156|   16|    18496|
    |layer9_out_V_data_13_V_U   |        2|   53|   0|    -|   1156|   16|    18496|
    |layer9_out_V_data_14_V_U   |        2|   53|   0|    -|   1156|   16|    18496|
    |layer9_out_V_data_15_V_U   |        2|   53|   0|    -|   1156|   16|    18496|
    |layer9_out_V_data_16_V_U   |        2|   53|   0|    -|   1156|   16|    18496|
    |layer9_out_V_data_17_V_U   |        2|   53|   0|    -|   1156|   16|    18496|
    |layer9_out_V_data_1_V_U    |        2|   53|   0|    -|   1156|   16|    18496|
    |layer9_out_V_data_2_V_U    |        2|   53|   0|    -|   1156|   16|    18496|
    |layer9_out_V_data_3_V_U    |        2|   53|   0|    -|   1156|   16|    18496|
    |layer9_out_V_data_4_V_U    |        2|   53|   0|    -|   1156|   16|    18496|
    |layer9_out_V_data_5_V_U    |        2|   53|   0|    -|   1156|   16|    18496|
    |layer9_out_V_data_6_V_U    |        2|   53|   0|    -|   1156|   16|    18496|
    |layer9_out_V_data_7_V_U    |        2|   53|   0|    -|   1156|   16|    18496|
    |layer9_out_V_data_8_V_U    |        2|   53|   0|    -|   1156|   16|    18496|
    |layer9_out_V_data_9_V_U    |        2|   53|   0|    -|   1156|   16|    18496|
    +---------------------------+---------+-----+----+-----+-------+-----+---------+
    |Total                      |     3433|52761|   0|    0|3250178| 4896| 52002848|
    +---------------------------+---------+-----+----+-----+-------+-----+---------+

    * Expression: 
    +--------------+----------+-------+---+----+------------+------------+
    | Variable Name| Operation| DSP48E| FF| LUT| Bitwidth P0| Bitwidth P1|
    +--------------+----------+-------+---+----+------------+------------+
    |ap_idle       |    and   |      0|  0|   2|           1|           1|
    +--------------+----------+-------+---+----+------------+------------+
    |Total         |          |      0|  0|   2|           1|           1|
    +--------------+----------+-------+---+----+------------+------------+

    * Multiplexer: 
    N/A

    * Register: 
    N/A



================================================================
== Interface
================================================================
* Summary: 
+-------------------------------+-----+-----+------------+------------------------+--------------+
|           RTL Ports           | Dir | Bits|  Protocol  |      Source Object     |    C Type    |
+-------------------------------+-----+-----+------------+------------------------+--------------+
|conv1_input_V_data_0_V_TDATA   |  in |   16|    axis    | conv1_input_V_data_0_V |    pointer   |
|conv1_input_V_data_0_V_TVALID  |  in |    1|    axis    | conv1_input_V_data_0_V |    pointer   |
|conv1_input_V_data_0_V_TREADY  | out |    1|    axis    | conv1_input_V_data_0_V |    pointer   |
|conv1_input_V_data_1_V_TDATA   |  in |   16|    axis    | conv1_input_V_data_1_V |    pointer   |
|conv1_input_V_data_1_V_TVALID  |  in |    1|    axis    | conv1_input_V_data_1_V |    pointer   |
|conv1_input_V_data_1_V_TREADY  | out |    1|    axis    | conv1_input_V_data_1_V |    pointer   |
|conv1_input_V_data_2_V_TDATA   |  in |   16|    axis    | conv1_input_V_data_2_V |    pointer   |
|conv1_input_V_data_2_V_TVALID  |  in |    1|    axis    | conv1_input_V_data_2_V |    pointer   |
|conv1_input_V_data_2_V_TREADY  | out |    1|    axis    | conv1_input_V_data_2_V |    pointer   |
|layer18_out_V_data_0_V_TDATA   | out |   16|    axis    | layer18_out_V_data_0_V |    pointer   |
|layer18_out_V_data_0_V_TVALID  | out |    1|    axis    | layer18_out_V_data_0_V |    pointer   |
|layer18_out_V_data_0_V_TREADY  |  in |    1|    axis    | layer18_out_V_data_0_V |    pointer   |
|layer18_out_V_data_1_V_TDATA   | out |   16|    axis    | layer18_out_V_data_1_V |    pointer   |
|layer18_out_V_data_1_V_TVALID  | out |    1|    axis    | layer18_out_V_data_1_V |    pointer   |
|layer18_out_V_data_1_V_TREADY  |  in |    1|    axis    | layer18_out_V_data_1_V |    pointer   |
|layer18_out_V_data_2_V_TDATA   | out |   16|    axis    | layer18_out_V_data_2_V |    pointer   |
|layer18_out_V_data_2_V_TVALID  | out |    1|    axis    | layer18_out_V_data_2_V |    pointer   |
|layer18_out_V_data_2_V_TREADY  |  in |    1|    axis    | layer18_out_V_data_2_V |    pointer   |
|ap_clk                         |  in |    1| ap_ctrl_hs |        myproject       | return value |
|ap_rst_n                       |  in |    1| ap_ctrl_hs |        myproject       | return value |
|ap_start                       |  in |    1| ap_ctrl_hs |        myproject       | return value |
|ap_done                        | out |    1| ap_ctrl_hs |        myproject       | return value |
|ap_ready                       | out |    1| ap_ctrl_hs |        myproject       | return value |
|ap_idle                        | out |    1| ap_ctrl_hs |        myproject       | return value |
+-------------------------------+-----+-----+------------+------------------------+--------------+

