

================================================================
== Vivado HLS Report for 'myproject'
================================================================
* Date:           Thu Jul 13 01:00:32 2023

* Version:        2019.2 (Build 2704478 on Wed Nov 06 22:10:23 MST 2019)
* Project:        myproject_prj
* Solution:       solution1
* Product family: zynquplus
* Target device:  xczu7ev-ffvc1156-2-e


================================================================
== Performance Estimates
================================================================
+ Timing: 
    * Summary: 
    +--------+---------+----------+------------+
    |  Clock |  Target | Estimated| Uncertainty|
    +--------+---------+----------+------------+
    |ap_clk  | 5.00 ns | 4.355 ns |   0.62 ns  |
    +--------+---------+----------+------------+

+ Latency: 
    * Summary: 
    +----------+----------+-----------+-----------+---------+----------+----------+
    |   Latency (cycles)  |   Latency (absolute)  |      Interval      | Pipeline |
    |    min   |    max   |    min    |    max    |   min   |    max   |   Type   |
    +----------+----------+-----------+-----------+---------+----------+----------+
    |  16535304|  16537620| 82.677 ms | 82.688 ms |  3909865|  16537521| dataflow |
    +----------+----------+-----------+-----------+---------+----------+----------+

    + Detail: 
        * Instance: 
        +-------------------------------------------------------------------------+------------------------------------------------------------------------+---------+----------+-----------+-----------+---------+----------+----------+
        |                                                                         |                                                                        |  Latency (cycles)  |   Latency (absolute)  |      Interval      | Pipeline |
        |                                 Instance                                |                                 Module                                 |   min   |    max   |    min    |    max    |   min   |    max   |   Type   |
        +-------------------------------------------------------------------------+------------------------------------------------------------------------+---------+----------+-----------+-----------+---------+----------+----------+
        |conv_2d_cl_array_ap_fixed_3u_array_ap_fixed_16_6_5_3_0_64u_config2_U0    |conv_2d_cl_array_ap_fixed_3u_array_ap_fixed_16_6_5_3_0_64u_config2_s    |    45001|   2160001|  0.225 ms | 10.800 ms |    45001|   2160001|   none   |
        |conv_2d_cl_array_ap_fixed_64u_array_ap_fixed_16_6_5_3_0_4u_config6_U0    |conv_2d_cl_array_ap_fixed_64u_array_ap_fixed_16_6_5_3_0_4u_config6_s    |  3909864|  16537520| 19.549 ms | 82.688 ms |  3909864|  16537520|   none   |
        |dense_array_ap_fixed_5u_array_ap_fixed_16_6_5_3_0_15u_config19_U0        |dense_array_ap_fixed_5u_array_ap_fixed_16_6_5_3_0_15u_config19_s        |     3728|      3729| 18.640 us | 18.645 us |     3728|      3729|   none   |
        |conv_2d_cl_array_ap_fixed_18u_array_ap_fixed_16_6_5_3_0_5u_config14_U0   |conv_2d_cl_array_ap_fixed_18u_array_ap_fixed_16_6_5_3_0_5u_config14_s   |    60112|    294780|  0.301 ms |  1.474 ms |    60112|    294780|   none   |
        |relu_array_ap_fixed_64u_array_ap_ufixed_6_0_4_0_0_64u_relu_config4_U0    |relu_array_ap_fixed_64u_array_ap_ufixed_6_0_4_0_0_64u_relu_config4_s    |    21907|     21907|  0.110 ms |  0.110 ms |    21907|     21907|   none   |
        |pooling2d_cl_array_array_ap_fixed_16_6_5_3_0_64u_config5_U0              |pooling2d_cl_array_array_ap_fixed_16_6_5_3_0_64u_config5_s              |    21907|     21907|  0.110 ms |  0.110 ms |    21907|     21907|   none   |
        |conv_2d_cl_array_ap_fixed_4u_array_ap_fixed_16_6_5_3_0_18u_config10_U0   |conv_2d_cl_array_ap_fixed_4u_array_ap_fixed_16_6_5_3_0_18u_config10_s   |    44064|    886464|  0.220 ms |  4.432 ms |    44064|    886464|   none   |
        |pooling2d_cl_array_array_ap_fixed_16_6_5_3_0_18u_config13_U0             |pooling2d_cl_array_array_ap_fixed_16_6_5_3_0_18u_config13_s             |     1159|      1159|  5.795 us |  5.795 us |     1159|      1159|   none   |
        |relu_array_ap_fixed_18u_array_ap_ufixed_6_0_4_0_0_18u_relu_config12_U0   |relu_array_ap_fixed_18u_array_ap_ufixed_6_0_4_0_0_18u_relu_config12_s   |     1159|      1159|  5.795 us |  5.795 us |     1159|      1159|   none   |
        |relu_array_ap_fixed_15u_array_ap_ufixed_6_0_4_0_0_15u_relu_config21_U0   |relu_array_ap_fixed_15u_array_ap_ufixed_6_0_4_0_0_15u_relu_config21_s   |        1|         1|  5.000 ns |  5.000 ns |        1|         1| function |
        |dense_array_ap_ufixed_15u_array_ap_fixed_16_6_5_3_0_3u_config22_U0       |dense_array_ap_ufixed_15u_array_ap_fixed_16_6_5_3_0_3u_config22_s       |       47|        48|  0.235 us |  0.240 us |       47|        48|   none   |
        |pooling2d_cl_array_array_ap_fixed_16_6_5_3_0_5u_config17_U0              |pooling2d_cl_array_array_ap_fixed_16_6_5_3_0_5u_config17_s              |      228|       228|  1.140 us |  1.140 us |      228|       228|   none   |
        |pooling2d_cl_array_ap_ufixed_4u_array_ap_fixed_16_6_5_3_0_4u_config9_U0  |pooling2d_cl_array_ap_ufixed_4u_array_ap_fixed_16_6_5_3_0_4u_config9_s  |     5187|      5187| 25.935 us | 25.935 us |     5187|      5187|   none   |
        |softmax_array_array_ap_fixed_16_6_5_3_0_3u_softmax_config24_U0           |softmax_array_array_ap_fixed_16_6_5_3_0_3u_softmax_config24_s           |        8|         8| 40.000 ns | 40.000 ns |        8|         8|   none   |
        |relu_array_ap_fixed_5u_array_ap_ufixed_6_0_4_0_0_5u_relu_config16_U0     |relu_array_ap_fixed_5u_array_ap_ufixed_6_0_4_0_0_5u_relu_config16_s     |      228|       228|  1.140 us |  1.140 us |      228|       228|   none   |
        |relu_array_ap_fixed_4u_array_ap_ufixed_6_0_4_0_0_4u_relu_config8_U0      |relu_array_ap_fixed_4u_array_ap_ufixed_6_0_4_0_0_4u_relu_config8_s      |     5187|      5187| 25.935 us | 25.935 us |     5187|      5187|   none   |
        |normalize_array_ap_fixed_3u_array_ap_fixed_8_2_5_3_0_3u_config25_U0      |normalize_array_ap_fixed_3u_array_ap_fixed_8_2_5_3_0_3u_config25_s      |        1|         1|  5.000 ns |  5.000 ns |        2|         2| function |
        |linear_array_array_ap_fixed_16_6_5_3_0_3u_linear_config23_U0             |linear_array_array_ap_fixed_16_6_5_3_0_3u_linear_config23_s             |        0|         0|    0 ns   |    0 ns   |        1|         1| function |
        +-------------------------------------------------------------------------+------------------------------------------------------------------------+---------+----------+-----------+-----------+---------+----------+----------+

        * Loop: 
        N/A



================================================================
== Utilization Estimates
================================================================
* Summary: 
+-----------------+---------+-------+--------+--------+-----+
|       Name      | BRAM_18K| DSP48E|   FF   |   LUT  | URAM|
+-----------------+---------+-------+--------+--------+-----+
|DSP              |        -|      -|       -|       -|    -|
|Expression       |        -|      -|       0|       2|    -|
|FIFO             |      312|      -|   10148|   12332|    -|
|Instance         |       10|      3|   66771|  114900|    -|
|Memory           |        -|      -|       -|       -|    -|
|Multiplexer      |        -|      -|       -|       -|    -|
|Register         |        -|      -|       -|       -|    -|
+-----------------+---------+-------+--------+--------+-----+
|Total            |      322|      3|   76919|  127234|    0|
+-----------------+---------+-------+--------+--------+-----+
|Available        |      624|   1728|  460800|  230400|   96|
+-----------------+---------+-------+--------+--------+-----+
|Utilization (%)  |       51|   ~0  |      16|      55|    0|
+-----------------+---------+-------+--------+--------+-----+

+ Detail: 
    * Instance: 
    +-------------------------------------------------------------------------+------------------------------------------------------------------------+---------+-------+-------+-------+-----+
    |                                 Instance                                |                                 Module                                 | BRAM_18K| DSP48E|   FF  |  LUT  | URAM|
    +-------------------------------------------------------------------------+------------------------------------------------------------------------+---------+-------+-------+-------+-----+
    |conv_2d_cl_array_ap_fixed_18u_array_ap_fixed_16_6_5_3_0_5u_config14_U0   |conv_2d_cl_array_ap_fixed_18u_array_ap_fixed_16_6_5_3_0_5u_config14_s   |        2|      0|   7190|   4313|    0|
    |conv_2d_cl_array_ap_fixed_3u_array_ap_fixed_16_6_5_3_0_64u_config2_U0    |conv_2d_cl_array_ap_fixed_3u_array_ap_fixed_16_6_5_3_0_64u_config2_s    |        0|      1|   6738|  44745|    0|
    |conv_2d_cl_array_ap_fixed_4u_array_ap_fixed_16_6_5_3_0_18u_config10_U0   |conv_2d_cl_array_ap_fixed_4u_array_ap_fixed_16_6_5_3_0_18u_config10_s   |        2|      1|   2237|   2770|    0|
    |conv_2d_cl_array_ap_fixed_64u_array_ap_fixed_16_6_5_3_0_4u_config6_U0    |conv_2d_cl_array_ap_fixed_64u_array_ap_fixed_16_6_5_3_0_4u_config6_s    |        2|      0|  24135|  20987|    0|
    |dense_array_ap_fixed_5u_array_ap_fixed_16_6_5_3_0_15u_config19_U0        |dense_array_ap_fixed_5u_array_ap_fixed_16_6_5_3_0_15u_config19_s        |        2|      0|  16230|  10250|    0|
    |dense_array_ap_ufixed_15u_array_ap_fixed_16_6_5_3_0_3u_config22_U0       |dense_array_ap_ufixed_15u_array_ap_fixed_16_6_5_3_0_3u_config22_s       |        0|      0|    465|    914|    0|
    |linear_array_array_ap_fixed_16_6_5_3_0_3u_linear_config23_U0             |linear_array_array_ap_fixed_16_6_5_3_0_3u_linear_config23_s             |        0|      0|      3|     78|    0|
    |normalize_array_ap_fixed_3u_array_ap_fixed_8_2_5_3_0_3u_config25_U0      |normalize_array_ap_fixed_3u_array_ap_fixed_8_2_5_3_0_3u_config25_s      |        0|      0|     28|    133|    0|
    |pooling2d_cl_array_ap_ufixed_4u_array_ap_fixed_16_6_5_3_0_4u_config9_U0  |pooling2d_cl_array_ap_ufixed_4u_array_ap_fixed_16_6_5_3_0_4u_config9_s  |        0|      0|    569|   1228|    0|
    |pooling2d_cl_array_array_ap_fixed_16_6_5_3_0_18u_config13_U0             |pooling2d_cl_array_array_ap_fixed_16_6_5_3_0_18u_config13_s             |        0|      0|   1768|   2842|    0|
    |pooling2d_cl_array_array_ap_fixed_16_6_5_3_0_5u_config17_U0              |pooling2d_cl_array_array_ap_fixed_16_6_5_3_0_5u_config17_s              |        0|      0|    652|   1078|    0|
    |pooling2d_cl_array_array_ap_fixed_16_6_5_3_0_64u_config5_U0              |pooling2d_cl_array_array_ap_fixed_16_6_5_3_0_64u_config5_s              |        0|      0|   5820|  13900|    0|
    |relu_array_ap_fixed_15u_array_ap_ufixed_6_0_4_0_0_15u_relu_config21_U0   |relu_array_ap_fixed_15u_array_ap_ufixed_6_0_4_0_0_15u_relu_config21_s   |        0|      0|     94|   1513|    0|
    |relu_array_ap_fixed_18u_array_ap_ufixed_6_0_4_0_0_18u_relu_config12_U0   |relu_array_ap_fixed_18u_array_ap_ufixed_6_0_4_0_0_18u_relu_config12_s   |        0|      0|    129|   1895|    0|
    |relu_array_ap_fixed_4u_array_ap_ufixed_6_0_4_0_0_4u_relu_config8_U0      |relu_array_ap_fixed_4u_array_ap_ufixed_6_0_4_0_0_4u_relu_config8_s      |        0|      0|     47|    511|    0|
    |relu_array_ap_fixed_5u_array_ap_ufixed_6_0_4_0_0_5u_relu_config16_U0     |relu_array_ap_fixed_5u_array_ap_ufixed_6_0_4_0_0_5u_relu_config16_s     |        0|      0|     48|    603|    0|
    |relu_array_ap_fixed_64u_array_ap_ufixed_6_0_4_0_0_64u_relu_config4_U0    |relu_array_ap_fixed_64u_array_ap_ufixed_6_0_4_0_0_64u_relu_config4_s    |        0|      0|    409|   6453|    0|
    |softmax_array_array_ap_fixed_16_6_5_3_0_3u_softmax_config24_U0           |softmax_array_array_ap_fixed_16_6_5_3_0_3u_softmax_config24_s           |        2|      1|    209|    687|    0|
    +-------------------------------------------------------------------------+------------------------------------------------------------------------+---------+-------+-------+-------+-----+
    |Total                                                                    |                                                                        |       10|      3|  66771| 114900|    0|
    +-------------------------------------------------------------------------+------------------------------------------------------------------------+---------+-------+-------+-------+-----+

    * DSP48E: 
    N/A

    * Memory: 
    N/A

    * FIFO: 
    +---------------------------+---------+-----+----+-----+------+-----+---------+
    |            Name           | BRAM_18K|  FF | LUT| URAM| Depth| Bits| Size:D*B|
    +---------------------------+---------+-----+----+-----+------+-----+---------+
    |layer10_out_V_data_0_V_U   |        1|   36|   0|    -|   100|   16|     1600|
    |layer10_out_V_data_10_V_U  |        1|   36|   0|    -|   100|   16|     1600|
    |layer10_out_V_data_11_V_U  |        1|   36|   0|    -|   100|   16|     1600|
    |layer10_out_V_data_12_V_U  |        1|   36|   0|    -|   100|   16|     1600|
    |layer10_out_V_data_13_V_U  |        1|   36|   0|    -|   100|   16|     1600|
    |layer10_out_V_data_14_V_U  |        1|   36|   0|    -|   100|   16|     1600|
    |layer10_out_V_data_15_V_U  |        1|   36|   0|    -|   100|   16|     1600|
    |layer10_out_V_data_16_V_U  |        1|   36|   0|    -|   100|   16|     1600|
    |layer10_out_V_data_17_V_U  |        1|   36|   0|    -|   100|   16|     1600|
    |layer10_out_V_data_1_V_U   |        1|   36|   0|    -|   100|   16|     1600|
    |layer10_out_V_data_2_V_U   |        1|   36|   0|    -|   100|   16|     1600|
    |layer10_out_V_data_3_V_U   |        1|   36|   0|    -|   100|   16|     1600|
    |layer10_out_V_data_4_V_U   |        1|   36|   0|    -|   100|   16|     1600|
    |layer10_out_V_data_5_V_U   |        1|   36|   0|    -|   100|   16|     1600|
    |layer10_out_V_data_6_V_U   |        1|   36|   0|    -|   100|   16|     1600|
    |layer10_out_V_data_7_V_U   |        1|   36|   0|    -|   100|   16|     1600|
    |layer10_out_V_data_8_V_U   |        1|   36|   0|    -|   100|   16|     1600|
    |layer10_out_V_data_9_V_U   |        1|   36|   0|    -|   100|   16|     1600|
    |layer12_out_V_data_0_V_U   |        1|   26|   0|    -|   100|    6|      600|
    |layer12_out_V_data_10_V_U  |        1|   26|   0|    -|   100|    6|      600|
    |layer12_out_V_data_11_V_U  |        1|   26|   0|    -|   100|    6|      600|
    |layer12_out_V_data_12_V_U  |        1|   26|   0|    -|   100|    6|      600|
    |layer12_out_V_data_13_V_U  |        1|   26|   0|    -|   100|    6|      600|
    |layer12_out_V_data_14_V_U  |        1|   26|   0|    -|   100|    6|      600|
    |layer12_out_V_data_15_V_U  |        1|   26|   0|    -|   100|    6|      600|
    |layer12_out_V_data_16_V_U  |        1|   26|   0|    -|   100|    6|      600|
    |layer12_out_V_data_17_V_U  |        1|   26|   0|    -|   100|    6|      600|
    |layer12_out_V_data_1_V_U   |        1|   26|   0|    -|   100|    6|      600|
    |layer12_out_V_data_2_V_U   |        1|   26|   0|    -|   100|    6|      600|
    |layer12_out_V_data_3_V_U   |        1|   26|   0|    -|   100|    6|      600|
    |layer12_out_V_data_4_V_U   |        1|   26|   0|    -|   100|    6|      600|
    |layer12_out_V_data_5_V_U   |        1|   26|   0|    -|   100|    6|      600|
    |layer12_out_V_data_6_V_U   |        1|   26|   0|    -|   100|    6|      600|
    |layer12_out_V_data_7_V_U   |        1|   26|   0|    -|   100|    6|      600|
    |layer12_out_V_data_8_V_U   |        1|   26|   0|    -|   100|    6|      600|
    |layer12_out_V_data_9_V_U   |        1|   26|   0|    -|   100|    6|      600|
    |layer13_out_V_data_0_V_U   |        1|   36|   0|    -|   100|   16|     1600|
    |layer13_out_V_data_10_V_U  |        1|   36|   0|    -|   100|   16|     1600|
    |layer13_out_V_data_11_V_U  |        1|   36|   0|    -|   100|   16|     1600|
    |layer13_out_V_data_12_V_U  |        1|   36|   0|    -|   100|   16|     1600|
    |layer13_out_V_data_13_V_U  |        1|   36|   0|    -|   100|   16|     1600|
    |layer13_out_V_data_14_V_U  |        1|   36|   0|    -|   100|   16|     1600|
    |layer13_out_V_data_15_V_U  |        1|   36|   0|    -|   100|   16|     1600|
    |layer13_out_V_data_16_V_U  |        1|   36|   0|    -|   100|   16|     1600|
    |layer13_out_V_data_17_V_U  |        1|   36|   0|    -|   100|   16|     1600|
    |layer13_out_V_data_1_V_U   |        1|   36|   0|    -|   100|   16|     1600|
    |layer13_out_V_data_2_V_U   |        1|   36|   0|    -|   100|   16|     1600|
    |layer13_out_V_data_3_V_U   |        1|   36|   0|    -|   100|   16|     1600|
    |layer13_out_V_data_4_V_U   |        1|   36|   0|    -|   100|   16|     1600|
    |layer13_out_V_data_5_V_U   |        1|   36|   0|    -|   100|   16|     1600|
    |layer13_out_V_data_6_V_U   |        1|   36|   0|    -|   100|   16|     1600|
    |layer13_out_V_data_7_V_U   |        1|   36|   0|    -|   100|   16|     1600|
    |layer13_out_V_data_8_V_U   |        1|   36|   0|    -|   100|   16|     1600|
    |layer13_out_V_data_9_V_U   |        1|   36|   0|    -|   100|   16|     1600|
    |layer14_out_V_data_0_V_U   |        1|   36|   0|    -|   100|   16|     1600|
    |layer14_out_V_data_1_V_U   |        1|   36|   0|    -|   100|   16|     1600|
    |layer14_out_V_data_2_V_U   |        1|   36|   0|    -|   100|   16|     1600|
    |layer14_out_V_data_3_V_U   |        1|   36|   0|    -|   100|   16|     1600|
    |layer14_out_V_data_4_V_U   |        1|   36|   0|    -|   100|   16|     1600|
    |layer16_out_V_data_0_V_U   |        1|   26|   0|    -|   100|    6|      600|
    |layer16_out_V_data_1_V_U   |        1|   26|   0|    -|   100|    6|      600|
    |layer16_out_V_data_2_V_U   |        1|   26|   0|    -|   100|    6|      600|
    |layer16_out_V_data_3_V_U   |        1|   26|   0|    -|   100|    6|      600|
    |layer16_out_V_data_4_V_U   |        1|   26|   0|    -|   100|    6|      600|
    |layer17_out_V_data_0_V_U   |        1|   36|   0|    -|   100|   16|     1600|
    |layer17_out_V_data_1_V_U   |        1|   36|   0|    -|   100|   16|     1600|
    |layer17_out_V_data_2_V_U   |        1|   36|   0|    -|   100|   16|     1600|
    |layer17_out_V_data_3_V_U   |        1|   36|   0|    -|   100|   16|     1600|
    |layer17_out_V_data_4_V_U   |        1|   36|   0|    -|   100|   16|     1600|
    |layer19_out_V_data_0_V_U   |        1|   36|   0|    -|   100|   16|     1600|
    |layer19_out_V_data_10_V_U  |        1|   36|   0|    -|   100|   16|     1600|
    |layer19_out_V_data_11_V_U  |        1|   36|   0|    -|   100|   16|     1600|
    |layer19_out_V_data_12_V_U  |        1|   36|   0|    -|   100|   16|     1600|
    |layer19_out_V_data_13_V_U  |        1|   36|   0|    -|   100|   16|     1600|
    |layer19_out_V_data_14_V_U  |        1|   36|   0|    -|   100|   16|     1600|
    |layer19_out_V_data_1_V_U   |        1|   36|   0|    -|   100|   16|     1600|
    |layer19_out_V_data_2_V_U   |        1|   36|   0|    -|   100|   16|     1600|
    |layer19_out_V_data_3_V_U   |        1|   36|   0|    -|   100|   16|     1600|
    |layer19_out_V_data_4_V_U   |        1|   36|   0|    -|   100|   16|     1600|
    |layer19_out_V_data_5_V_U   |        1|   36|   0|    -|   100|   16|     1600|
    |layer19_out_V_data_6_V_U   |        1|   36|   0|    -|   100|   16|     1600|
    |layer19_out_V_data_7_V_U   |        1|   36|   0|    -|   100|   16|     1600|
    |layer19_out_V_data_8_V_U   |        1|   36|   0|    -|   100|   16|     1600|
    |layer19_out_V_data_9_V_U   |        1|   36|   0|    -|   100|   16|     1600|
    |layer21_out_V_data_0_V_U   |        1|   26|   0|    -|   100|    6|      600|
    |layer21_out_V_data_10_V_U  |        1|   26|   0|    -|   100|    6|      600|
    |layer21_out_V_data_11_V_U  |        1|   26|   0|    -|   100|    6|      600|
    |layer21_out_V_data_12_V_U  |        1|   26|   0|    -|   100|    6|      600|
    |layer21_out_V_data_13_V_U  |        1|   26|   0|    -|   100|    6|      600|
    |layer21_out_V_data_14_V_U  |        1|   26|   0|    -|   100|    6|      600|
    |layer21_out_V_data_1_V_U   |        1|   26|   0|    -|   100|    6|      600|
    |layer21_out_V_data_2_V_U   |        1|   26|   0|    -|   100|    6|      600|
    |layer21_out_V_data_3_V_U   |        1|   26|   0|    -|   100|    6|      600|
    |layer21_out_V_data_4_V_U   |        1|   26|   0|    -|   100|    6|      600|
    |layer21_out_V_data_5_V_U   |        1|   26|   0|    -|   100|    6|      600|
    |layer21_out_V_data_6_V_U   |        1|   26|   0|    -|   100|    6|      600|
    |layer21_out_V_data_7_V_U   |        1|   26|   0|    -|   100|    6|      600|
    |layer21_out_V_data_8_V_U   |        1|   26|   0|    -|   100|    6|      600|
    |layer21_out_V_data_9_V_U   |        1|   26|   0|    -|   100|    6|      600|
    |layer22_out_V_data_0_V_U   |        1|   36|   0|    -|   100|   16|     1600|
    |layer22_out_V_data_1_V_U   |        1|   36|   0|    -|   100|   16|     1600|
    |layer22_out_V_data_2_V_U   |        1|   36|   0|    -|   100|   16|     1600|
    |layer23_out_V_data_0_V_U   |        1|   36|   0|    -|   100|   16|     1600|
    |layer23_out_V_data_1_V_U   |        1|   36|   0|    -|   100|   16|     1600|
    |layer23_out_V_data_2_V_U   |        1|   36|   0|    -|   100|   16|     1600|
    |layer25_out_V_data_0_V_U   |        1|   28|   0|    -|   100|    8|      800|
    |layer25_out_V_data_1_V_U   |        1|   28|   0|    -|   100|    8|      800|
    |layer25_out_V_data_2_V_U   |        1|   28|   0|    -|   100|    8|      800|
    |layer2_out_V_data_0_V_U    |        1|   36|   0|    -|   100|   16|     1600|
    |layer2_out_V_data_10_V_U   |        1|   36|   0|    -|   100|   16|     1600|
    |layer2_out_V_data_11_V_U   |        1|   36|   0|    -|   100|   16|     1600|
    |layer2_out_V_data_12_V_U   |        1|   36|   0|    -|   100|   16|     1600|
    |layer2_out_V_data_13_V_U   |        1|   36|   0|    -|   100|   16|     1600|
    |layer2_out_V_data_14_V_U   |        1|   36|   0|    -|   100|   16|     1600|
    |layer2_out_V_data_15_V_U   |        1|   36|   0|    -|   100|   16|     1600|
    |layer2_out_V_data_16_V_U   |        1|   36|   0|    -|   100|   16|     1600|
    |layer2_out_V_data_17_V_U   |        1|   36|   0|    -|   100|   16|     1600|
    |layer2_out_V_data_18_V_U   |        1|   36|   0|    -|   100|   16|     1600|
    |layer2_out_V_data_19_V_U   |        1|   36|   0|    -|   100|   16|     1600|
    |layer2_out_V_data_1_V_U    |        1|   36|   0|    -|   100|   16|     1600|
    |layer2_out_V_data_20_V_U   |        1|   36|   0|    -|   100|   16|     1600|
    |layer2_out_V_data_21_V_U   |        1|   36|   0|    -|   100|   16|     1600|
    |layer2_out_V_data_22_V_U   |        1|   36|   0|    -|   100|   16|     1600|
    |layer2_out_V_data_23_V_U   |        1|   36|   0|    -|   100|   16|     1600|
    |layer2_out_V_data_24_V_U   |        1|   36|   0|    -|   100|   16|     1600|
    |layer2_out_V_data_25_V_U   |        1|   36|   0|    -|   100|   16|     1600|
    |layer2_out_V_data_26_V_U   |        1|   36|   0|    -|   100|   16|     1600|
    |layer2_out_V_data_27_V_U   |        1|   36|   0|    -|   100|   16|     1600|
    |layer2_out_V_data_28_V_U   |        1|   36|   0|    -|   100|   16|     1600|
    |layer2_out_V_data_29_V_U   |        1|   36|   0|    -|   100|   16|     1600|
    |layer2_out_V_data_2_V_U    |        1|   36|   0|    -|   100|   16|     1600|
    |layer2_out_V_data_30_V_U   |        1|   36|   0|    -|   100|   16|     1600|
    |layer2_out_V_data_31_V_U   |        1|   36|   0|    -|   100|   16|     1600|
    |layer2_out_V_data_32_V_U   |        1|   36|   0|    -|   100|   16|     1600|
    |layer2_out_V_data_33_V_U   |        1|   36|   0|    -|   100|   16|     1600|
    |layer2_out_V_data_34_V_U   |        1|   36|   0|    -|   100|   16|     1600|
    |layer2_out_V_data_35_V_U   |        1|   36|   0|    -|   100|   16|     1600|
    |layer2_out_V_data_36_V_U   |        1|   36|   0|    -|   100|   16|     1600|
    |layer2_out_V_data_37_V_U   |        1|   36|   0|    -|   100|   16|     1600|
    |layer2_out_V_data_38_V_U   |        1|   36|   0|    -|   100|   16|     1600|
    |layer2_out_V_data_39_V_U   |        1|   36|   0|    -|   100|   16|     1600|
    |layer2_out_V_data_3_V_U    |        1|   36|   0|    -|   100|   16|     1600|
    |layer2_out_V_data_40_V_U   |        1|   36|   0|    -|   100|   16|     1600|
    |layer2_out_V_data_41_V_U   |        1|   36|   0|    -|   100|   16|     1600|
    |layer2_out_V_data_42_V_U   |        1|   36|   0|    -|   100|   16|     1600|
    |layer2_out_V_data_43_V_U   |        1|   36|   0|    -|   100|   16|     1600|
    |layer2_out_V_data_44_V_U   |        1|   36|   0|    -|   100|   16|     1600|
    |layer2_out_V_data_45_V_U   |        1|   36|   0|    -|   100|   16|     1600|
    |layer2_out_V_data_46_V_U   |        1|   36|   0|    -|   100|   16|     1600|
    |layer2_out_V_data_47_V_U   |        1|   36|   0|    -|   100|   16|     1600|
    |layer2_out_V_data_48_V_U   |        1|   36|   0|    -|   100|   16|     1600|
    |layer2_out_V_data_49_V_U   |        1|   36|   0|    -|   100|   16|     1600|
    |layer2_out_V_data_4_V_U    |        1|   36|   0|    -|   100|   16|     1600|
    |layer2_out_V_data_50_V_U   |        1|   36|   0|    -|   100|   16|     1600|
    |layer2_out_V_data_51_V_U   |        1|   36|   0|    -|   100|   16|     1600|
    |layer2_out_V_data_52_V_U   |        1|   36|   0|    -|   100|   16|     1600|
    |layer2_out_V_data_53_V_U   |        1|   36|   0|    -|   100|   16|     1600|
    |layer2_out_V_data_54_V_U   |        1|   36|   0|    -|   100|   16|     1600|
    |layer2_out_V_data_55_V_U   |        1|   36|   0|    -|   100|   16|     1600|
    |layer2_out_V_data_56_V_U   |        1|   36|   0|    -|   100|   16|     1600|
    |layer2_out_V_data_57_V_U   |        1|   36|   0|    -|   100|   16|     1600|
    |layer2_out_V_data_58_V_U   |        1|   36|   0|    -|   100|   16|     1600|
    |layer2_out_V_data_59_V_U   |        1|   36|   0|    -|   100|   16|     1600|
    |layer2_out_V_data_5_V_U    |        1|   36|   0|    -|   100|   16|     1600|
    |layer2_out_V_data_60_V_U   |        1|   36|   0|    -|   100|   16|     1600|
    |layer2_out_V_data_61_V_U   |        1|   36|   0|    -|   100|   16|     1600|
    |layer2_out_V_data_62_V_U   |        1|   36|   0|    -|   100|   16|     1600|
    |layer2_out_V_data_63_V_U   |        1|   36|   0|    -|   100|   16|     1600|
    |layer2_out_V_data_6_V_U    |        1|   36|   0|    -|   100|   16|     1600|
    |layer2_out_V_data_7_V_U    |        1|   36|   0|    -|   100|   16|     1600|
    |layer2_out_V_data_8_V_U    |        1|   36|   0|    -|   100|   16|     1600|
    |layer2_out_V_data_9_V_U    |        1|   36|   0|    -|   100|   16|     1600|
    |layer4_out_V_data_0_V_U    |        1|   26|   0|    -|   100|    6|      600|
    |layer4_out_V_data_10_V_U   |        1|   26|   0|    -|   100|    6|      600|
    |layer4_out_V_data_11_V_U   |        1|   26|   0|    -|   100|    6|      600|
    |layer4_out_V_data_12_V_U   |        1|   26|   0|    -|   100|    6|      600|
    |layer4_out_V_data_13_V_U   |        1|   26|   0|    -|   100|    6|      600|
    |layer4_out_V_data_14_V_U   |        1|   26|   0|    -|   100|    6|      600|
    |layer4_out_V_data_15_V_U   |        1|   26|   0|    -|   100|    6|      600|
    |layer4_out_V_data_16_V_U   |        1|   26|   0|    -|   100|    6|      600|
    |layer4_out_V_data_17_V_U   |        1|   26|   0|    -|   100|    6|      600|
    |layer4_out_V_data_18_V_U   |        1|   26|   0|    -|   100|    6|      600|
    |layer4_out_V_data_19_V_U   |        1|   26|   0|    -|   100|    6|      600|
    |layer4_out_V_data_1_V_U    |        1|   26|   0|    -|   100|    6|      600|
    |layer4_out_V_data_20_V_U   |        1|   26|   0|    -|   100|    6|      600|
    |layer4_out_V_data_21_V_U   |        1|   26|   0|    -|   100|    6|      600|
    |layer4_out_V_data_22_V_U   |        1|   26|   0|    -|   100|    6|      600|
    |layer4_out_V_data_23_V_U   |        1|   26|   0|    -|   100|    6|      600|
    |layer4_out_V_data_24_V_U   |        1|   26|   0|    -|   100|    6|      600|
    |layer4_out_V_data_25_V_U   |        1|   26|   0|    -|   100|    6|      600|
    |layer4_out_V_data_26_V_U   |        1|   26|   0|    -|   100|    6|      600|
    |layer4_out_V_data_27_V_U   |        1|   26|   0|    -|   100|    6|      600|
    |layer4_out_V_data_28_V_U   |        1|   26|   0|    -|   100|    6|      600|
    |layer4_out_V_data_29_V_U   |        1|   26|   0|    -|   100|    6|      600|
    |layer4_out_V_data_2_V_U    |        1|   26|   0|    -|   100|    6|      600|
    |layer4_out_V_data_30_V_U   |        1|   26|   0|    -|   100|    6|      600|
    |layer4_out_V_data_31_V_U   |        1|   26|   0|    -|   100|    6|      600|
    |layer4_out_V_data_32_V_U   |        1|   26|   0|    -|   100|    6|      600|
    |layer4_out_V_data_33_V_U   |        1|   26|   0|    -|   100|    6|      600|
    |layer4_out_V_data_34_V_U   |        1|   26|   0|    -|   100|    6|      600|
    |layer4_out_V_data_35_V_U   |        1|   26|   0|    -|   100|    6|      600|
    |layer4_out_V_data_36_V_U   |        1|   26|   0|    -|   100|    6|      600|
    |layer4_out_V_data_37_V_U   |        1|   26|   0|    -|   100|    6|      600|
    |layer4_out_V_data_38_V_U   |        1|   26|   0|    -|   100|    6|      600|
    |layer4_out_V_data_39_V_U   |        1|   26|   0|    -|   100|    6|      600|
    |layer4_out_V_data_3_V_U    |        1|   26|   0|    -|   100|    6|      600|
    |layer4_out_V_data_40_V_U   |        1|   26|   0|    -|   100|    6|      600|
    |layer4_out_V_data_41_V_U   |        1|   26|   0|    -|   100|    6|      600|
    |layer4_out_V_data_42_V_U   |        1|   26|   0|    -|   100|    6|      600|
    |layer4_out_V_data_43_V_U   |        1|   26|   0|    -|   100|    6|      600|
    |layer4_out_V_data_44_V_U   |        1|   26|   0|    -|   100|    6|      600|
    |layer4_out_V_data_45_V_U   |        1|   26|   0|    -|   100|    6|      600|
    |layer4_out_V_data_46_V_U   |        1|   26|   0|    -|   100|    6|      600|
    |layer4_out_V_data_47_V_U   |        1|   26|   0|    -|   100|    6|      600|
    |layer4_out_V_data_48_V_U   |        1|   26|   0|    -|   100|    6|      600|
    |layer4_out_V_data_49_V_U   |        1|   26|   0|    -|   100|    6|      600|
    |layer4_out_V_data_4_V_U    |        1|   26|   0|    -|   100|    6|      600|
    |layer4_out_V_data_50_V_U   |        1|   26|   0|    -|   100|    6|      600|
    |layer4_out_V_data_51_V_U   |        1|   26|   0|    -|   100|    6|      600|
    |layer4_out_V_data_52_V_U   |        1|   26|   0|    -|   100|    6|      600|
    |layer4_out_V_data_53_V_U   |        1|   26|   0|    -|   100|    6|      600|
    |layer4_out_V_data_54_V_U   |        1|   26|   0|    -|   100|    6|      600|
    |layer4_out_V_data_55_V_U   |        1|   26|   0|    -|   100|    6|      600|
    |layer4_out_V_data_56_V_U   |        1|   26|   0|    -|   100|    6|      600|
    |layer4_out_V_data_57_V_U   |        1|   26|   0|    -|   100|    6|      600|
    |layer4_out_V_data_58_V_U   |        1|   26|   0|    -|   100|    6|      600|
    |layer4_out_V_data_59_V_U   |        1|   26|   0|    -|   100|    6|      600|
    |layer4_out_V_data_5_V_U    |        1|   26|   0|    -|   100|    6|      600|
    |layer4_out_V_data_60_V_U   |        1|   26|   0|    -|   100|    6|      600|
    |layer4_out_V_data_61_V_U   |        1|   26|   0|    -|   100|    6|      600|
    |layer4_out_V_data_62_V_U   |        1|   26|   0|    -|   100|    6|      600|
    |layer4_out_V_data_63_V_U   |        1|   26|   0|    -|   100|    6|      600|
    |layer4_out_V_data_6_V_U    |        1|   26|   0|    -|   100|    6|      600|
    |layer4_out_V_data_7_V_U    |        1|   26|   0|    -|   100|    6|      600|
    |layer4_out_V_data_8_V_U    |        1|   26|   0|    -|   100|    6|      600|
    |layer4_out_V_data_9_V_U    |        1|   26|   0|    -|   100|    6|      600|
    |layer5_out_V_data_0_V_U    |        1|   36|   0|    -|   100|   16|     1600|
    |layer5_out_V_data_10_V_U   |        1|   36|   0|    -|   100|   16|     1600|
    |layer5_out_V_data_11_V_U   |        1|   36|   0|    -|   100|   16|     1600|
    |layer5_out_V_data_12_V_U   |        1|   36|   0|    -|   100|   16|     1600|
    |layer5_out_V_data_13_V_U   |        1|   36|   0|    -|   100|   16|     1600|
    |layer5_out_V_data_14_V_U   |        1|   36|   0|    -|   100|   16|     1600|
    |layer5_out_V_data_15_V_U   |        1|   36|   0|    -|   100|   16|     1600|
    |layer5_out_V_data_16_V_U   |        1|   36|   0|    -|   100|   16|     1600|
    |layer5_out_V_data_17_V_U   |        1|   36|   0|    -|   100|   16|     1600|
    |layer5_out_V_data_18_V_U   |        1|   36|   0|    -|   100|   16|     1600|
    |layer5_out_V_data_19_V_U   |        1|   36|   0|    -|   100|   16|     1600|
    |layer5_out_V_data_1_V_U    |        1|   36|   0|    -|   100|   16|     1600|
    |layer5_out_V_data_20_V_U   |        1|   36|   0|    -|   100|   16|     1600|
    |layer5_out_V_data_21_V_U   |        1|   36|   0|    -|   100|   16|     1600|
    |layer5_out_V_data_22_V_U   |        1|   36|   0|    -|   100|   16|     1600|
    |layer5_out_V_data_23_V_U   |        1|   36|   0|    -|   100|   16|     1600|
    |layer5_out_V_data_24_V_U   |        1|   36|   0|    -|   100|   16|     1600|
    |layer5_out_V_data_25_V_U   |        1|   36|   0|    -|   100|   16|     1600|
    |layer5_out_V_data_26_V_U   |        1|   36|   0|    -|   100|   16|     1600|
    |layer5_out_V_data_27_V_U   |        1|   36|   0|    -|   100|   16|     1600|
    |layer5_out_V_data_28_V_U   |        1|   36|   0|    -|   100|   16|     1600|
    |layer5_out_V_data_29_V_U   |        1|   36|   0|    -|   100|   16|     1600|
    |layer5_out_V_data_2_V_U    |        1|   36|   0|    -|   100|   16|     1600|
    |layer5_out_V_data_30_V_U   |        1|   36|   0|    -|   100|   16|     1600|
    |layer5_out_V_data_31_V_U   |        1|   36|   0|    -|   100|   16|     1600|
    |layer5_out_V_data_32_V_U   |        1|   36|   0|    -|   100|   16|     1600|
    |layer5_out_V_data_33_V_U   |        1|   36|   0|    -|   100|   16|     1600|
    |layer5_out_V_data_34_V_U   |        1|   36|   0|    -|   100|   16|     1600|
    |layer5_out_V_data_35_V_U   |        1|   36|   0|    -|   100|   16|     1600|
    |layer5_out_V_data_36_V_U   |        1|   36|   0|    -|   100|   16|     1600|
    |layer5_out_V_data_37_V_U   |        1|   36|   0|    -|   100|   16|     1600|
    |layer5_out_V_data_38_V_U   |        1|   36|   0|    -|   100|   16|     1600|
    |layer5_out_V_data_39_V_U   |        1|   36|   0|    -|   100|   16|     1600|
    |layer5_out_V_data_3_V_U    |        1|   36|   0|    -|   100|   16|     1600|
    |layer5_out_V_data_40_V_U   |        1|   36|   0|    -|   100|   16|     1600|
    |layer5_out_V_data_41_V_U   |        1|   36|   0|    -|   100|   16|     1600|
    |layer5_out_V_data_42_V_U   |        1|   36|   0|    -|   100|   16|     1600|
    |layer5_out_V_data_43_V_U   |        1|   36|   0|    -|   100|   16|     1600|
    |layer5_out_V_data_44_V_U   |        1|   36|   0|    -|   100|   16|     1600|
    |layer5_out_V_data_45_V_U   |        1|   36|   0|    -|   100|   16|     1600|
    |layer5_out_V_data_46_V_U   |        1|   36|   0|    -|   100|   16|     1600|
    |layer5_out_V_data_47_V_U   |        1|   36|   0|    -|   100|   16|     1600|
    |layer5_out_V_data_48_V_U   |        1|   36|   0|    -|   100|   16|     1600|
    |layer5_out_V_data_49_V_U   |        1|   36|   0|    -|   100|   16|     1600|
    |layer5_out_V_data_4_V_U    |        1|   36|   0|    -|   100|   16|     1600|
    |layer5_out_V_data_50_V_U   |        1|   36|   0|    -|   100|   16|     1600|
    |layer5_out_V_data_51_V_U   |        1|   36|   0|    -|   100|   16|     1600|
    |layer5_out_V_data_52_V_U   |        1|   36|   0|    -|   100|   16|     1600|
    |layer5_out_V_data_53_V_U   |        1|   36|   0|    -|   100|   16|     1600|
    |layer5_out_V_data_54_V_U   |        1|   36|   0|    -|   100|   16|     1600|
    |layer5_out_V_data_55_V_U   |        1|   36|   0|    -|   100|   16|     1600|
    |layer5_out_V_data_56_V_U   |        1|   36|   0|    -|   100|   16|     1600|
    |layer5_out_V_data_57_V_U   |        1|   36|   0|    -|   100|   16|     1600|
    |layer5_out_V_data_58_V_U   |        1|   36|   0|    -|   100|   16|     1600|
    |layer5_out_V_data_59_V_U   |        1|   36|   0|    -|   100|   16|     1600|
    |layer5_out_V_data_5_V_U    |        1|   36|   0|    -|   100|   16|     1600|
    |layer5_out_V_data_60_V_U   |        1|   36|   0|    -|   100|   16|     1600|
    |layer5_out_V_data_61_V_U   |        1|   36|   0|    -|   100|   16|     1600|
    |layer5_out_V_data_62_V_U   |        1|   36|   0|    -|   100|   16|     1600|
    |layer5_out_V_data_63_V_U   |        1|   36|   0|    -|   100|   16|     1600|
    |layer5_out_V_data_6_V_U    |        1|   36|   0|    -|   100|   16|     1600|
    |layer5_out_V_data_7_V_U    |        1|   36|   0|    -|   100|   16|     1600|
    |layer5_out_V_data_8_V_U    |        1|   36|   0|    -|   100|   16|     1600|
    |layer5_out_V_data_9_V_U    |        1|   36|   0|    -|   100|   16|     1600|
    |layer6_out_V_data_0_V_U    |        1|   36|   0|    -|   100|   16|     1600|
    |layer6_out_V_data_1_V_U    |        1|   36|   0|    -|   100|   16|     1600|
    |layer6_out_V_data_2_V_U    |        1|   36|   0|    -|   100|   16|     1600|
    |layer6_out_V_data_3_V_U    |        1|   36|   0|    -|   100|   16|     1600|
    |layer8_out_V_data_0_V_U    |        1|   26|   0|    -|   100|    6|      600|
    |layer8_out_V_data_1_V_U    |        1|   26|   0|    -|   100|    6|      600|
    |layer8_out_V_data_2_V_U    |        1|   26|   0|    -|   100|    6|      600|
    |layer8_out_V_data_3_V_U    |        1|   26|   0|    -|   100|    6|      600|
    |layer9_out_V_data_0_V_U    |        1|   36|   0|    -|   100|   16|     1600|
    |layer9_out_V_data_1_V_U    |        1|   36|   0|    -|   100|   16|     1600|
    |layer9_out_V_data_2_V_U    |        1|   36|   0|    -|   100|   16|     1600|
    |layer9_out_V_data_3_V_U    |        1|   36|   0|    -|   100|   16|     1600|
    +---------------------------+---------+-----+----+-----+------+-----+---------+
    |Total                      |      312|10148|   0|    0| 31200| 3908|   390800|
    +---------------------------+---------+-----+----+-----+------+-----+---------+

    * Expression: 
    +--------------+----------+-------+---+----+------------+------------+
    | Variable Name| Operation| DSP48E| FF| LUT| Bitwidth P0| Bitwidth P1|
    +--------------+----------+-------+---+----+------------+------------+
    |ap_idle       |    and   |      0|  0|   2|           1|           1|
    +--------------+----------+-------+---+----+------------+------------+
    |Total         |          |      0|  0|   2|           1|           1|
    +--------------+----------+-------+---+----+------------+------------+

    * Multiplexer: 
    N/A

    * Register: 
    N/A



================================================================
== Interface
================================================================
* Summary: 
+-------------------------------+-----+-----+------------+------------------------+--------------+
|           RTL Ports           | Dir | Bits|  Protocol  |      Source Object     |    C Type    |
+-------------------------------+-----+-----+------------+------------------------+--------------+
|input_7_V_data_0_V_TDATA       |  in |   16|    axis    |   input_7_V_data_0_V   |    pointer   |
|input_7_V_data_0_V_TVALID      |  in |    1|    axis    |   input_7_V_data_0_V   |    pointer   |
|input_7_V_data_0_V_TREADY      | out |    1|    axis    |   input_7_V_data_0_V   |    pointer   |
|input_7_V_data_1_V_TDATA       |  in |   16|    axis    |   input_7_V_data_1_V   |    pointer   |
|input_7_V_data_1_V_TVALID      |  in |    1|    axis    |   input_7_V_data_1_V   |    pointer   |
|input_7_V_data_1_V_TREADY      | out |    1|    axis    |   input_7_V_data_1_V   |    pointer   |
|input_7_V_data_2_V_TDATA       |  in |   16|    axis    |   input_7_V_data_2_V   |    pointer   |
|input_7_V_data_2_V_TVALID      |  in |    1|    axis    |   input_7_V_data_2_V   |    pointer   |
|input_7_V_data_2_V_TREADY      | out |    1|    axis    |   input_7_V_data_2_V   |    pointer   |
|layer24_out_V_data_0_V_TDATA   | out |   16|    axis    | layer24_out_V_data_0_V |    pointer   |
|layer24_out_V_data_0_V_TVALID  | out |    1|    axis    | layer24_out_V_data_0_V |    pointer   |
|layer24_out_V_data_0_V_TREADY  |  in |    1|    axis    | layer24_out_V_data_0_V |    pointer   |
|layer24_out_V_data_1_V_TDATA   | out |   16|    axis    | layer24_out_V_data_1_V |    pointer   |
|layer24_out_V_data_1_V_TVALID  | out |    1|    axis    | layer24_out_V_data_1_V |    pointer   |
|layer24_out_V_data_1_V_TREADY  |  in |    1|    axis    | layer24_out_V_data_1_V |    pointer   |
|layer24_out_V_data_2_V_TDATA   | out |   16|    axis    | layer24_out_V_data_2_V |    pointer   |
|layer24_out_V_data_2_V_TVALID  | out |    1|    axis    | layer24_out_V_data_2_V |    pointer   |
|layer24_out_V_data_2_V_TREADY  |  in |    1|    axis    | layer24_out_V_data_2_V |    pointer   |
|ap_clk                         |  in |    1| ap_ctrl_hs |        myproject       | return value |
|ap_rst_n                       |  in |    1| ap_ctrl_hs |        myproject       | return value |
|ap_start                       |  in |    1| ap_ctrl_hs |        myproject       | return value |
|ap_done                        | out |    1| ap_ctrl_hs |        myproject       | return value |
|ap_ready                       | out |    1| ap_ctrl_hs |        myproject       | return value |
|ap_idle                        | out |    1| ap_ctrl_hs |        myproject       | return value |
+-------------------------------+-----+-----+------------+------------------------+--------------+

